[c0001:11506] mca_base_component_repository_open: unable to open mca_oob_ud: libosmcomp.so.3: cannot open shared object file: No such file or directory (ignored)
[c0008:26500] mca_base_component_repository_open: unable to open mca_oob_ud: libosmcomp.so.3: cannot open shared object file: No such file or directory (ignored)
[c0012:37170] mca_base_component_repository_open: unable to open mca_oob_ud: libosmcomp.so.3: cannot open shared object file: No such file or directory (ignored)
[c0008:26500] mca_base_component_repository_open: unable to open mca_btl_openib: libosmcomp.so.3: cannot open shared object file: No such file or directory (ignored)
[c0012:37170] mca_base_component_repository_open: unable to open mca_btl_openib: libosmcomp.so.3: cannot open shared object file: No such file or directory (ignored)
[c0009:38011] mca_base_component_repository_open: unable to open mca_oob_ud: libosmcomp.so.3: cannot open shared object file: No such file or directory (ignored)
[c0010:01837] mca_base_component_repository_open: unable to open mca_oob_ud: libosmcomp.so.3: cannot open shared object file: No such file or directory (ignored)
[c0006:18092] mca_base_component_repository_open: unable to open mca_oob_ud: libosmcomp.so.3: cannot open shared object file: No such file or directory (ignored)
[c0001:11527] mca_base_component_repository_open: unable to open mca_oob_ud: libosmcomp.so.3: cannot open shared object file: No such file or directory (ignored)
[c0009:38011] mca_base_component_repository_open: unable to open mca_btl_openib: libosmcomp.so.3: cannot open shared object file: No such file or directory (ignored)
[c0010:01837] mca_base_component_repository_open: unable to open mca_btl_openib: libosmcomp.so.3: cannot open shared object file: No such file or directory (ignored)
[c0006:18092] mca_base_component_repository_open: unable to open mca_btl_openib: libosmcomp.so.3: cannot open shared object file: No such file or directory (ignored)
[c0001:11527] mca_base_component_repository_open: unable to open mca_btl_openib: libosmcomp.so.3: cannot open shared object file: No such file or directory (ignored)
[c0011:48308] mca_base_component_repository_open: unable to open mca_oob_ud: libosmcomp.so.3: cannot open shared object file: No such file or directory (ignored)
[c0004:21629] mca_base_component_repository_open: unable to open mca_oob_ud: libosmcomp.so.3: cannot open shared object file: No such file or directory (ignored)
[c0011:48308] mca_base_component_repository_open: unable to open mca_btl_openib: libosmcomp.so.3: cannot open shared object file: No such file or directory (ignored)
[c0007:06933] mca_base_component_repository_open: unable to open mca_oob_ud: libosmcomp.so.3: cannot open shared object file: No such file or directory (ignored)
[c0004:21629] mca_base_component_repository_open: unable to open mca_btl_openib: libosmcomp.so.3: cannot open shared object file: No such file or directory (ignored)
[c0007:06933] mca_base_component_repository_open: unable to open mca_btl_openib: libosmcomp.so.3: cannot open shared object file: No such file or directory (ignored)
[c0005:06835] mca_base_component_repository_open: unable to open mca_oob_ud: libosmcomp.so.3: cannot open shared object file: No such file or directory (ignored)
[c0002:12029] mca_base_component_repository_open: unable to open mca_oob_ud: libosmcomp.so.3: cannot open shared object file: No such file or directory (ignored)
[c0005:06835] mca_base_component_repository_open: unable to open mca_btl_openib: libosmcomp.so.3: cannot open shared object file: No such file or directory (ignored)
[c0003:25933] mca_base_component_repository_open: unable to open mca_oob_ud: libosmcomp.so.3: cannot open shared object file: No such file or directory (ignored)
[c0002:12029] mca_base_component_repository_open: unable to open mca_btl_openib: libosmcomp.so.3: cannot open shared object file: No such file or directory (ignored)
[c0003:25933] mca_base_component_repository_open: unable to open mca_btl_openib: libosmcomp.so.3: cannot open shared object file: No such file or directory (ignored)

real	125m49.170s
user	28m51.521s
sys	96m57.035s
