standard C library=  None
setBorgLibrary=  None
standard C library=  None
setBorgLibrary=  None
standard C library=  None
setBorgLibrary=  None
standard C library=  None
setBorgLibrary=  None
standard C library=  None
setBorgLibrary=  None
standard C library=  None
setBorgLibrary=  None
standard C library=  None
setBorgLibrary=  None
standard C library=  None
setBorgLibrary=  None
standard C library=  None
setBorgLibrary=  None
standard C library=  None
setBorgLibrary=  None
standard C library=  None
setBorgLibrary=  None
standard C library=  None
setBorgLibrary=  None
setBorgLibrary=  ./libborgmm.so
setBorgLibrary=  ./libborgms.so
setBorgLibrary=  ./libborgmm.so
setBorgLibrary=  ./libborgms.so
setBorgLibrary=  ./libborgmm.so
setBorgLibrary=  ./libborgmm.so
setBorgLibrary=  ./libborgms.so
setBorgLibrary=  ./libborgms.so
setBorgLibrary=  ./libborgmm.so
setBorgLibrary=  ./libborgms.so
setBorgLibrary=  ./libborgmm.so
setBorgLibrary=  ./libborgms.so
setBorgLibrary=  ./libborgmm.so
setBorgLibrary=  ./libborgmm.so
setBorgLibrary=  ./libborgms.so
setBorgLibrary=  ./libborgms.so
setBorgLibrary=  ./libborgmm.so
setBorgLibrary=  ./libborgms.so
setBorgLibrary=  ./libborgmm.so
setBorgLibrary=  ./libborgms.so
setBorgLibrary=  ./libborgmm.so
setBorgLibrary=  ./libborgms.so
setBorgLibrary=  ./libborgmm.so
setBorgLibrary=  ./libborgms.so
0.4465831578538714 2.0 0.007018047897830171 0.6995376400785774 1.7881404466411959 0.6835981324683598 -0.3400335650605535 0.24705348094975219 -0.9945286195286195 -1.0 0.0
0.6039996981170979 1.3460738462335928 0.8570633551238718 0.37388369915887476 1.5350845643934647 0.9735089240265908 -0.29146021444131437 0.1896132863321647 -1.0 -1.0 0.0
0.4091687082961987 1.960250452072103 0.41837174653694853 0.40237076551562423 0.6959034208615877 1.0 -0.3316457849633816 0.20906998615476405 -0.98989898989899 -1.0 0.0
0.5333151170632193 1.3446634308599024 0.42824718744466445 0.2850635796050606 0.25398498806362213 0.1946994429780981 -0.34156750481778514 0.21564652719381694 -0.98989898989899 -1.0 0.0
0.49885072143392495 0.9338769427645536 0.30720792162599686 0.21996823037769364 1.7904176043349431 0.7352798396570794 -0.25708636471868246 0.16992618603017143 -1.0 -1.0 0.0
0.7993901418774056 1.7115285037773411 0.44418917458571006 0.07546405322904468 1.1268431456185657 0.5207458522780091 -0.40151378313997915 1.4780933482373764 -1.0 -0.8804166666666666 0.0
0.4465831578538714 2.0 0.0048245596008043845 0.6876768645015692 1.8069888520470991 0.17196020528533473 -0.33014655782927305 0.227354207108845 -1.0 -1.0 0.0
0.39842948854462473 0.9338769427645536 0.7439626624661916 0.2205232998713091 1.7904176043349431 0.6896726240606663 -0.20525649721655212 0.14771530479065845 -1.0 -1.0 0.0
0.49448053109498113 1.3546238561042643 0.2695051471864584 0.2686445956483435 0.08976126166067222 0.19571398556432945 -0.38180320728667194 0.2859217783408417 -0.9814814814814815 -0.9810416666666667 0.0
0.649732163573316 1.8862410594150087 0.2365674594792913 0.2870728829440857 0.08864001887631036 0.18842385205481108 -0.5091294113933902 0.5199130647617954 -0.9894781144781145 -0.88625 0.0
0.4942190364804995 1.394541304122518 0.8805066159180542 0.17270972939735374 0.11358651688239084 0.1822118129950667 -0.2510195149245052 0.15996652081534138 -0.98989898989899 -1.0 0.0
0.39842948854462473 0.9338769427645536 0.8593310833347869 0.10748397805134526 1.7894115105931296 0.6970452923119115 -0.21132190117522018 0.14973740775854405 -0.9970538720538721 -1.0 0.0
0.5328603536372307 1.341077921939809 0.8261590518402003 0.2932749160245228 1.6598639252427592 0.2754302788782104 -0.27540932195129614 0.17956513413262198 -1.0 -1.0 0.0
0.7993901418774056 1.713805096043582 0.44406197928013863 0.07773796632380374 1.1295567821540393 0.5204743672584792 -0.37639601753782265 1.041499872120221 -1.0 -0.925 0.0
0.80219286834569 1.7115285037773411 0.44406197928013863 0.07773796632380374 1.1365925555190821 0.5204743672584792 -0.41247531036412943 1.609872125896925 -1.0 -0.8610416666666667 0.0
0.49521452544190797 1.8475357616015642 0.25490053575054616 0.26869454768564194 0.08976126166067222 0.19571398556432945 -0.38065370646150914 0.2848423193634613 -0.9766414141414141 -0.9814583333333333 0.0
0.80219286834569 1.7194400121348108 0.44406197928013863 0.07773796632380374 1.1365925555190821 0.5204743672584792 -0.38014330176443467 1.1156071575658975 -1.0 -0.9172916666666666 0.0
0.49455644024711337 1.3836885493224689 0.24698580572881634 0.31347088501418396 0.5044466564648142 0.6224465453961567 -0.3053718621749633 0.18776134396983366 -0.98989898989899 -1.0 0.0
0.5002759273889857 0.9303125509368858 0.8725631971115343 0.2913125245826869 0.0680341240943488 0.2526378741066871 -0.5083183846592091 0.5305745781009925 -0.98989898989899 -0.885 0.0
0.5335983181158971 1.3738276223775594 0.24771383954564774 0.26951249646241765 0.08976126166067222 0.1946196666141506 -0.5422727264122349 0.5471781867226172 -0.9829545454545454 -0.86625 0.0
0.8146256074469882 1.7105658125455059 0.426158887774752 0.30140090158435107 0.11529877923954274 0.7621301130984383 -0.3859703365097385 0.36706800274510093 -0.98989898989899 -0.9664583333333333 0.0
0.5140723026267995 1.6313033376685573 0.7363173425441858 0.2871427482430494 0.07934669665364069 0.2602837796269045 -0.4269099385379494 0.3883211750370406 -0.9892676767676768 -0.944375 0.0
0.7599278164110237 1.9722728085021424 0.4500344052096647 0.28824798898150455 1.6456440992560923 0.0031000362068919762 -0.3400199510380066 0.2678335277055073 -1.0 -1.0 0.0
0.6245474409928358 1.3444073738878743 0.8693863186489091 0.3453153891406343 1.8351632341370472 0.9702593958529613 -0.30470708406970903 0.19949757047683403 -1.0 -1.0 0.0
0.5002759273889857 0.9307141940062363 0.8714207543212196 0.2913125245826869 0.06792766122767682 0.25299197706881316 -0.5303017815141405 0.573196344556041 -0.98989898989899 -0.8677083333333333 0.0
0.4952873622777798 1.3745914952632392 0.2695051471864584 0.2686445956483435 0.08976126166067222 0.19571398556432945 -0.38149459071228414 0.285837893775727 -0.9808501683501684 -0.98125 0.0
0.8146256074469882 1.7112059679751734 0.43709842223707185 0.2971251098909692 0.11529877923954274 0.7451887485820099 -0.4470994401455721 0.4484999771488356 -0.98989898989899 -0.925625 0.0
0.49521452544190797 1.8475357616015642 0.25546405011194606 0.26869454768564194 0.08976126166067222 0.19571398556432945 -0.37944672189581463 0.2848300396064934 -0.9768518518518519 -0.981875 0.0
0.5053927375852614 1.3716908177096294 0.31213030599305924 0.2870728829440857 0.10661644514882951 0.6638440115214337 -0.43016948000054156 0.38832645685055384 -0.9880050505050505 -0.9433333333333334 0.0
0.49448053109498113 0.9307467643603637 0.25648597380492405 0.2104465295140805 0.08976126166067222 0.26287646073928256 -0.4371936085498751 0.38077137281174345 -0.98989898989899 -0.9247916666666667 0.0
0.49895470997477565 0.9197408670906253 0.8725631971115343 0.29138964564053066 0.08067095002182263 0.2526378741066871 -0.450307512679562 0.4432333332649956 -0.98989898989899 -0.9254166666666667 0.0
0.8146256074469882 1.7105658125455059 0.43709842223707185 0.2915035305377001 0.11529877923954274 0.7621301130984383 -0.5279032495866199 0.5709925490883162 -0.98989898989899 -0.86875 0.0
0.8009191961403064 1.630328795530316 0.28505174848639386 0.2971251098909692 0.12235987321300101 0.7591275642934342 -0.39115197871819585 0.35915233423276643 -0.98989898989899 -0.965625 0.0
0.49620052230268236 1.5687966435508323 0.2503289777421449 0.2851421699966625 0.08633268862424277 0.147729507089426 -0.46011111164743607 0.4298748643087263 -0.9877946127946128 -0.923125 0.0
0.4988166937620428 0.9197408670906253 0.8806138695376557 0.28565024397675254 0.08067095002182263 0.25473280996143505 -0.5065811615728952 0.5242531319601839 -0.9896885521885522 -0.8864583333333333 0.0
0.4942377223274303 0.9524589473092868 0.14133022822004981 0.2870514895596354 0.10670508393803059 0.13363314774089977 -0.4003598971245372 0.34691722942898756 -0.9896885521885522 -0.9635416666666666 0.0
0.7030471392687555 1.876476736929647 0.44702077854389666 0.20861411274113925 0.08787629287704801 0.26287646073928256 -0.37566471904161913 0.28275879913328006 -0.98989898989899 -0.9616666666666667 0.0
0.4936771254726932 1.6313033376685573 0.4216792690200647 0.2852441073092759 0.09361674780386187 0.5060578418882221 -0.5100790892402055 0.5166971651464868 -0.9852693602693603 -0.8858333333333334 0.0
0.5011691069525881 1.3738276223775594 0.5740192225017053 0.2691391326945515 0.1261205068159354 0.1946196666141506 -0.3501811742488618 0.2272551815310885 -0.98989898989899 -1.0 0.0
0.4959136088020535 0.9323926732330993 0.39145653814120046 0.2852318609373933 0.09339891350368068 0.2091831650185623 -0.480076723872979 0.47729112712693705 -0.9896885521885522 -0.9058333333333334 0.0
0.5355943926915466 0.9307467643603637 0.25648597380492405 0.21047616366291944 0.0935478164119963 0.5192770510619498 -0.491195198116437 0.46890635725983115 -0.98989898989899 -0.8866666666666667 0.0
0.49531306722084645 0.9507007996355504 0.9965491624358765 0.2851421699966625 0.08114117986485556 0.2509130560098332 -0.4529134816243893 0.43563878085806323 -0.9894781144781145 -0.9252083333333333 0.0
0.4897652487601604 1.3964758520244558 0.4471946006034359 0.2816194936652152 0.08785451573029907 0.219627326427403 -0.3801196233253346 0.29987473254372043 -0.9888468013468014 -0.9808333333333333 0.0
0.46186673158555774 0.9193748000128609 0.4226172568248299 0.2913692897998723 0.08064774616357542 0.1793004899628733 -0.43004506109334134 0.3961225818357208 -0.9896885521885522 -0.9429166666666666 0.0
0.5172340671574956 1.5990193913393314 0.9965491624358765 0.2855187715232971 0.08618444344640241 0.7155268843816013 -0.5106980424863736 0.5173382383874634 -0.9873737373737373 -0.885625 0.0
0.47658307169706404 0.8915036940140431 0.25649248928233914 0.28711690934617395 0.08864001887631036 0.18842385205481108 -0.5336438588471522 0.5646376107652405 -0.9896885521885522 -0.8675 0.0
0.5128068058297499 0.9473966028049148 0.2547687171907593 0.2908789126404871 0.08924379479776612 0.17917231545467846 -0.48065990719517043 0.4844684992362176 -0.98989898989899 -0.9052083333333333 0.0
0.499065029956553 0.9405157715172681 0.8725631971115343 0.27367173294898295 0.0811532667866692 0.2467112880015755 -0.45879383904547794 0.4290028306883709 -0.9846380471380471 -0.9245833333333333 0.0
0.4880973833833498 0.9519817866863137 0.25612380754622 0.2908878502637663 0.10585536833742179 0.20291087656150444 -0.3727729828221766 0.30697655525378476 -0.9896885521885522 -0.9827083333333333 0.0
0.4950426867712263 1.0173229472019782 0.1105704553909791 0.2870961891940155 0.10597913584463514 0.17466582744912015 -0.43055002316446656 0.3895414494853627 -0.9894781144781145 -0.943125 0.0
0.501336700748293 1.962846599044941 0.7645723824750719 0.2910348210851641 0.07445395549345288 0.19449222183061787 -0.39775346385187266 0.3476327113596027 -0.9892676767676768 -0.9641666666666666 0.0
0.8013561716565608 1.8577465932891493 0.23584379278394835 0.24175629401509352 0.10156387389610322 0.19527641050001943 -0.36236187700039685 0.3203582330185486 -0.98989898989899 -0.986875 0.0
0.5262417716250977 1.6534668867333753 0.11113001662237841 0.2686887672937702 0.09849065646592603 0.1946196666141506 -0.5397115042956154 0.5455219689048539 -0.9770622895622896 -0.8672916666666667 0.0
0.4880973833833498 0.9519817866863137 0.2424720671213779 0.2908878502637663 0.10585536833742179 0.20748407513297004 -0.37363961041955474 0.30709549979118794 -0.98989898989899 -0.9822916666666667 0.0
0.80219286834569 1.867471626293322 0.4431951030888393 0.0712593508028852 1.1210622526766827 0.2965842246982272 -0.361760181604239 0.8121250477812684 -1.0 -0.9472916666666666 0.0
0.5123526279305315 0.9473966028049148 0.2547687171907593 0.2908789126404871 0.08924379479776612 0.1793358760793382 -0.479941803686236 0.48440611339122647 -0.98989898989899 -0.9054166666666666 0.0
0.5024899030025665 1.7098369052353206 0.01807368081429872 0.2846563329275443 0.39148696311644615 0.7628690060082604 -0.31039011470926176 0.18962783878399972 -0.9797979797979798 -1.0 0.0
0.47620015944623345 0.8900198877535663 0.25649248928233914 0.28711690934617395 0.08645735284223424 0.18842385205481108 -0.5406358193676448 0.5651296243865215 -0.9896885521885522 -0.865 0.0
0.5179774307819609 1.3974586989343567 0.9965491624358765 0.2851421699966625 0.08862711779814572 0.7419707877175152 -0.5136671065943429 0.5171437635959012 -0.9894781144781145 -0.8847916666666666 0.0
0.7993901418774056 1.7115285037773411 0.46191870089720716 0.07546405322904468 1.1268431456185657 0.5469826479934847 -0.39052745219328217 1.2971017792652233 -1.0 -0.8995833333333333 0.0
0.49455595741660086 1.6306581938100304 0.7265248578898025 0.2852441073092759 0.3335755303168217 0.2581188170756216 -0.2920906609931304 0.17986517300548358 -0.98989898989899 -1.0 0.0
0.49090375457771807 1.1606551069459548 0.7577875002764664 0.28159975045922864 1.6564515037031136 0.7545899826941529 -0.23402309583775016 0.15997688374638055 -1.0 -1.0 0.0
0.8143867918963219 1.7051244779118848 0.4480744476555265 0.28363421138410244 0.1222054076778349 0.7451887485820099 -0.5501547923394604 0.6070857501659284 -0.9880050505050505 -0.8522916666666667 0.0
0.4465831578538714 1.961976920812453 0.0048245596008043845 0.6467274098135322 1.7021928950214265 0.1667268556049462 -0.3218688669329375 0.2153423710405403 -1.0 -1.0 0.0
0.39946477755187226 2.0 0.06428342402021424 0.7302251949472818 1.829477213877813 0.6614298853297765 -0.34088642590998725 0.2568798653587812 -0.9993686868686869 -1.0 0.0
0.5335983181158971 1.374459998842891 0.2600588039996238 0.26942252906552583 0.08976126166067222 0.1946196666141506 -0.4095733499742053 0.33128319731122774 -0.98253367003367 -0.9616666666666667 0.0
0.4771074499681895 0.8887660790867942 0.4204456504988735 0.2870573640363257 0.08664452361085338 0.1754658527784644 -0.45626373177041774 0.436082330174196 -0.98989898989899 -0.9239583333333333 0.0
0.4988166937620428 0.9197408670906253 0.8493094610397043 0.28565024397675254 0.08062740341201369 0.1835742770653065 -0.44925242826156303 0.4391603192893932 -0.9894781144781145 -0.92625 0.0
0.5008829019941042 0.9405157715172681 0.8843158955528734 0.27367173294898295 0.0811532667866692 0.2467112880015755 -0.4796491069504338 0.4725538868711559 -0.9846380471380471 -0.9072916666666667 0.0
0.49065521508460064 1.3839331688965621 0.4506838187943738 0.15336065793800302 0.07917711186186636 0.21052194239816122 -0.2259624134262002 0.14958247236036407 -0.98989898989899 -1.0 0.0
0.49475866108875793 0.9405157715172681 0.8843158955528734 0.27367173294898295 0.0811532667866692 0.2507620591788722 -0.43199625086574295 0.384930395008459 -0.9844276094276094 -0.9439583333333333 0.0
0.5335983181158971 1.3738276223775594 0.2600588039996238 0.2700759502216961 0.08976126166067222 0.19457187066759069 -0.5151044369831485 0.50441868775863 -0.9831649831649831 -0.885625 0.0
0.48458256092070634 1.9324898061650122 0.44217939666630046 0.2917562630942799 0.07991863920581477 0.1682411617316963 -0.39493529673141814 0.349105142661764 -0.9880050505050505 -0.9652083333333333 0.0
0.49620052230268236 1.3455919830003906 0.2503289777421449 0.2851421699966625 0.08633268862424277 0.147729507089426 -0.46095886605710196 0.4306747927309302 -0.9894781144781145 -0.9229166666666667 0.0
0.4993053437759686 0.9357754560672149 0.8582965413918331 0.27367173294898295 0.0811532667866692 0.24810124241622755 -0.531956334414891 0.5582150196033733 -0.9846380471380471 -0.8695833333333334 0.0
0.19618319575738064 1.2541235658076277 0.263987339104205 0.2944505198360905 0.4879072639076384 0.8006646370501328 -0.27263182898102106 0.16963115645706983 -0.98989898989899 -1.0 0.0
0.5355943926915466 0.9916055849597099 0.25648597380492405 0.21047616366291944 0.0935478164119963 0.5192770510619498 -0.3811334775360246 0.28702387692530734 -0.98989898989899 -0.9614583333333333 0.0
0.5082044110231333 1.3583152874258813 0.4515346677017416 0.7302251949472818 1.9576081577278335 0.6614298853297765 -0.31473858862403004 0.20831667376732743 -1.0 -1.0 0.0
0.8143867918963219 1.7030805069710118 0.4359286560259366 0.28363421138410244 0.1222054076778349 0.7451887485820099 -0.5279105584598888 0.5640024851776004 -0.9882154882154882 -0.87 0.0
0.49448053109498113 0.9307467643603637 0.21156456256554568 0.21303560888976095 0.08976126166067222 0.26287646073928256 -0.38199378898813197 0.2907237966811072 -0.98989898989899 -0.9625 0.0
0.5008829019941042 0.9405157715172681 0.8843158955528734 0.27367173294898295 0.0811532667866692 0.24841442921606816 -0.4811621617695767 0.47253556472873665 -0.9846380471380471 -0.906875 0.0
0.8143867918963219 1.7093316516035804 0.4253678394828862 0.2975676809789333 0.1222054076778349 0.7037096341847697 -0.41810580678610965 0.4057107798174915 -0.98989898989899 -0.945625 0.0
0.5089847641016894 0.9758966846196322 0.25644198803254803 0.2079203716686432 0.09122715979408991 0.5267535838005346 -0.3995016365406281 0.32613092597812615 -0.98989898989899 -0.943125 0.0
0.5013756466354758 0.9252813722129997 0.4478682773545114 0.2928846372504237 0.09005172417109912 0.1925167155901043 -0.42114541890006985 0.40014064272484756 -0.98989898989899 -0.9454166666666667 0.0
0.48431564728271786 0.9380557136083075 0.11697413842848314 0.2917562630942799 0.07991863920581477 0.0452519066271493 -0.4301320341324934 0.3982432457801924 -0.98989898989899 -0.9427083333333334 0.0
0.7181871034900027 1.876476736929647 0.4591114082500835 0.20861411274113925 0.08787629287704801 0.2602851897138183 -0.42561914504315407 0.3737283498610473 -0.98989898989899 -0.92625 0.0
0.8009191961403064 1.630328795530316 0.28505174848639386 0.2753372344842122 0.12235987321300101 0.7591275642934342 -0.38095884131025537 0.2958906284088221 -0.9831649831649831 -0.9814583333333333 0.0
0.8143867918963219 1.6790354981227908 0.2596108019347726 0.2839764250312886 0.1222054076778349 0.7451887485820099 -0.5064226509379307 0.5174486513764979 -0.9892676767676768 -0.8872916666666667 0.0
0.5311186353910193 1.3446634308599024 0.7304539316451311 0.2852326101563211 0.34952051753730196 0.18800255750009062 -0.3202197475296541 0.19926778521154864 -0.98989898989899 -1.0 0.0
0.7939647659730524 1.7051244779118848 0.2453052384115836 0.29105514004512756 0.1222054076778349 0.7451887485820099 -0.4031263073861395 0.3509561823524974 -0.98989898989899 -0.9622916666666667 0.0
0.5079131431503687 1.37346575392332 0.47849412064012425 0.2700759502216961 0.07140068839727065 0.12313433964480164 -0.38294622301488906 0.28837330741297007 -0.98253367003367 -0.9808333333333333 0.0
0.8143867918963219 1.7093316516035804 0.4420809915605591 0.29683536614705736 0.09321158455200834 0.7037096341847697 -0.5487681837769947 0.6222268147580898 -0.98989898989899 -0.8502083333333333 0.0
0.49448053109498113 1.353606177372374 0.2695051471864584 0.27117698104817606 0.08976126166067222 0.19509759635965085 -0.4624772587062529 0.41800340809276065 -0.9831649831649831 -0.9235416666666667 0.0
-0.04752949077286747 0.9758966846196322 0.25644198803254803 0.20950070326089798 0.09122715979408991 0.5267535838005346 -0.3694035431839662 0.2775870932296956 -0.9894781144781145 -0.9614583333333333 0.0
0.5348099702797802 0.9688951236156427 0.24300779101948178 0.2908878502637663 0.10585536833742179 0.20748407513297004 -0.4244550857983868 0.39817576399500293 -0.98989898989899 -0.944375 0.0
0.4921382847811171 0.9758966846196322 0.4108492704090278 0.2053889486194576 0.09122715979408991 0.7017365727722645 -0.4801332093570425 0.4564305097074301 -0.98989898989899 -0.885 0.0
0.46196758304954283 0.9569464758214931 0.4233316236192569 0.2908789126404871 0.08863618019594316 0.17917231545467846 -0.3994080910240096 0.34993895581447343 -0.98989898989899 -0.9635416666666666 0.0
0.4847966042842288 1.3759621378011977 0.44217939666630046 0.2917562630942799 0.07991863920581477 0.16803069374205723 -0.4239038161118583 0.3931409580364458 -0.9894781144781145 -0.9452083333333333 0.0
0.5173304020467462 1.3965442795495315 0.9965491624358765 0.2855187715232971 0.08618444344640241 0.7155268843816013 -0.5405577928540307 0.5608836807565832 -0.9892676767676768 -0.8654166666666666 0.0
0.5349689173858783 0.9757775248020883 0.25648597380492405 0.21047616366291944 0.09358524786000132 0.5266107618828713 -0.4068220305432167 0.33185275069871883 -0.98989898989899 -0.9433333333333334 0.0
0.5096102394073576 0.964820389282901 0.25644198803254803 0.2079203716686432 0.0911897283460849 0.5194198729796131 -0.40267531389535455 0.32692283723326804 -0.98989898989899 -0.9422916666666666 0.0
0.48551661906874727 0.8624139228372618 0.23900415003846687 0.28769842515444644 0.08968858400582605 0.18842385205481108 -0.5382031303320814 0.5664737679548222 -0.98989898989899 -0.8658333333333333 0.0
0.7993901418774056 1.7115285037773411 0.43583150058730186 0.07546405322904468 1.1268431456185657 0.5469826479934847 -0.3529765211749205 0.62237390390447 -1.0 -0.9641666666666666 0.0
0.4993053437759686 0.9357754560672149 0.8582965413918331 0.27367173294898295 0.08230361591373193 0.24506466536521646 -0.42890571327853877 0.38636579071704746 -0.984006734006734 -0.9447916666666667 0.0
0.8150395403505919 1.6284140719250924 0.426097945191429 0.2753372344842122 0.12235987321300101 0.7621466037710936 -0.41747272071189007 0.38949728100366804 -0.98253367003367 -0.949375 0.0
0.4847966042842288 0.9294024234418323 0.44217939666630046 0.2917562630942799 0.09067614345195221 0.16803069374205723 -0.37235137039007693 0.3103832686162418 -0.98989898989899 -0.9825 0.0
0.5096102394073576 1.411888608733129 0.25644198803254803 0.2079203716686432 0.08043222409994746 0.5194198729796131 -0.3715258001352137 0.27880618411666175 -0.9829545454545454 -0.9610416666666667 0.0
0.4771074499681895 0.8887660790867942 0.21760460207137533 0.2123659341852137 0.08664452361085338 0.17884103488292322 -0.4147373107797631 0.34006829984644665 -0.98989898989899 -0.9435416666666666 0.0
0.4853350936466706 0.8216899356496945 0.23232672367928187 0.2870726691614679 0.1153249270870321 0.7599248683896876 -0.42788052788375025 0.38929143232964103 -0.9896885521885522 -0.94375 0.0
0.5335983181158971 1.374754377941847 0.24792575931597166 0.2686887672937702 0.08976126166067222 0.1946196666141506 -0.40833964452478844 0.3307566149951155 -0.9823232323232324 -0.9620833333333333 0.0
0.5355943926915466 0.933777544013057 0.25648597380492405 0.21075134647890906 0.0935478164119963 0.5192770510619498 -0.4874132306132144 0.4686240714358542 -0.98989898989899 -0.8877083333333333 0.0
0.5091249626802291 1.3603902407472834 0.24804250585173576 0.2008259198053189 0.0911515238484973 0.20935620963646204 -0.46438767832716343 0.44772971903678277 -0.98989898989899 -0.88625 0.0
0.7885099262716351 1.9879254583330592 0.8169807935290674 0.33357488474233127 1.0315532973111503 0.013896647320779831 -0.3600011065764795 1.4468301315686476 -0.9987373737373737 -0.8708333333333333 0.0
0.28925836514711556 0.3455525291651512 0.18649819336291387 0.35548175713128893 0.8316514475434292 0.8051008617540287 -0.2923473979612119 0.1799992580190296 -0.98989898989899 -1.0 0.0
0.7885099262716351 1.9894476143435644 0.8249631110976209 0.2912482071808274 1.0315532973111503 0.023214936677983695 -0.35005657732694573 1.0480690864851943 -0.9993686868686869 -0.9204166666666667 0.0
0.24126729435111272 0.0712459325225514 0.3539644638950121 0.2736532313984529 1.0578999360304886 0.012795804527659937 -0.3930817522289507 0.3176073185628409 -0.8960437710437711 -0.965625 0.0
0.22980904127195279 0.2530435231573287 0.3196084698594116 0.4145358142773819 1.0553640801349706 0.9472196033629464 -0.2733926395788315 0.16997123221187502 -0.98989898989899 -1.0 0.0
0.7885099262716351 1.9876750057361052 0.8249631110976209 0.2912482071808274 1.2010598499109348 0.023214936677983695 -0.350769281283456 1.1178728754270895 -0.9997895622895623 -0.9110416666666666 0.0
0.2744885358021905 0.4092079962264002 0.1857067890788033 0.4142807890557957 0.8340193047570127 0.8052213611346487 -0.3211154277450856 0.1996662659643377 -0.98989898989899 -1.0 0.0
0.21032438247433252 0.0712459325225514 0.013482796737547043 0.5003142537688896 1.0880705386604788 0.00809708214983268 -0.40672580650942836 0.3292082608424122 -0.9877946127946128 -0.941875 0.0
0.20881473529840733 0.20416922163289353 0.3514888807252173 0.3023388144474968 1.0928177647895938 0.8052213611346487 -0.22677357706808873 0.14980237721457587 -0.98989898989899 -1.0 0.0
0.28550514570142566 0.1622424657731401 0.3827103103621269 0.05152584685424019 0.7758030513326906 0.9395398403958792 -0.38074102368729373 0.41603140622018314 -0.98989898989899 -0.9675 0.0
0.7466060821044508 1.884550390591605 0.18292966795240026 0.515726132969214 1.4286199285344607 0.7428657628313056 -0.29208904696096305 0.18998441676768787 -1.0 -1.0 0.0
0.24126729435111272 0.0712459325225514 0.7618331757285244 0.7947797316114369 1.0578999360304886 0.012795804527659937 -0.36135498361639035 0.3236891982943551 -0.9080387205387206 -0.9866666666666667 0.0
0.7416748627726941 1.999920502255427 0.29012385746561464 0.38610439889922216 0.8294741114232212 0.026082402838634777 -0.330586953457981 0.2279003076200139 -1.0 -1.0 0.0
0.25777907397158933 0.06283207568694493 0.3170608119895049 0.30947187068032955 0.37123894374147964 0.9376265692647221 -0.4917459435352562 0.4550439231960735 -0.9665404040404041 -0.9033333333333333 0.0
0.7466060821044508 1.9054750231805897 0.18292966795240026 0.515726132969214 1.4286199285344607 0.16413259021102744 -0.3215404043649303 0.21499460556979333 -1.0 -1.0 0.0
0.6980219662320264 1.7204092839163745 0.007596819068858007 0.5162666593378503 1.428200469192278 0.1620214675594766 -0.27490471043496784 0.1793197041022554 -1.0 -1.0 0.0
0.27251562852324157 0.07836903551072043 0.34108198674793555 0.3063910166764857 1.6273526073497144 0.9092548533422949 -0.3794814684723309 0.2872527049453233 -0.9755892255892256 -0.981875 0.0
0.28531215956080075 0.1622424657731401 0.3868359386934734 0.04817933121816387 0.7817835800787252 0.9364113683455135 -0.3911757401085621 0.46012264349998905 -0.98989898989899 -0.9570833333333333 0.0
0.39083310042454 0.4092079962264002 0.30719233038897414 0.0712126643123998 0.8987781715402314 0.9231621823955452 -0.36002582247179404 0.33528500964452546 -0.9797979797979798 -0.9910416666666667 0.0
0.7885099262716351 1.9726297071752605 0.8226320373857521 0.29102450127422186 0.8973291326198958 0.0498254322083464 -0.35053817394583353 0.9300054805493126 -0.9936868686868687 -0.934375 0.0
0.27873382287809023 0.07836903532324292 0.29978807742421265 0.3005267233153707 1.7090877443891124 0.9256261037327239 -0.3756060425776136 0.2933216304741967 -0.9835858585858586 -0.9829166666666667 0.0
0.27563065489235006 0.07836903551072043 0.3398222147186242 0.30885772813069534 1.6273526073497144 0.936656469882101 -0.46202830119220445 0.41955782113687445 -0.9804292929292929 -0.9233333333333333 0.0
0.28418916735780303 0.07836903551072043 0.3693481910442532 0.420908450716389 0.7762785916326238 0.9286111720041245 -0.540250277269155 0.560718559849578 -0.9894781144781145 -0.8654166666666666 0.0
0.28500144609806444 0.07836903551072043 0.20229918970119345 -0.010257743757573712 1.4173146702999646 0.9250154145874426 -0.4536178222344312 0.4278722402314437 -0.9880050505050505 -0.925625 0.0
0.28718352617638043 0.07957587784836875 0.38448734473491203 0.28793225619267715 1.060276803488719 0.5191071429752152 -0.4900155043384687 0.47733295194047964 -0.9764309764309764 -0.9027083333333333 0.0
0.28418916735780303 0.07836903551072043 0.3811325282988162 0.420908450716389 0.738566695440907 0.9021975327516404 -0.542362335295535 0.5616271035730617 -0.9896885521885522 -0.8647916666666666 0.0
0.27910915032923916 0.07846850971242521 0.31835295733045393 0.3896949935950724 0.7328480601281915 0.9345416628019838 -0.4842845535899711 0.4684207927524324 -0.9890572390572391 -0.9052083333333333 0.0
0.7885099262716351 1.9894476143435644 0.7697861282395734 0.2910152442049991 1.0269127651341319 0.011099853552777345 -0.36000866517999935 1.4507906158581425 -0.9991582491582491 -0.8708333333333333 0.0
0.2576911686936908 0.06335166875328732 0.3170608119895049 0.3304719724764958 0.7328165969949613 0.9347258168209189 -0.37921477681101545 0.2794056174868735 -0.95496632996633 -0.9814583333333333 0.0
0.39260304052135897 0.4099990777553766 0.18238340173027381 0.07621240099750126 1.662322810734687 0.9048463365845113 -0.33192659756077997 0.20924521498245488 -0.98989898989899 -1.0 0.0
0.2762365997753467 0.07846850971242521 0.31835295733045393 0.3896949935950724 0.7328480601281915 0.9345416628019838 -0.5139336076062184 0.5090212930578172 -0.9869528619528619 -0.8854166666666666 0.0
0.2762365997753467 0.07837525390384256 0.31837170088279937 0.4134300971619792 1.0260937214048687 0.9345416628019838 -0.5119945825933641 0.5076064884661605 -0.9863215488215489 -0.8860416666666666 0.0
0.46083579496167903 1.308810807818133 0.35803517693713277 0.3079192941584274 1.0798594547720712 0.013324966962344455 -0.23536241326268695 0.15999514731112732 -1.0 -1.0 0.0
0.2840685665122169 0.07836211238758774 0.3211218147483045 0.5255398685116157 1.4266937735156817 0.977763358134947 -0.4599784830829696 0.42972143537704377 -0.9894781144781145 -0.9229166666666667 0.0
0.28531215956080075 0.1622424657731401 0.011541530704086062 0.049925268780311394 0.7817835800787252 0.03704952041579229 -0.4026102769304729 0.5008038955842431 -0.98989898989899 -0.94375 0.0
0.2865404421212436 0.07836903551072043 0.3235870268661025 0.41635957329574697 1.2240093167290285 0.9337921135639317 -0.4002136480949872 0.3443182632037181 -0.9875841750841751 -0.9635416666666666 0.0
0.28444930582383643 1.0990148018567698 0.22499441001933557 0.4209250272878095 0.7502585266396259 0.9363861818183717 -0.34075326423221997 0.2191034554726828 -0.98989898989899 -1.0 0.0
0.3037172540352586 1.3007174650000737 0.3806334035157239 0.4167971681869127 1.103768006823258 0.9100290161802062 -0.21107797874501166 0.14985468476673794 -1.0 -1.0 0.0
0.28531215956080075 0.1622424657731401 0.3868359386934734 0.04817933121816387 0.790282443349781 0.9364113683455135 -0.36939468699471617 0.3723679251162147 -0.98989898989899 -0.980625 0.0
0.2840685665122169 0.07836211238758774 0.3888695769808699 0.5255398685116157 1.4266937735156817 0.9564568294111229 -0.5422322606749207 0.559493555792398 -0.9894781144781145 -0.8647916666666666 0.0
0.2759844390408808 0.07837545618386958 0.31820062098494484 0.4133898816008116 0.770526996602526 0.9283808878772899 -0.5425924435331554 0.553229514001868 -0.9871632996632996 -0.8658333333333333 0.0
0.2805605350699017 0.3359219054657681 0.17853821239054843 0.4057420364102843 0.9455941128165161 0.6177219575717677 -0.30545990808825635 0.18787945859069324 -0.98989898989899 -1.0 0.0
0.28531215956080075 0.1622424657731401 0.0074767236839058115 0.049925268780311394 0.7817835800787252 0.03704952041579229 -0.4150010535549982 0.5823900126264058 -0.98989898989899 -0.9270833333333334 0.0
0.27749334545361193 0.07974777197749158 0.340002184195963 0.30225110098980856 1.6273526073497144 0.936656469882101 -0.4306593040471863 0.37748316006467225 -0.9823232323232324 -0.9441666666666667 0.0
0.2818687395304688 0.07836583012939213 0.3010556584901342 0.41271043763365606 0.9454896751899575 0.9244535109269992 -0.45767609688554156 0.42656246216997634 -0.9888468013468014 -0.9241666666666667 0.0
0.28541851350059194 0.1622424657731401 0.3868359386934734 0.04817933121816387 0.790282443349781 0.9364113683455135 -0.37070299490685943 0.372559264803977 -0.98989898989899 -0.9791666666666666 0.0
0.27915175068922266 0.08395588770409479 0.3767413030065829 0.4166721765061401 0.7482953247315725 0.9330512790843956 -0.45657099722000466 0.42667420697237696 -0.9886363636363636 -0.9247916666666667 0.0
0.2592847937363627 0.06284708150587115 0.3132512199477519 0.3372462682220796 0.8660595055104177 0.9061510693179872 -0.46097460321233746 0.41092194749080885 -0.9545454545454546 -0.92375 0.0
0.28979352244496553 0.08104934521314566 0.3243962506601428 0.4005268586105432 0.8956887815908154 0.9389770378524226 -0.4012398923683369 0.3471980793461034 -0.9894781144781145 -0.963125 0.0
0.27936456359208783 0.0824233984288856 0.335972274651661 0.4086875931405438 0.738673901036843 0.9368127433518251 -0.3786780442572135 0.2975785849465744 -0.9884259259259259 -0.9814583333333333 0.0
0.28539818761941366 0.07836903551072043 0.38794243874576023 0.4196941324455392 0.7377610752013025 0.9351037112720673 -0.5386923928976423 0.5624780263597982 -0.9896885521885522 -0.8660416666666667 0.0
0.28531215956080075 0.1622424657731401 0.3868359386934734 0.04817933121816387 0.7762256443198196 0.9364113683455135 -0.43123030729995665 0.6370601538901949 -0.98989898989899 -0.9147916666666667 0.0
0.2861517830639034 0.07847331897386939 0.3218245037364682 0.3903005753062421 0.7302196628316029 0.9364982156006878 -0.4305269035923231 0.3886060868449753 -0.9894781144781145 -0.9433333333333334 0.0
0.2576911686936908 0.06283207568694493 0.31714098722676864 0.32892168069905564 0.7328165969949613 0.9347258168209189 -0.381541545101703 0.27953924822001497 -0.9551767676767676 -0.980625 0.0
0.2787383016197926 0.07846801510272347 0.32309646419868354 0.3899975033315548 0.7429809317389452 0.9017651639062534 -0.5350750950176968 0.5542536141240605 -0.9890572390572391 -0.8679166666666667 0.0
0.2816906759777331 0.0784352316520374 0.3097091583791519 0.3828679964017922 0.7346400457162374 0.9040292402017034 -0.4605415344159575 0.42704118669227387 -0.9888468013468014 -0.923125 0.0
0.2786994170837809 0.07844793782637043 0.31351006949050475 0.41188674340257886 0.8303004559088454 0.9088478000107911 -0.511062390780981 0.5113937551927789 -0.9886363636363636 -0.88625 0.0
0.27904329479732365 0.4490894899158622 0.0015530575044759368 0.6220327093175394 1.662322810734687 0.509009903770526 -0.31373900597851373 0.20678290609694575 -1.0 -1.0 0.0
0.2786994170837809 0.07836986814906018 0.31115178954403466 0.3880602804379749 0.8921054919107589 0.925279861524578 -0.402539861087751 0.3372156783908895 -0.9873737373737373 -0.9635416666666666 0.0
0.28664242877745855 0.07837545618386958 0.31820062098494484 0.4133898816008116 0.770526996602526 0.9267404043260441 -0.43122435253092517 0.3902442368319908 -0.9896885521885522 -0.9429166666666666 0.0
0.28550514570142566 0.1622424657731401 0.1961910450406693 0.05152584685424019 0.7758030513326906 0.9232809308616019 -0.4204014851828523 0.584231101544861 -0.98989898989899 -0.9222916666666666 0.0
0.28017468118049965 0.0794718765760656 0.323586619270988 0.42015899361152526 0.8358272531396522 0.9498230755218064 -0.5076777251658043 0.5126071987601665 -0.9890572390572391 -0.886875 0.0
0.4321105249787396 0.6258118014468032 0.5439048804341454 0.048473133742864286 0.9504745561448973 0.5688789201223893 -0.36209941791148165 0.3865807225723154 -0.9831649831649831 -0.9860416666666667 0.0
0.21032438247433252 0.07299223124157397 0.013961220073447161 0.5003142537688896 1.0880705386604788 0.014590932988857663 -0.38059342049592826 0.28574425786027535 -0.98989898989899 -0.9610416666666667 0.0
0.2787517699825743 0.07836903551072043 0.34190031995627684 0.30803718522099266 1.9026425816234829 0.924989097041162 -0.42981996635959835 0.37942421055655845 -0.9829545454545454 -0.9439583333333333 0.0
0.2854571353209543 0.07836903551072043 0.3372320181101368 0.41012727233169255 0.7919822602338664 0.9286111720041245 -0.46002303597830396 0.43175574435355607 -0.9894781144781145 -0.923125 0.0
0.27892434378426806 0.08007546154718204 0.3194469035522198 0.38981201702821017 0.7352598398358623 0.9039880422621457 -0.40410213732615885 0.33873729335846875 -0.9882154882154882 -0.9627083333333334 0.0
0.2777976480260131 0.07836903551072043 0.3235870268661025 0.41350265373481054 0.8962420512342795 0.9351037112720673 -0.5065411482443797 0.5101339608026025 -0.9877946127946128 -0.8877083333333333 0.0
0.28546217248255873 0.07568822622808369 0.22499441001933557 0.4239347567843166 0.7739187531747717 0.9394621111753221 -0.4281607765776508 0.3892874119371253 -0.9896885521885522 -0.9439583333333333 0.0
0.2854571353209543 0.07836903551072043 0.332220502699133 0.41944212542746295 0.7919822602338664 0.9377955864954708 -0.46006521063781464 0.4323427899838665 -0.9896885521885522 -0.9229166666666667 0.0
0.284123728374009 0.25886266656703655 0.35571955177861225 0.2838387726365177 1.0653260825524555 0.9061510693179872 -0.31077364318669354 0.18982983469441705 -0.9797979797979798 -1.0 0.0
0.27874847181894097 0.07836171783412779 0.3447623795112902 0.3005267233153707 1.6692260842264877 0.9258038558149848 -0.4319030184398663 0.379482369818338 -0.9829545454545454 -0.9433333333333334 0.0
0.27910915032923916 0.1480240447067096 0.35730441241317085 0.38970379499922625 1.0291920220240285 0.9061510693179872 -0.3500384349362968 0.22696356441010357 -0.98989898989899 -1.0 0.0
0.2787572548953992 0.08100996210142841 0.31145711707625295 0.41658940473133454 0.8312925572845664 0.9095218182542706 -0.40336826706320633 0.33878502248891906 -0.9877946127946128 -0.963125 0.0
0.2764632474212361 0.0783622397392078 0.3189922640459803 0.40767538129941583 1.0260937214048687 0.955966686177327 -0.4347018502069045 0.378145644645876 -0.9861111111111112 -0.9425 0.0
0.7393846294772264 1.9177554713533265 0.7640805720705561 0.3811199460437317 0.8497296407390131 0.040205496922012696 -0.34001859827195213 0.24969602021141854 -0.9955808080808081 -1.0 0.0
0.2761041720913267 0.07836903551072043 0.29727836164308635 0.306389012148083 1.6165628784078057 0.9222876164930494 -0.3812932076728552 0.2894212861162042 -0.9812710437710438 -0.9810416666666667 0.0
0.28545620763593127 0.0824233984288856 0.3372216855983307 0.41012775264477974 0.7421160229498666 0.9369467296467227 -0.42607922440443796 0.3884176449795121 -0.9894781144781145 -0.9445833333333333 0.0
0.2737778390650101 0.07843358848464016 0.34638585880318973 0.3350581955851546 1.6522776424346797 0.9108858864978016 -0.41032506752304326 0.33181314240099313 -0.9770622895622896 -0.96125 0.0
0.2724844536390211 0.07715902447185467 0.3743013947452895 0.3080025614964224 1.700301595980062 0.926596764555313 -0.545028606285008 0.5476082893945602 -0.9762205387205387 -0.8654166666666666 0.0
0.2816906759777331 0.07741537984197924 0.3097091583791519 0.3828679964017922 0.7346400457162374 0.9040292402017034 -0.5100979233546855 0.5130912949808292 -0.9890572390572391 -0.8860416666666666 0.0
0.27251562852324157 0.07843810167012708 0.34108198674793555 0.30366854521643993 0.9145871426526369 0.9092548533422949 -0.3813420872403963 0.28733129735876684 -0.976010101010101 -0.98125 0.0
0.27625593109187435 0.07927927591594008 0.32472145447133294 0.3720666647301777 0.7940245394770449 0.9366575048108056 -0.4347323183948162 0.37792215219135494 -0.9859006734006734 -0.9429166666666666 0.0
0.28534179263821785 0.0786280312918665 0.3266570061683676 0.32710428817333426 0.19428260076296305 0.9395398403958792 -0.480626917275891 0.48892450841533797 -0.98989898989899 -0.9045833333333333 0.0
0.21032438247433252 0.07299223124157397 0.00819423065663838 0.506088830031172 1.0880705386604788 0.014590932988857663 -0.4598184053060364 0.42211121845808885 -0.98989898989899 -0.90625 0.0
0.2828353675250976 0.0790380106938279 0.31403228276521505 0.41335887846832214 0.8605211160286612 0.9061510693179872 -0.4585199009381098 0.4284105557703761 -0.9892676767676768 -0.92375 0.0
0.27936456359208783 0.0824233984288856 0.32347600573535784 0.408547087432465 0.7401311781020571 0.9368127433518251 -0.37779883502846023 0.29691976596592146 -0.9877946127946128 -0.981875 0.0
0.28969986008021303 0.08219776749677607 0.3140279186240928 0.41012775264477974 0.7958166315805938 0.9062102989777078 -0.40149716634174554 0.34826851232899947 -0.9896885521885522 -0.9629166666666666 0.0
0.21032438247433252 0.07299223124157397 0.01572338365208764 0.5003142537688896 1.0880705386604788 0.01937668901671108 -0.4058165827395744 0.33052153041023685 -0.98989898989899 -0.9427083333333334 0.0
0.25814059780286774 0.06335166875328732 0.33713706402115273 0.04820540719874 1.0473922976299694 0.9344537133129088 -0.4888284616097507 0.45425138258065245 -0.9726430976430976 -0.904375 0.0
0.27766791119993134 0.09107415822148189 0.33702288601175845 0.04854373977680548 0.8900292532628342 0.9686273478784032 -0.42558006993897585 0.3803762622379465 -0.9819023569023569 -0.9464583333333333 0.0
0.2818687395304688 0.07827590638467617 0.33714078625688443 0.517605485999585 1.4172831728336155 0.973018624575982 -0.5404780396602451 0.5565482033330801 -0.9890572390572391 -0.865625 0.0
0.27936578034999715 0.08364660262021145 0.3234681708352273 0.408547087432465 0.6383599046231315 0.9059227857604493 -0.43060580803377607 0.38614565087522185 -0.9888468013468014 -0.9435416666666666 0.0
0.2576911686936908 0.06283207568694493 0.3170608119895049 0.30878638384186025 0.7328165969949613 0.9387125145934343 -0.3804044737072227 0.27899288340355416 -0.9503367003367004 -0.9810416666666667 0.0
0.2773330237625263 0.07837462348131717 0.3184795850949759 0.41260231599541464 1.6987028555203834 0.90348692337475 -0.43288865728743287 0.3780195778458411 -0.984006734006734 -0.943125 0.0
0.209837473301972 0.0712459325225514 0.19472547697443812 0.43371577946585826 0.828090802733432 0.17696933949121457 -0.4607577429236314 0.4184403979378099 -0.9896885521885522 -0.904375 0.0
0.24126729435111272 0.0712459325225514 0.3539644638950121 0.7967609916546055 0.8256211403445791 0.013027450018112272 -0.40624990382764814 0.318333219964196 -0.9829545454545454 -0.9616666666666667 0.0
0.27910915032923916 0.07867345548695857 0.31881050491952556 0.40904808998160586 0.7328480601281915 0.9977681816915875 -0.4833411923231063 0.4697457309978781 -0.9888468013468014 -0.905625 0.0
0.27795384535012135 0.07836892259685507 0.3203487691910327 0.5245233840268139 1.4164615452260179 0.9545002577032777 -0.5352781200063887 0.5536492973553239 -0.9880050505050505 -0.868125 0.0
0.22926197119705147 0.22745504843882514 0.35767290014288594 0.3084388772208307 0.8826388508703389 0.9289412717949144 -0.25258989191880216 0.1599721444590694 -0.98989898989899 -1.0 0.0
0.28243777920930135 0.07836615913314443 0.3184551012676372 0.38970383403645864 0.7328480601281915 0.9095010925213052 -0.48526220521262803 0.4712391886454638 -0.9892676767676768 -0.9045833333333333 0.0
0.27851035345172204 0.08395588770409479 0.3767413030065829 0.4170225137109676 0.7482953247315725 0.9330512790843956 -0.43037788715833014 0.383227961958184 -0.9884259259259259 -0.9439583333333333 0.0
0.28898506845836275 0.0865354329051987 0.2971046753777048 0.41350265373481054 0.7378412934313909 0.9356427397900065 -0.3743578588967889 0.3043755878674402 -0.9896885521885522 -0.9822916666666667 0.0
0.20628226353159912 0.07837545618386958 0.3502977534607924 0.4133898816008116 0.770526996602526 0.9267404043260441 -0.482877508447992 0.4665940790721978 -0.98989898989899 -0.88875 0.0
0.2578647270588438 0.06347444033425209 0.3192475151806641 0.3918340783565159 0.7328480601281915 0.936415935416978 -0.4360568540639373 0.36889177222335584 -0.9772727272727273 -0.9425 0.0
0.2855055522192068 0.07836903551072043 0.3692601698033243 0.4194369140339358 0.7377610752013025 0.9351037112720673 -0.5086667423442788 0.5195623098940192 -0.9896885521885522 -0.8864583333333333 0.0
0.2852030827870603 0.07786557483962106 0.20103873894885335 -0.010257743757573712 1.4173439583866374 0.9249070892231819 -0.47526170824223474 0.4712042268374595 -0.9884259259259259 -0.9083333333333333 0.0
0.2898087818236003 0.08102491567184834 0.32420699681821386 0.3893143548114804 1.0699366167534823 0.9369961909630289 -0.4008890296426672 0.3461729438496794 -0.9892676767676768 -0.9633333333333334 0.0
0.2818687395304688 0.07836583012939213 0.32010347532047423 0.5246578999244709 1.4251535260150319 0.9831556523217138 -0.5382938269915708 0.5563777286341072 -0.9892676767676768 -0.8664583333333333 0.0
0.73991453467201 1.9253881186745891 0.7249504185018718 0.38610439889922216 0.8303757541814649 0.00860183271807341 -0.34002443662118137 0.25441676202324903 -1.0 -1.0 0.0
0.2841812051775653 0.07836039738295567 0.346382514059341 0.5310693187698008 1.4266937735156817 0.909056653665247 -0.5405357219601563 0.5594628728579694 -0.9892676767676768 -0.8654166666666666 0.0
0.28531215956080075 0.1622424657731401 0.008651145650588485 0.049925268780311394 0.7885400184205565 0.03704952041579229 -0.3828859012825742 0.40936473534625223 -0.98989898989899 -0.9641666666666666 0.0
0.25756135028972005 0.06311205584834902 0.3220743566958568 0.32769945981839743 0.7356874411616651 0.9364870608583216 -0.3810044354662083 0.27932907463714574 -0.9545454545454546 -0.9808333333333333 0.0
0.27851035345172204 0.08395588770409479 0.3767413030065829 0.4170225137109676 0.7482953247315725 0.9080248283939494 -0.4819199743553277 0.46935789391802113 -0.9886363636363636 -0.90625 0.0
0.2724844536390211 0.07715902447185467 0.3743013947452895 0.4118398480144889 1.700301595980062 0.926596764555313 -0.5467824210759166 0.5479133010597698 -0.9768518518518519 -0.8647916666666666 0.0
0.7466060821044508 1.9054750231805897 0.18292966795240026 0.515726132969214 1.4286199285344607 0.3976576133625716 -0.30264192138794493 0.19765586371642888 -1.0 -1.0 0.0
0.25700372088447565 1.7204092839163745 0.001444130794150832 0.5170629584606677 1.4793225755992534 0.9391306249605004 -0.2555110894893598 0.16992213263373038 -1.0 -1.0 0.0
0.24126729435111272 0.0712459325225514 0.7522492313784654 -0.6681850651903509 1.0578999360304886 0.012795804527659937 -0.3799368785061115 0.27392196155359744 -0.9810606060606061 -0.9804166666666667 0.0
0.24126729435111272 0.0712459325225514 0.37362307976613385 0.7695927915921351 0.8256211403445791 0.013027450018112272 -0.3794426799252892 0.2735726053044233 -0.9705387205387206 -0.980625 0.0
0.27622451138940635 0.07836903551072043 0.30092896655760004 0.3080026745262857 0.7358619470910484 0.9269584390761483 -0.3818541841710216 0.2898767630212314 -0.9816919191919192 -0.9808333333333333 0.0
0.28551091103518766 0.07836903551072043 0.3372320181101368 0.44223848394627385 0.7919822602338664 0.9286781878129332 -0.5120495077145896 0.5204540063392082 -0.98989898989899 -0.8852083333333334 0.0
0.20593582010861491 0.07827590638467617 0.33737189646835786 0.517605485999585 1.4225404221960813 0.973018624575982 -0.3636229206584914 0.2751931929987825 -0.98989898989899 -0.9622916666666667 0.0
0.28449519896047704 0.07847096398066868 0.29638652115856734 0.427745184057136 0.7358471491173204 0.9042056159430749 -0.5107632639182884 0.5191219382374826 -0.9896885521885522 -0.8858333333333334 0.0
0.21032438247433252 0.06513134694878531 0.01572338365208764 0.5011055381251637 1.0880705386604788 0.01937668901671108 -0.4925574335017073 0.46419266431435874 -0.9896885521885522 -0.8841666666666667 0.0
0.24126729435111272 0.07107972473811164 0.37362307976613385 0.7695927915921351 0.7423712401550131 0.013027450018112272 -0.5132069573216993 0.4931816644171209 -0.9842171717171717 -0.8852083333333334 0.0
0.2778921789338378 0.08102491567184834 0.31300693280337605 0.3893143548114804 1.0246823006219203 0.9369961909630289 -0.3802469005808546 0.29166326133991033 -0.9852693602693603 -0.9814583333333333 0.0
0.28664242877745855 0.07848007859717598 0.32315594250078156 0.4133898816008116 0.743990056131034 0.9088382776466132 -0.4571531384454905 0.43367533817266884 -0.9896885521885522 -0.9241666666666667 0.0
0.27793638273598215 0.08102542579592636 0.31300693280337605 0.3893143548114804 1.0246823006219203 0.9058803603732095 -0.38024702978961766 0.291958276834328 -0.9856902356902357 -0.98125 0.0
0.2762365997753467 0.07837525390384256 0.31837170088279937 0.4134300971619792 1.0411744049868286 0.9345416628019838 -0.5093729583328283 0.5075122012885249 -0.9861111111111112 -0.886875 0.0
0.2760455709385394 0.07834724099852051 0.323586619270988 0.4151194307092343 0.8358272531396522 0.9222645049692282 -0.541783206765926 0.5524599574434464 -0.9869528619528619 -0.8660416666666667 0.0
0.2829663393921669 0.0784250012786997 0.31835438410364686 0.3830907154189783 0.7346256792627843 0.9038533950747841 -0.46050451350341887 0.4283823742002984 -0.9892676767676768 -0.9229166666666667 0.0
0.27628482566446955 0.0783622397392078 0.3189922640459803 0.41440438922869455 1.0260937214048687 0.955966686177327 -0.460832811508987 0.42141976530666275 -0.9863215488215489 -0.92375 0.0
0.28979352244496553 0.08418021299620028 0.3291029611392905 0.4005268586105432 0.8956887815908154 0.9389770378524226 -0.3731646261929063 0.30453215392112437 -0.9892676767676768 -0.9827083333333333 0.0
0.28437051679501124 0.07963494925510305 0.29638652115856734 0.42015888106890864 0.7358471491173204 0.9353736015824987 -0.4325310013213553 0.3890219709755604 -0.9896885521885522 -0.9422916666666666 0.0
0.28547211164340225 0.07847331897386939 0.3218245037364682 0.3903005753062421 0.7302196628316029 0.936443554749547 -0.452909053070943 0.4308781685012702 -0.9892676767676768 -0.9252083333333333 0.0
0.2092236108839706 0.08296689815285964 0.008414049924110156 0.4224526619316915 0.832024237248462 0.01082188440889803 -0.37479188151770315 0.2831340420112979 -0.98989898989899 -0.961875 0.0
0.2760455709385394 0.07834724099852051 0.3232405169490518 0.2991091878275917 0.833887584631505 0.9222645049692282 -0.45992934117642337 0.4197729869970914 -0.9808501683501684 -0.9241666666666667 0.0
0.24126729435111272 0.0712459325225514 0.3539644638950121 0.7967609916546055 0.8202575903993946 0.013027450018112272 -0.4070298345400157 0.3185189955401778 -0.9833754208754208 -0.9614583333333333 0.0
0.28642410146471076 0.07836197159346202 0.3189922640459803 0.40721547293624727 1.0260937214048687 0.955966686177327 -0.3987835839757263 0.3443828841008048 -0.9890572390572391 -0.9639583333333334 0.0
0.2865404421212436 0.07838241429948803 0.32390918582516925 0.41477428650123505 1.206706483725152 0.9337921135639317 -0.42320516989074797 0.3872080531561266 -0.9875841750841751 -0.9458333333333333 0.0
0.20212401338399183 1.824658299743421 0.6088919795737138 0.5279854493400399 1.140772121361788 0.5592737309629943 -0.2740185848256988 0.17882262924024694 -1.0 -1.0 0.0
0.3615411747951473 1.8581445618583265 0.873791099897488 0.2855984101635515 0.4479473523357477 0.8580339375012545 -0.2512504851693785 0.15999624902876827 -0.98989898989899 -1.0 0.0
0.681249423971144 1.4005196507283177 0.27191963239305156 -0.15514588349316555 1.6704180898481225 0.863359678880419 -0.3912992337523276 1.5941789897995255 -1.0 -0.8622916666666667 0.0
0.09206445417465567 1.404445436715785 0.6053805782372278 0.582441813320884 0.9428608149420559 0.5233932918463087 -0.3803738972118483 1.1708463909979414 -0.98989898989899 -0.9058333333333334 0.0
0.6820545910608533 1.4046213055151082 0.27270337909571374 -0.15514588349316555 1.668144857431029 0.8772951505372903 -0.38100029442927363 1.5021513686056995 -1.0 -0.87625 0.0
0.6740431440859045 1.4045833034413624 0.2705836017275771 -0.15514588349316555 1.668144857431029 0.7943626136347505 -0.3704335628217863 1.331015761517927 -1.0 -0.8958333333333334 0.0
0.0967326566278035 1.8059282773968972 0.3755095134283409 0.42685831101494687 0.41894251120415515 0.7742430436135638 -0.4102358264129475 1.1165520710336487 -0.9846380471380471 -0.8575 0.0
0.5196078882146267 1.3850055738624225 0.2312083045201901 0.6605193153009464 1.7718297616755545 0.730451121340013 -0.3131135771680487 0.20657884250741895 -1.0 -1.0 0.0
0.7056336061830285 1.5892834885040716 0.8240523665670699 0.508768279630347 1.9278220167811704 0.7163541307490224 -0.3303680295002492 0.22663579501278866 -1.0 -1.0 0.0
0.36256336742533796 1.5473929356767167 0.9967529388959587 0.29457326831121367 0.347743856293415 0.9807058870183958 -0.31039469536633235 0.18998237017730454 -0.9797979797979798 -1.0 0.0
0.6740431440859045 1.4049742302524058 0.2705773917901727 -0.15514588349316555 1.6704468286656509 0.7943626136347505 -0.3624676304076351 1.2021579646349845 -1.0 -0.9089583333333333 0.0
0.3789837453642586 0.8630354940827997 0.8824108514127462 0.4025649183076051 0.7404907165380337 0.9870583660181855 -0.3209934318487729 0.1999722670149275 -0.98989898989899 -1.0 0.0
0.6783574599303598 1.4005196507283177 0.27256405358371527 -0.15514588349316555 1.6690463030792368 0.8779347905169276 -0.35418772858116543 1.1032706429103207 -1.0 -0.9179166666666667 0.0
0.09544971222798126 1.4058656782024461 0.6053805782372278 0.582441813320884 0.9429027523805186 0.5235050050304887 -0.3709102393369652 0.9801848362010732 -0.98989898989899 -0.9272916666666666 0.0
0.3638556884636762 1.811292997439276 0.26802054906184325 0.2754990549330556 0.41917302806378404 0.8814181943669274 -0.2738073525102837 0.169894041049214 -0.98989898989899 -1.0 0.0
0.19688218244210876 1.9899818789815045 0.897030896492943 0.3395739432647842 0.3470931632068539 0.7728708969532161 -0.350020275980492 0.2274153261423567 -0.98989898989899 -1.0 0.0
0.6891650838599148 1.4063219903523005 0.27224530415717185 0.5776667850669422 1.8498499810893854 0.7276491952597124 -0.32220812053193326 0.21546970143359664 -1.0 -1.0 0.0
0.5125709674992115 1.3729063982691925 0.334432230732135 0.3321581024349789 1.017373079654117 0.5628009369805961 -0.2107700933189717 0.14988176303417158 -1.0 -1.0 0.0
0.4983211031504 1.4298297017880226 0.2538249908633838 0.5771742678498177 1.518507383396195 0.5203707917577425 -0.291279257349131 0.18910338522706235 -0.9993686868686869 -1.0 0.0
0.3809111500269459 1.4360519438674466 0.199300714415117 0.23362783306148555 0.38247938212405974 1.0 -0.2254218936716799 0.149463590686849 -0.98989898989899 -1.0 0.0
0.36128366731930295 1.8156424517021674 0.2694998485045128 0.4299599571573359 0.4369763625179423 0.776386999301258 -0.4105925242446256 1.1388564147906155 -0.9850589225589226 -0.8541666666666666 0.0
0.7151703489793698 1.5474999247927916 1.0 0.29475296444711724 1.7582986759329728 0.7163218063573171 -0.340014526655306 0.2480498452453208 -0.9924242424242424 -1.0 0.0
0.2592337101449612 1.5534784325028708 0.26908096337832627 0.4299599571573359 0.4372645233781672 0.7755552794210419 -0.41010823008505964 1.1198878152702139 -0.9848484848484849 -0.8564583333333333 0.0
0.36880858592517035 0.887626509801142 0.3740809845708813 0.41145907524122627 0.3748846070914521 0.9936465009575234 -0.3602163991831963 0.6514655231005085 -0.9896885521885522 -0.9360416666666667 0.0
0.2630308092166837 0.8372047482990329 0.3740809845708813 0.3299483388014979 0.5306918684923416 0.9697108586799752 -0.30506666579463043 0.18752809717593347 -0.98989898989899 -1.0 0.0
0.503462109288507 1.547638328874212 0.6061303118069133 0.4239521079212042 1.1422451697903986 0.732702517952892 -0.23476083911739198 0.15959169708479196 -1.0 -1.0 0.0
0.09206445417465567 1.4130305167362647 0.6116240413586107 0.582441813320884 0.9441175056117684 0.5087472394416493 -0.3600449835432009 0.7038161868826519 -0.98989898989899 -0.954375 0.0
0.6796723991248952 1.430583902692644 0.3424884870848149 0.40290818780972504 0.38374818588485393 0.9815344228098595 -0.4012707778222104 1.0583074293396941 -0.9886363636363636 -0.8739583333333333 0.0
0.36880858592517035 0.887626509801142 0.2786575083948589 0.41088095198167435 0.3741813618899112 0.9936465009575234 -0.3814441715967199 0.7946169834619909 -0.98989898989899 -0.905 0.0
0.49651097365537455 1.4250752798369606 0.2730784947150414 0.5734784059021175 1.525975774969116 0.5480932818139189 -0.2865760223040757 0.18629195251288225 -1.0 -1.0 0.0
0.20298108762832415 1.9899818789815045 0.9321676410950985 0.42407390873185796 0.3470931632068539 0.7130237458059282 -0.41168751174597357 1.1497657570386783 -0.9884259259259259 -0.8547916666666666 0.0
0.6796723991248952 1.430583902692644 0.34189786094134467 0.4036019058978902 0.38374818588485393 0.9815344228098595 -0.4149733723737783 1.1548798220848648 -0.9888468013468014 -0.854375 0.0
0.0885279864676129 1.5614544939341264 0.9967529388959587 0.3032718320795932 0.4087707218749885 0.9525173455599388 -0.2926874888743554 0.17992991050473425 -0.98989898989899 -1.0 0.0
0.7401189253491205 1.550315202459753 0.5980769385695257 0.2953399038612594 1.8601568335548198 0.5540221892636871 -0.34046119975374967 0.255493956118464 -0.9993686868686869 -1.0 0.0
0.36880858592517035 1.3616977520464042 0.2831305157765007 0.41145907524122627 0.37851159198397605 0.994035254735593 -0.3718240225028267 0.7357772904198753 -0.98989898989899 -0.91875 0.0
0.6820545910608533 1.3998950669316568 0.261037292497789 0.4029055507348104 0.38374818588485393 0.9815344228098595 -0.4028528285515712 1.0586376658385939 -0.9894781144781145 -0.8727083333333333 0.0
0.35966667701051597 0.887626509801142 0.2494903310100693 0.41145907524122627 0.3748846070914521 0.9867511490715966 -0.403825107282241 1.0508309703455807 -0.98989898989899 -0.8704166666666666 0.0
0.3789837453642586 0.8361079413828315 0.36431589449446417 0.402997882355439 0.7404907165380337 0.986824418880703 -0.3316356781343166 0.2089423686513416 -0.98989898989899 -1.0 0.0
0.36757192728519567 1.3616977520464042 0.2831305157765007 0.41145907524122627 0.37851159198397605 0.987130515941363 -0.37115602134693737 0.7349240053921339 -0.9896885521885522 -0.9195833333333333 0.0
0.5110492055150874 1.339989106598065 0.21612303078974246 0.6282757802827911 1.7012377598758541 0.5626370164770816 -0.30429634030469815 0.19870208404206968 -1.0 -1.0 0.0
0.76644469693001 1.550315202459753 0.6059815288080392 0.2973822297145492 1.7965175804774391 0.7328505502150604 -0.34003220798148054 0.26085418851596487 -1.0 -1.0 0.0
0.36880858592517035 0.887626509801142 0.26797522215121217 0.41145907524122627 0.3748846070914521 0.9865953281000518 -0.3900798754942694 0.8956082386467332 -0.98989898989899 -0.8916666666666667 0.0
0.6796723991248952 1.4360233420320827 0.20055090971877917 0.4036019058978902 0.38374818588485393 0.9815344228098595 -0.38076451721497273 0.79919196466955 -0.9896885521885522 -0.9064583333333334 0.0
0.4255832266567493 1.879337246014851 0.7938027430181215 0.3179045078562536 0.340397629448037 0.9745225711083934 -0.34218322621620895 0.21608427903549496 -0.98989898989899 -1.0 0.0
0.51507642075499 0.887626509801142 0.22108235459781456 0.41145907524122627 1.7400960230925093 0.9936465009575234 -0.25724073341188425 0.16992378246968318 -1.0 -1.0 0.0
0.1582173145582116 1.2740610890001942 0.17168798856297005 0.569658705520413 1.4458544223331895 0.6981794594739744 -0.29133441322317977 0.1896188802937632 -1.0 -1.0 0.0
0.365097449233242 0.6719052264385091 0.5862021056508342 0.23099277703220936 1.6913055604050042 0.0 -0.32156462461565694 0.1995848156938788 -0.98989898989899 -1.0 0.0
0.2455207065068279 0.39580892778395754 0.5429050988665736 0.5605383862824315 0.7339275334422803 0.1912743190020879 -0.4001886362233253 0.7277941234966777 -0.9797979797979798 -0.9314583333333334 0.0
0.40943570767694426 1.1030880420490934 0.744233365859665 0.21480084169069347 1.396498848787162 0.18114529021141695 -0.21147902484985837 0.14999284471986093 -1.0 -1.0 0.0
0.054549011766835034 1.173244288282394 0.5286313985127888 0.6836091806176601 1.4149893176743635 0.49698944696321845 -0.3402294972869379 0.33933169733813445 -1.0 -0.9929166666666667 0.0
0.42062522740683733 1.2476606873661256 0.565175993612103 0.5637803228165266 1.324954192208329 0.09065274252897099 -0.23536526518341025 0.15986358029424436 -1.0 -1.0 0.0
0.2491820143900476 0.3674072780057051 0.8716147598987268 0.5815992930257194 1.4532575544326798 0.21956573138560748 -0.2740349366246077 0.16999493370991944 -0.98989898989899 -1.0 0.0
0.07650241538020551 1.1683511671815021 0.5027049526769849 0.6876692597914317 1.3819781084004712 0.4687762193636815 -0.3510941042962273 0.48960599934118326 -0.9915824915824916 -0.97875 0.0
0.42252360046063275 1.3056607582906687 0.33445319684819835 0.5967820909009218 1.3247508681008549 0.08915511033007954 -0.2558076962405729 0.16931538105237096 -1.0 -1.0 0.0
0.2387423473666801 0.38089945713919515 0.07664315326739152 0.6847081615173161 1.4629386136552365 0.1912143796686699 -0.43513452920382717 1.3793574209307093 -0.98989898989899 -0.8697916666666666 0.0
0.06777102904323556 1.1731474669605253 0.48285138455390275 0.6945298212094797 1.403900178919056 0.46388259911430785 -0.3812500502079034 1.0389057824316352 -0.9928451178451179 -0.9233333333333333 0.0
0.22841568949259775 1.5928230652568915 0.641247995514816 0.6640000678640876 1.3452251601524052 0.4910544398396459 -0.32291987962959007 0.2169596862167146 -1.0 -1.0 0.0
0.3932083561508329 0.7177968263892736 0.7461373115065612 0.4053990056623283 1.9117892650877701 0.0801938534551982 -0.3317614789642665 0.20886685438461192 -0.98989898989899 -1.0 0.0
0.24554193379254619 0.39580892778395754 0.5341129887279159 0.5612794796667191 0.7339275334422803 0.17279958715600496 -0.3602120587837683 0.35684083428402374 -0.9797979797979798 -0.9883333333333333 0.0
0.31921557275391427 1.423450052298409 0.07835796317056547 0.5963441530383796 1.5506290253444472 0.6060818433142394 -0.3031978956128612 0.19785856336249844 -1.0 -1.0 0.0
0.05791858438411349 1.168169821075702 0.5493336856254131 0.6962085466252038 1.403900178919056 0.43306004167058376 -0.3500382580318144 0.5063006650706631 -1.0 -0.9760416666666667 0.0
0.39903390568353947 1.4439888129625844 0.929530962751644 0.5937815365926795 1.338122331526473 0.6025844284396729 -0.27468510531039164 0.17954470954306712 -1.0 -1.0 0.0
0.052066270427050046 1.1699377446499741 0.9406482717145346 0.6960184296968924 1.4149893176743635 0.8450704240755236 -0.4109525657578644 1.523596485692763 -1.0 -0.8716666666666667 0.0
0.0585393938760884 1.1773202967797434 0.47127207996549536 0.6869783218482982 1.4089703701775655 0.48746629070747716 -0.3700112545554132 0.8306252332410279 -0.993476430976431 -0.9441666666666667 0.0
0.054549011766835034 1.1778199300158847 0.48285045444653046 0.6855007514936181 1.4154791403156737 0.4772523224168961 -0.3502631051465513 0.49283179291057916 -0.9997895622895623 -0.9772916666666667 0.0
0.32801647681297474 0.5867467246296345 0.9969572552739931 0.39623916224378125 1.9114000267339808 0.2014597665600207 -0.2919254038473385 0.1799900709542498 -0.98989898989899 -1.0 0.0
0.05811237890882957 1.9503781713892614 0.6380321193634293 0.6728811616048813 1.3453629009797743 0.49231829400881627 -0.33038533777697615 0.22791694208138147 -1.0 -1.0 0.0
0.0543448985297012 1.6122986977652651 0.5403447020554549 0.6978438137518835 1.4118927722832553 0.5096924823775779 -0.340034600618415 0.2565150844555391 -0.9970538720538721 -1.0 0.0
0.05857340227225401 1.1212540228387902 0.48681795526951616 0.6868611495174158 1.4102745667646015 0.4774567685782206 -0.39021235184663583 1.165892862586698 -0.9991582491582491 -0.9108333333333334 0.0
0.24554193379254619 0.3673012992401963 0.5115353828436338 0.5635802387532856 0.7339275334422803 0.17081836671283893 -0.4476332986110377 1.0826707522522028 -0.9804292929292929 -0.8697916666666666 0.0
0.05087774484581042 1.1710223507983577 0.9447754366228156 0.6955702294000898 1.4070102771831676 0.8221369623836751 -0.4222329451436028 1.6294761242663018 -1.0 -0.85375 0.0
0.24554193379254619 0.39580892778395754 0.5352142279952128 0.5612788772956081 0.7343073658598145 0.19127478154933936 -0.4426414624289166 1.1045964774601609 -0.9797979797979798 -0.8720833333333333 0.0
0.24986286849214542 0.4316682666773031 0.5558035543271319 0.6927050592240191 1.3764443574515202 0.6831129302403948 -0.37028226100103917 0.5350758765957622 -0.98989898989899 -0.9672916666666667 0.0
0.05152217457756219 1.1698517373413462 0.9447754366228156 0.6960184296968924 1.4220186541153974 0.8299386278166836 -0.37141217357654455 0.8631332329370976 -1.0 -0.940625 0.0
0.05444995375381319 1.1779331822035857 0.9274526718904613 0.695971442181065 1.414003186894426 0.8400461770132466 -0.3910619652795868 1.2144301308774492 -1.0 -0.9060416666666666 0.0
0.3259344389918629 0.5418000310778548 0.8890932843821068 0.43471559447282027 1.9578683992401866 0.19127405776157858 -0.30475100806202843 0.18732606560225595 -0.98989898989899 -1.0 0.0
0.24196164991796276 0.4316682666773031 0.5557903106670598 0.6960481368317488 1.380261140625727 0.692957520333628 -0.4405031272090086 1.456452497732445 -0.98989898989899 -0.8616666666666667 0.0
0.33221048296535816 0.4043398664267511 0.8918093808644157 0.388520446022788 1.9424055373228912 0.10532618348184573 -0.35013149094928214 0.22752504773026896 -0.98989898989899 -1.0 0.0
0.054486254751922474 1.1783990304864789 0.9447754366228156 0.6968665788857983 1.4070102771831676 0.8221369623836751 -0.40046309720831325 1.3737534327617027 -1.0 -0.889375 0.0
0.2484784515229655 0.37005383526906044 0.5341129887279159 0.5605903909047243 0.7339275334422803 0.17823364921447285 -0.3737130412919951 0.4450490158440925 -0.9804292929292929 -0.97 0.0
0.22165644848564414 0.3351857795100976 0.9999782956420638 0.434233793761986 1.9191437154789512 0.08681204138290209 -0.22635501517310766 0.1497048548024382 -0.98989898989899 -1.0 0.0
0.2503174862871638 0.40224078471812774 0.8519781909072721 0.5615773368223581 1.6690893266064268 0.02223691455513964 -0.2522900034854377 0.15999862487790698 -0.98989898989899 -1.0 0.0
0.052066270427050046 1.2218108436143518 0.9406482717145346 0.6960184296968924 1.4149893176743635 0.8450704240755236 -0.3601032693056694 0.6570940730210927 -1.0 -0.9602083333333333 0.0
0.24196164991796276 0.4316682666773031 0.5557903106670598 0.6960481368317488 1.380261140625727 0.6043409800113932 -0.3601467555231063 0.399210636782162 -0.98989898989899 -0.9845833333333334 0.0
0.05870688095540501 1.168191514186097 0.4845433193901636 0.6873425305108763 1.4089703701775655 0.4774567685782206 -0.36065137400891417 0.6449507806160261 -0.998526936026936 -0.9610416666666667 0.0
0.25137309832090626 0.3653299217806236 0.5115353828436338 0.5635997120684427 0.7339275334422803 0.17081836671283893 -0.38614334654545973 0.5681038734399101 -0.9827441077441077 -0.9533333333333334 0.0
0.3205673377481401 0.41174574076085496 0.486817680953716 0.022106007873863333 1.4691825414794648 0.022895079421810002 -0.34276059410060905 0.2167959963968715 -0.98989898989899 -1.0 0.0
0.17745888723154338 1.364574194479492 0.11841554531252213 0.6274608983226152 1.452833495896395 0.21487618715469997 -0.3141565269454934 0.2074141970665894 -1.0 -1.0 0.0
0.24575678567159956 0.3802912776718083 0.5352142279952128 0.5605383862824315 0.7325471790249816 0.17827562432720945 -0.3805646550662097 0.48944321008998964 -0.9797979797979798 -0.96125 0.0
0.24554283540736294 0.37014916486085797 0.5484167035160855 0.5605383862824315 0.7339275334422803 0.1912743190020879 -0.4305894482904249 1.006390100131427 -0.9800084175084175 -0.890625 0.0
0.24846669269352334 0.37005383526906044 0.5341129887279159 0.5623152310425394 0.7339275334422803 0.17279958715600496 -0.37054752531599217 0.4437233769917484 -0.9802188552188552 -0.9739583333333334 0.0
0.1815388880674567 1.5119718376486293 0.002191428645091864 0.6906764452955926 1.6933548751652512 0.01818283088618089 -0.34060771553725777 0.24714737048681792 -0.9903198653198653 -1.0 0.0
0.07452802098598328 1.1706533490809976 0.931118171935578 0.685849809084801 1.3832472117403254 0.8320404148544125 -0.34224556997818206 0.3423844101013267 -0.997895622895623 -0.993125 0.0
0.25137674985745023 0.39580892778395754 0.5341183684270595 0.5612750169084368 0.7343282504605688 0.1968999637455922 -0.4089402531569135 0.8940662339669152 -0.9806397306397306 -0.915625 0.0
0.24576701826541092 0.3707512481327944 0.5493789511531021 0.5605383862824315 0.7339275334422803 0.1912743190020879 -0.4216496123323133 0.9522134987448689 -0.9800084175084175 -0.9029166666666667 0.0
0.24296875745855065 0.37925027925598 0.5557929426647753 0.6925696643611757 1.3796014318376812 0.6945053920236227 -0.42976999400355087 1.176578380983012 -0.98989898989899 -0.8845833333333334 0.0
0.24575678567159956 0.3802912776718083 0.5352142279952128 0.5605326714231593 0.7325471790249816 0.18980041554068552 -0.46092943183664 1.230922816499606 -0.9797979797979798 -0.85 0.0
0.24576701826541092 0.3694021516811499 0.5493789511531021 0.5605383862824315 0.7339275334422803 0.1912743190020879 -0.4242467771029499 0.9561168367542422 -0.9802188552188552 -0.8995833333333333 0.0
0.24558057094059468 0.3958062246668294 0.5338988764055927 0.5612794796667191 0.7341191907997114 0.19127478154933936 -0.4510267043840938 1.1795131793564786 -0.9797979797979798 -0.8604166666666667 0.0
0.24296875745855065 0.4124312150673882 0.5679487792313129 0.6928362936741699 1.3798942484092005 0.6926740351013093 -0.38382848722813206 0.6570431927634847 -0.98989898989899 -0.95 0.0
0.25147976953908435 0.37014916486085797 0.5354889814321901 0.5605383862824315 0.73363356710608 0.1912743190020879 -0.3954059122838271 0.6798059363117145 -0.9827441077441077 -0.93875 0.0
0.2514880354576699 0.37005383526906044 0.5341229467762143 0.5605903909047243 0.7339275334422803 0.17823364921447285 -0.3604971035439357 0.35861100434265897 -0.9810606060606061 -0.9879166666666667 0.0
0.24847018560437995 0.37014916486085797 0.5354790233838918 0.5605383862824315 0.73363356710608 0.1912743190020879 -0.43667602774311565 1.0629021148869207 -0.9812710437710438 -0.880625 0.0
0.24563468486055656 0.3955014283535046 0.5115353828436338 0.5635146292279191 0.7339242957138388 0.17037121135646383 -0.39010761872741667 0.610352773990415 -0.9797979797979798 -0.946875 0.0
0.24575678567159956 0.3961863413027659 0.5352142279952128 0.5605383862824315 0.7343073658598145 0.1911397385228513 -0.41020053963323067 0.868930006961199 -0.9797979797979798 -0.91625 0.0
0.24296875745855065 0.4131328459961826 0.5557929426647753 0.6927375574057315 1.3798942484092005 0.6926740351013093 -0.3945357577469222 0.8162307473882927 -0.98989898989899 -0.9329166666666666 0.0
0.257130136496225 0.3653299217806236 0.5115353828436338 0.5692802278130538 0.7339275334422803 0.17081836671283893 -0.44127778593912165 1.0901375314168995 -0.9892676767676768 -0.8716666666666667 0.0
0.257130136496225 0.3653299217806236 0.5115353828436338 0.5676788001931916 0.7339275334422803 0.16864448289295367 -0.387742121769993 0.5968758411005904 -0.9888468013468014 -0.9483333333333334 0.0
0.05342645303128507 1.168169821075702 0.5493336856254131 0.6990854533142811 1.403900178919056 0.43306004167058376 -0.382113849496899 1.0395117630416966 -1.0 -0.9229166666666667 0.0
0.24939856557201745 0.38073184454721515 0.5557903106670598 0.6960438557844276 1.380311641235321 0.6761126503858222 -0.41175133955162146 1.0059734616172158 -0.9884259259259259 -0.9083333333333333 0.0
0.24686197306769675 0.356352902033368 0.5352142279952128 0.5571687996050804 0.7325471790249816 0.18980041554068552 -0.39657404918308403 0.6269805059004593 -0.9819023569023569 -0.94125 0.0
0.24986286849214542 0.36628316387149196 0.5558035543271319 0.69261192905676 1.3857618944368064 0.6751771509959347 -0.3732454480497533 0.49284597473530756 -0.9861111111111112 -0.9679166666666666 0.0
0.24724752219630589 0.3676356672429204 0.5485360953478056 0.5589463555776201 0.7320889096828491 0.19145877656421306 -0.3945418612168095 0.624158686420785 -0.9808501683501684 -0.9425 0.0
0.24154931568985213 0.38089945713919515 0.07664315326739152 0.6847081615173161 1.4629386136552365 0.1912143796686699 -0.4110269041698486 1.0551922100350535 -0.98989898989899 -0.9052083333333333 0.0
0.2484784515229655 0.37005383526906044 0.5342500964912382 0.5651109962273954 0.7339275334422803 0.17823364921447285 -0.4319053239501109 1.0161611364820156 -0.9810606060606061 -0.8879166666666667 0.0
0.24840494212937403 0.36947031713382944 0.5558035543271319 0.6927050592240191 1.3978153370984616 0.6831129302403948 -0.3611055187608987 0.3954914758020725 -0.9884259259259259 -0.9852083333333334 0.0
0.24196164991796276 0.4671053419840911 0.5557903106670598 0.6960481368317488 1.3795703413448424 0.692957520333628 -0.40425946263678975 1.029832553776328 -0.98989898989899 -0.9125 0.0
0.6785775601664408 1.591469995685895 0.5033128568903166 0.031214395651898916 1.658787267389617 0.1427856298949465 -0.340016660972217 0.24667297141587294 -0.9903198653198653 -1.0 0.0
0.5260309021264621 1.3001213991185725 0.8582373117282944 0.1275017284027273 1.716197447319561 0.3206116983628142 -0.27535147056696235 0.1795345557951267 -1.0 -1.0 0.0
0.24671149295609845 0.3425441980715135 0.612845775042098 0.29742122783845754 1.5779446829125252 0.2797507375147086 -0.25244517967576735 0.1599961399802496 -0.98989898989899 -1.0 0.0
0.6391333883902254 1.6092246360835265 0.7841141526604524 0.6618013749255143 1.9719767665640653 0.40643060732289926 -0.3228554843709764 0.21625103001979695 -1.0 -1.0 0.0
0.43413356640882506 1.135564659296842 0.5945148674536028 0.5153408618177536 1.8639017776785503 0.29736349845641896 -0.23501282903957713 0.15955348986610482 -1.0 -1.0 0.0
0.38068115624959553 0.6695393867924452 0.7839784807647162 0.5786439166959181 1.8055267854389392 0.18904691070584287 -0.3314553678274689 0.20848193516692856 -0.98989898989899 -1.0 0.0
0.378159166339033 0.6361822979892652 0.4527614714103201 0.27575754015659115 0.4976971318884138 0.6571948591876043 -0.3053202241836364 0.18781195459655128 -0.98989898989899 -1.0 0.0
0.3728824188162686 0.2217194127794595 0.6152610616420309 0.5496589993221266 1.9920550722109183 0.18308796775184302 -0.40061680104224723 0.9174247358563781 -0.98989898989899 -0.885 0.0
0.5036421467679971 1.319131062129178 0.31670193353761444 0.3180792977115791 1.2472883784985975 0.10154926071186962 -0.2551424612983809 0.16891603684628634 -1.0 -1.0 0.0
0.24711118094486306 0.36589099344324505 0.8732518031979859 0.8265216931639942 1.9347195845458245 0.2700555487685594 -0.2919548494823987 0.1797799187132426 -0.98989898989899 -1.0 0.0
0.2798594832281276 0.34237568994616846 0.6194198388062933 0.376410327297402 1.974597792513626 0.18637343333682826 -0.31121106235909446 0.1899745623954737 -0.9797979797979798 -1.0 0.0
0.6229156190830534 1.5790116827216096 0.7786754218258402 0.2621455246420181 1.9099121680169728 0.13352269950779624 -0.31416220893148755 0.2072590707992766 -1.0 -1.0 0.0
0.27362143128456934 0.4189460188204733 0.6135014986264183 0.29482127785225387 1.9832720949999845 0.13274753048609672 -0.27385436433303145 0.16986566590530816 -0.98989898989899 -1.0 0.0
0.4058497433585478 0.9919986087900988 0.990954860617886 0.27115633289079316 1.9127286144905995 0.6608344568274156 -0.21090659471324202 0.14969691293798365 -0.9993686868686869 -1.0 0.0
0.6959512756280452 1.8675449863981315 0.8670593244902642 0.8512977394396798 1.9348066038652758 0.183875962360564 -0.3403723307029846 0.2565083849455725 -1.0 -1.0 0.0
0.6814034547404113 1.65137075159478 0.6130410802839532 0.34396992099871715 1.9628090821961475 0.1826143117429377 -0.3305490976499887 0.22694505487862515 -1.0 -1.0 0.0
0.20727465909617868 0.24564387590646924 0.6349023308937797 0.805999771212857 1.8660138004803122 0.7411150188992952 -0.39604148750254425 0.6801224582770518 -0.98989898989899 -0.9304166666666667 0.0
0.2847005726006477 0.2182420913647281 0.607325468900115 0.17732927162244866 1.9625707570608952 0.13521690481951076 -0.3500227548762549 0.22690852618769405 -0.98989898989899 -1.0 0.0
0.3665541755496012 0.6229214525774884 0.48680078392614 0.3196707756792433 1.244884405019254 0.1450912249512345 -0.32193284991707466 0.19987652990492333 -0.98989898989899 -1.0 0.0
0.35011228708415265 0.13811184661079628 0.7926000544321321 0.29833699073374875 1.9288071163363436 0.18293176666797595 -0.42765719360853494 0.897963816922292 -0.985479797979798 -0.8702083333333334 0.0
0.3728819286156742 0.22309466303622627 0.779375800797941 0.2880423909518913 0.2771076244015963 0.18283270395201606 -0.42076174995612853 0.9882881467419464 -0.98989898989899 -0.8645833333333334 0.0
0.20727465909617868 0.24625468135604264 0.6077851303312155 0.7969689395907769 1.8660138004803122 0.7411150188992952 -0.36315107147391146 0.3972945925450171 -0.98989898989899 -0.9675 0.0
0.35011228708415265 0.13811184661079628 0.43194402241768914 0.29833699073374875 1.234290806350621 0.10757977550031059 -0.4104749342106375 0.8023321820271935 -0.9859006734006734 -0.89125 0.0
0.35011090457459976 0.1399555944312252 0.8052762259356996 0.29833699073374875 1.906928939638611 0.18293176666797595 -0.4002959678225772 0.7016303195088135 -0.9863215488215489 -0.901875 0.0
0.37127957498735575 0.6202627130848746 0.34291371147380656 0.28538728362039784 0.2731409629897549 0.12122448120023138 -0.34282485165023474 0.21706007261496627 -0.98989898989899 -1.0 0.0
0.20201894273810847 0.23287018094726658 0.6526370185887695 0.29833699073374875 1.9145670546237303 0.18736798846292002 -0.22762388958781257 0.14999852111153741 -0.98989898989899 -1.0 0.0
0.3712170094415148 0.22457434524762843 0.7968804044125628 0.6734566613553882 1.9859941607177878 0.1323085136907898 -0.4102745246612809 0.9644794872960442 -0.98989898989899 -0.8739583333333333 0.0
0.6083789449174071 1.5638735880584964 0.47680167549125096 0.3205774241248937 1.2472883784985975 0.10226751349345968 -0.3027216696929314 0.1976187165252715 -1.0 -1.0 0.0
0.34982534595037745 0.1399555944312252 0.8052762259356996 0.3757705124244148 1.8621318698408775 0.1865383792523684 -0.38394949953103086 0.6522372799583279 -0.9863215488215489 -0.91875 0.0
0.40239618018869033 0.9919986087900988 0.9982041256860826 0.2740766559426499 1.8410473910059417 0.662388128676484 -0.20727842700649557 0.14842213799881632 -1.0 -1.0 0.0
0.3712357000209054 0.22309466303622627 0.7750385603343692 0.2882817488751191 0.27714931118653224 0.11908216037166278 -0.4002969939598569 0.8841691291281951 -0.9894781144781145 -0.8883333333333333 0.0
0.35011228708415265 0.13464824257433672 0.5821753676102196 0.29645001289519973 1.9288071163363436 0.18288281305969126 -0.43469272786148805 0.9006353734258128 -0.985479797979798 -0.8641666666666666 0.0
0.5975740946504322 1.5440559065298234 0.4999828792241607 0.3196707756792433 1.2220256852985538 0.1450912249512345 -0.2908258019187643 0.1895180554088567 -1.0 -1.0 0.0
0.35011090457459976 0.1399555944312252 0.4768756003932365 0.29833699073374875 1.906928939638611 0.18293176666797595 -0.37023312201625197 0.6087664601165687 -0.9880050505050505 -0.9335416666666667 0.0
