standard C library=  None
standard C library=  None
standard C library=  None
standard C library=  None
setBorgLibrary=  None
setBorgLibrary=  None
setBorgLibrary=  None
setBorgLibrary=  None
standard C library=  None
standard C library=  None
standard C library=  None
setBorgLibrary=  None
standard C library=  None
setBorgLibrary=  None
setBorgLibrary=  None
setBorgLibrary=  None
standard C library=  None
standard C library=  None
standard C library=  None
setBorgLibrary=  None
setBorgLibrary=  None
standard C library=  None
standard C library=  None
setBorgLibrary=  None
standard C library=  None
standard C library=  None
setBorgLibrary=  None
setBorgLibrary=  None
setBorgLibrary=  None
standard C library=  None
setBorgLibrary=  None
standard C library=  None
standard C library=  None
standard C library=  None
standard C library=  None
setBorgLibrary=  None
setBorgLibrary=  None
standard C library=  None
setBorgLibrary=  None
setBorgLibrary=  None
setBorgLibrary=  None
standard C library=  None
setBorgLibrary=  None
standard C library=  None
setBorgLibrary=  None
setBorgLibrary=  None
standard C library=  None
setBorgLibrary=  None
standard C library=  None
standard C library=  None
setBorgLibrary=  None
standard C library=  None
standard C library=  None
standard C library=  None
setBorgLibrary=  None
setBorgLibrary=  None
setBorgLibrary=  None
standard C library=  None
setBorgLibrary=  None
setBorgLibrary=  None
standard C library=  None
standard C library=  None
standard C library=  None
setBorgLibrary=  None
standard C library=  None
standard C library=  None
setBorgLibrary=  None
setBorgLibrary=  None
setBorgLibrary=  None
setBorgLibrary=  None
standard C library=  None
standard C library=  None
setBorgLibrary=  None
setBorgLibrary=  None
standard C library=  None
setBorgLibrary=  None
standard C library=  None
setBorgLibrary=  None
standard C library=  None
setBorgLibrary=  None
standard C library=  None
standard C library=  None
standard C library=  None
standard C library=  None
setBorgLibrary=  None
setBorgLibrary=  None
standard C library=  None
setBorgLibrary=  None
standard C library=  None
setBorgLibrary=  None
setBorgLibrary=  None
standard C library=  None
standard C library=  None
standard C library=  None
setBorgLibrary=  None
standard C library=  None
standard C library=  None
standard C library=  None
standard C library=  None
setBorgLibrary=  None
standard C library=  None
setBorgLibrary=  None
setBorgLibrary=  None
setBorgLibrary=  None
standard C library=  None
setBorgLibrary=  None
setBorgLibrary=  None
standard C library=  None
setBorgLibrary=  None
setBorgLibrary=  None
setBorgLibrary=  None
setBorgLibrary=  None
standard C library=  None
standard C library=  None
setBorgLibrary=  None
standard C library=  None
standard C library=  None
setBorgLibrary=  None
setBorgLibrary=  None
standard C library=  None
setBorgLibrary=  None
setBorgLibrary=  None
standard C library=  None
standard C library=  None
setBorgLibrary=  None
standard C library=  None
setBorgLibrary=  None
setBorgLibrary=  None
standard C library=  None
standard C library=  None
standard C library=  None
setBorgLibrary=  None
setBorgLibrary=  None
setBorgLibrary=  None
standard C library=  None
setBorgLibrary=  None
standard C library=  None
standard C library=  None
standard C library=  None
standard C library=  None
setBorgLibrary=  None
setBorgLibrary=  None
setBorgLibrary=  None
setBorgLibrary=  None
standard C library=  None
standard C library=  None
standard C library=  None
setBorgLibrary=  None
setBorgLibrary=  None
setBorgLibrary=  None
standard C library=  None
standard C library=  None
standard C library=  None
setBorgLibrary=  None
standard C library=  None
setBorgLibrary=  None
setBorgLibrary=  None
setBorgLibrary=  None
standard C library=  None
setBorgLibrary=  None
standard C library=  None
standard C library=  None
standard C library=  None
setBorgLibrary=  None
standard C library=  None
setBorgLibrary=  None
standard C library=  None
setBorgLibrary=  None
setBorgLibrary=  None
setBorgLibrary=  None
standard C library=  None
standard C library=  None
setBorgLibrary=  None
standard C library=  None
setBorgLibrary=  None
setBorgLibrary=  None
standard C library=  None
standard C library=  None
standard C library=  None
setBorgLibrary=  None
setBorgLibrary=  None
setBorgLibrary=  None
standard C library=  None
setBorgLibrary=  None
standard C library=  None
setBorgLibrary=  None
standard C library=  None
setBorgLibrary=  None
standard C library=  None
setBorgLibrary=  None
standard C library=  None
setBorgLibrary=  None
setBorgLibrary=  ./libborgmm.so
setBorgLibrary=  ./libborgmm.so
setBorgLibrary=  ./libborgmm.so
setBorgLibrary=  ./libborgmm.so
setBorgLibrary=  ./libborgmm.so
setBorgLibrary=  ./libborgmm.so
setBorgLibrary=  ./libborgmm.so
setBorgLibrary=  ./libborgmm.so
setBorgLibrary=  ./libborgms.so
setBorgLibrary=  ./libborgms.so
setBorgLibrary=  ./libborgms.so
setBorgLibrary=  ./libborgms.so
setBorgLibrary=  ./libborgms.so
setBorgLibrary=  ./libborgms.so
setBorgLibrary=  ./libborgms.so
setBorgLibrary=  ./libborgms.so
setBorgLibrary=  ./libborgmm.so
setBorgLibrary=  ./libborgmm.so
setBorgLibrary=  ./libborgmm.so
setBorgLibrary=  ./libborgmm.so
setBorgLibrary=  ./libborgmm.so
setBorgLibrary=  ./libborgmm.so
setBorgLibrary=  ./libborgmm.so
setBorgLibrary=  ./libborgmm.so
setBorgLibrary=  ./libborgms.so
setBorgLibrary=  ./libborgms.so
setBorgLibrary=  ./libborgms.so
setBorgLibrary=  ./libborgms.so
setBorgLibrary=  ./libborgms.so
setBorgLibrary=  ./libborgms.so
setBorgLibrary=  ./libborgms.so
setBorgLibrary=  ./libborgms.so
setBorgLibrary=  ./libborgmm.so
setBorgLibrary=  ./libborgmm.so
setBorgLibrary=  ./libborgmm.so
setBorgLibrary=  ./libborgmm.so
setBorgLibrary=  ./libborgmm.so
setBorgLibrary=  ./libborgmm.so
setBorgLibrary=  ./libborgmm.so
setBorgLibrary=  ./libborgms.so
setBorgLibrary=  ./libborgms.so
setBorgLibrary=  ./libborgms.so
setBorgLibrary=  ./libborgms.so
setBorgLibrary=  ./libborgms.so
setBorgLibrary=  ./libborgms.so
setBorgLibrary=  ./libborgms.so
setBorgLibrary=  ./libborgmm.so
setBorgLibrary=  ./libborgms.so
setBorgLibrary=  ./libborgmm.so
setBorgLibrary=  ./libborgmm.so
setBorgLibrary=  ./libborgmm.so
setBorgLibrary=  ./libborgmm.so
setBorgLibrary=  ./libborgmm.so
setBorgLibrary=  ./libborgmm.so
setBorgLibrary=  ./libborgmm.so
setBorgLibrary=  ./libborgmm.so
setBorgLibrary=  ./libborgmm.so
setBorgLibrary=  ./libborgms.so
setBorgLibrary=  ./libborgmm.so
setBorgLibrary=  ./libborgms.so
setBorgLibrary=  ./libborgmm.so
setBorgLibrary=  ./libborgms.so
setBorgLibrary=  ./libborgmm.so
setBorgLibrary=  ./libborgms.so
setBorgLibrary=  ./libborgmm.so
setBorgLibrary=  ./libborgms.so
setBorgLibrary=  ./libborgmm.so
setBorgLibrary=  ./libborgms.so
setBorgLibrary=  ./libborgms.so
setBorgLibrary=  ./libborgms.so
setBorgLibrary=  ./libborgms.so
setBorgLibrary=  ./libborgms.so
setBorgLibrary=  ./libborgms.so
setBorgLibrary=  ./libborgms.so
setBorgLibrary=  ./libborgmm.so
setBorgLibrary=  ./libborgms.so
setBorgLibrary=  ./libborgms.so
setBorgLibrary=  ./libborgmm.so
setBorgLibrary=  ./libborgms.so
setBorgLibrary=  ./libborgms.so
setBorgLibrary=  ./libborgmm.so
setBorgLibrary=  ./libborgmm.so
setBorgLibrary=  ./libborgmm.so
setBorgLibrary=  ./libborgmm.so
setBorgLibrary=  ./libborgmm.so
setBorgLibrary=  ./libborgms.so
setBorgLibrary=  ./libborgmm.so
setBorgLibrary=  ./libborgmm.so
setBorgLibrary=  ./libborgms.so
setBorgLibrary=  ./libborgms.so
setBorgLibrary=  ./libborgms.so
setBorgLibrary=  ./libborgms.so
setBorgLibrary=  ./libborgms.so
setBorgLibrary=  ./libborgms.so
setBorgLibrary=  ./libborgmm.so
setBorgLibrary=  ./libborgms.so
setBorgLibrary=  ./libborgmm.so
setBorgLibrary=  ./libborgmm.so
setBorgLibrary=  ./libborgmm.so
setBorgLibrary=  ./libborgmm.so
setBorgLibrary=  ./libborgmm.so
setBorgLibrary=  ./libborgmm.so
setBorgLibrary=  ./libborgmm.so
setBorgLibrary=  ./libborgms.so
setBorgLibrary=  ./libborgms.so
setBorgLibrary=  ./libborgms.so
setBorgLibrary=  ./libborgms.so
setBorgLibrary=  ./libborgms.so
setBorgLibrary=  ./libborgms.so
setBorgLibrary=  ./libborgms.so
setBorgLibrary=  ./libborgmm.so
setBorgLibrary=  ./libborgms.so
setBorgLibrary=  ./libborgmm.so
setBorgLibrary=  ./libborgmm.so
setBorgLibrary=  ./libborgmm.so
setBorgLibrary=  ./libborgmm.so
setBorgLibrary=  ./libborgmm.so
setBorgLibrary=  ./libborgmm.so
setBorgLibrary=  ./libborgmm.so
setBorgLibrary=  ./libborgms.so
setBorgLibrary=  ./libborgms.so
setBorgLibrary=  ./libborgms.so
setBorgLibrary=  ./libborgms.so
setBorgLibrary=  ./libborgms.so
setBorgLibrary=  ./libborgms.so
setBorgLibrary=  ./libborgms.so
setBorgLibrary=  ./libborgmm.so
setBorgLibrary=  ./libborgms.so
setBorgLibrary=  ./libborgmm.so
setBorgLibrary=  ./libborgmm.so
setBorgLibrary=  ./libborgmm.so
setBorgLibrary=  ./libborgmm.so
setBorgLibrary=  ./libborgmm.so
setBorgLibrary=  ./libborgmm.so
setBorgLibrary=  ./libborgmm.so
setBorgLibrary=  ./libborgms.so
setBorgLibrary=  ./libborgms.so
setBorgLibrary=  ./libborgms.so
setBorgLibrary=  ./libborgms.so
setBorgLibrary=  ./libborgms.so
setBorgLibrary=  ./libborgms.so
setBorgLibrary=  ./libborgms.so
setBorgLibrary=  ./libborgmm.so
setBorgLibrary=  ./libborgms.so
setBorgLibrary=  ./libborgmm.so
setBorgLibrary=  ./libborgmm.so
setBorgLibrary=  ./libborgmm.so
setBorgLibrary=  ./libborgmm.so
setBorgLibrary=  ./libborgmm.so
setBorgLibrary=  ./libborgmm.so
setBorgLibrary=  ./libborgmm.so
setBorgLibrary=  ./libborgmm.so
setBorgLibrary=  ./libborgms.so
setBorgLibrary=  ./libborgms.so
setBorgLibrary=  ./libborgms.so
setBorgLibrary=  ./libborgms.so
setBorgLibrary=  ./libborgms.so
setBorgLibrary=  ./libborgms.so
setBorgLibrary=  ./libborgms.so
setBorgLibrary=  ./libborgms.so
setBorgLibrary=  ./libborgmm.so
setBorgLibrary=  ./libborgmm.so
setBorgLibrary=  ./libborgmm.so
setBorgLibrary=  ./libborgmm.so
setBorgLibrary=  ./libborgmm.so
setBorgLibrary=  ./libborgmm.so
setBorgLibrary=  ./libborgmm.so
setBorgLibrary=  ./libborgms.so
setBorgLibrary=  ./libborgms.so
setBorgLibrary=  ./libborgmm.so
setBorgLibrary=  ./libborgms.so
setBorgLibrary=  ./libborgms.so
setBorgLibrary=  ./libborgms.so
setBorgLibrary=  ./libborgms.so
setBorgLibrary=  ./libborgms.so
setBorgLibrary=  ./libborgms.so
setBorgLibrary=  ./libborgmm.so
setBorgLibrary=  ./libborgmm.so
setBorgLibrary=  ./libborgmm.so
setBorgLibrary=  ./libborgmm.so
setBorgLibrary=  ./libborgmm.so
setBorgLibrary=  ./libborgmm.so
setBorgLibrary=  ./libborgmm.so
setBorgLibrary=  ./libborgmm.so
setBorgLibrary=  ./libborgms.so
setBorgLibrary=  ./libborgms.so
setBorgLibrary=  ./libborgms.so
setBorgLibrary=  ./libborgms.so
setBorgLibrary=  ./libborgms.so
setBorgLibrary=  ./libborgms.so
setBorgLibrary=  ./libborgms.so
setBorgLibrary=  ./libborgms.so
0.2264530200089303 1.7177228735539098 1.0 0.5689873568539411 1.015058202680724 0.3685961172096482 -0.28700363873030804 0.18683449019431708 -1.0 -1.0 0.0
0.3058219977211775 0.38199768277312063 0.8862857970724971 0.5018280677322385 1.5895227108336238 0.11792537415332313 -0.33553439454056244 0.20924010300359205 -0.9892676767676768 -1.0 0.0
0.6489562687893258 1.7134203881367147 0.29995374349897713 0.43297580557464704 1.9854767810361167 0.0 -0.32414092611890416 0.21781748941445778 -1.0 -1.0 0.0
0.29176259534850113 0.37673023369969766 0.8321386615567661 0.5540702562002322 0.739175241718954 0.1530009673883245 -0.3525887290131046 0.23341491627988784 -0.98989898989899 -1.0 0.0
0.17133002781827714 1.5247480314049748 0.9066979575219326 0.9078900881494797 1.3840305750811095 0.1838777996019505 -0.3811515265180307 1.4868087748743148 -1.0 -0.881875 0.0
0.19543589912220807 0.323324884397192 0.6309177921921784 0.6970066911795438 1.3391416993681782 0.25639433904990877 -0.3123109853748673 0.19670880918368325 -0.98989898989899 -1.0 0.0
0.23247037753399818 0.36916600916039993 0.40472318034169585 0.6593007668130192 1.3592644259489757 0.18280600350440426 -0.3027000669080382 0.18727965741633043 -0.98989898989899 -1.0 0.0
0.30873857957530404 1.7476636233957024 1.0 0.5716111280788271 1.015058202680724 0.3651973815543398 -0.2916620802454009 0.18917810195459991 -0.9928451178451179 -1.0 0.0
0.28091588736609613 1.6596960255253954 0.991533744991576 0.5340550070465538 1.070264432868682 0.36086928556191655 -0.23052679785221905 0.15928114622699419 -1.0 -1.0 0.0
0.19538703506451732 0.135421303063665 0.16169747137615958 0.007099540780696856 1.7551650661632112 0.669963936796197 -0.22468822375738892 0.1489174067331379 -0.98989898989899 -1.0 0.0
0.3011243644838442 0.30835917864150086 0.8890538778829048 0.49964877008877734 1.5696105033906012 0.11629465968456892 -0.34710598283949334 0.22238858337930423 -0.98989898989899 -1.0 0.0
0.26576949895028257 0.4185196197211166 0.8331540411658703 0.20749999820429377 0.7543501599585521 0.36144100193005435 -0.2511846153155524 0.15969852926189668 -0.98989898989899 -1.0 0.0
0.635884493922097 1.6952693410918138 0.3106967088278801 0.4261705699460516 1.9762660566196812 0.019651177073680363 -0.31093238454159994 0.20526706030589556 -1.0 -1.0 0.0
0.42463356900107707 1.1787584700541531 0.742359932199926 0.20512766920355097 1.0160772128599065 0.21562968893305257 -0.2035713329762701 0.1476281300554357 -1.0 -1.0 0.0
0.19940520174367302 0.8821029618974937 0.7793350298917433 0.8274380311475499 1.7064224586300718 0.6526237494144068 -0.36032162192087275 0.7160414329048123 -0.993476430976431 -0.9572916666666667 0.0
0.29176259534850113 0.37673023369969766 0.8321386615567661 0.3537492905593488 0.739175241718954 0.15482117214956204 -0.32205343104301926 0.19768332250706314 -0.9797979797979798 -1.0 0.0
0.670265003217714 1.742419938524025 0.2730912276582259 0.5039455720770364 2.0 0.0 -0.3330152000725013 0.22999232431246927 -0.998526936026936 -1.0 0.0
0.23247037753399818 0.3686705109123599 0.8631071102305365 0.6615054399356984 1.3592644259489757 0.18280600350440426 -0.2707633598308136 0.16884980876653113 -0.98989898989899 -1.0 0.0
0.1811701067587143 0.8833860913463683 0.7799709494644709 0.815688991643416 1.8403088712564886 0.8857503634488302 -0.33289280305516106 0.2438321890874674 -1.0 -1.0 0.0
0.3334650055256543 0.46294876699946746 0.8754791000148427 0.5152055572716059 1.4964056021669472 0.16786027386336233 -0.34011398517937214 0.21480472604739076 -0.9800084175084175 -1.0 0.0
0.31562282494465044 1.508574290019195 0.8914211075228446 0.6959871758323511 1.3435549334615442 0.2590550051306776 -0.26501674325665775 0.17676535940392166 -1.0 -1.0 0.0
-0.1257643982406278 1.0438203607754988 0.2993817970273451 0.3556513051636374 0.693961077682584 1.0 -0.3209415689525453 0.20320908522730816 -0.98989898989899 -1.0 0.0
0.1886101032618469 1.508574290019195 1.0 0.6959871758323511 1.3435549334615442 0.25781656496360594 -0.2401815225863373 0.166127724285019 -1.0 -1.0 0.0
0.1938110694072049 0.44295875152175684 0.6064471382655084 0.5092098914875599 0.7942110381741625 0.1393467400062604 -0.2847894565566987 0.1778297786123666 -0.98989898989899 -1.0 0.0
0.3059456477787123 0.3535867363706182 0.3034526752094804 0.5052365387827266 1.9958149103697627 0.11528872864211182 -0.33710597611616516 0.2127785665283933 -0.98989898989899 -1.0 0.0
0.19274508484011435 0.8653730659000526 0.787731129530926 0.8203100483274411 1.7077933264093648 0.6576424558314314 -0.3441133680619795 0.4023047985471793 -0.9989478114478114 -0.9883333333333333 0.0
0.237146842933429 0.9025576432823846 0.7904406114945202 0.7272346955712071 1.6908935976121178 0.7175896858389493 -0.29518548189215815 0.19433546486730593 -1.0 -1.0 0.0
1.1581955048553914 1.3984149959298575 0.06886269118651751 0.325269116042049 1.5842194201777007 1.0 -0.3516330150588973 1.0311300729700572 -1.0 -0.9295833333333333 0.0
1.1984610509123796 1.4086700560079586 0.03457122180484497 0.33548278912438 1.6595246463624833 0.595099405981935 -0.3314741950488322 0.3695501779884384 -1.0 -0.9920833333333333 0.0
0.27797764592756913 0.3747571591229078 0.9275809388904788 0.08914627276573928 0.9337600443823636 0.9038792629502432 -0.27305573712503023 0.1696376099028053 -0.98989898989899 -1.0 0.0
1.1581955048553914 1.3984149959298575 0.06866102311492367 0.315035117774119 0.9227983749147073 1.0 -0.39053708923684144 1.4287456742943052 -0.98989898989899 -0.890625 0.0
0.3116908769867479 0.3625994404501943 0.19001765111188768 0.08658768169938523 0.9256367323597345 0.12177393052503477 -0.33393150714848163 0.20794145810488163 -0.9814814814814815 -1.0 0.0
0.6366317400724048 1.9271951215172176 0.32155325108243926 0.5775371916423047 1.6848951830649708 0.8710777759251831 -0.26513170173963935 0.1762840082967538 -1.0 -1.0 0.0
1.0590349943297486 1.0866557922310414 0.0 0.6421101564435195 1.7357080624606456 0.5504617024192152 -0.3140684076616668 0.20819018476098314 -1.0 -1.0 0.0
1.0770054354084166 1.5819603231693526 0.03457122180484497 0.45778671507313395 1.5404774587462837 0.9695645070098258 -0.25005491343870956 0.16912844178419228 -1.0 -1.0 0.0
0.25170875431417583 0.35391273613721697 0.17957329964431334 0.10118345067913165 0.9314263481827592 0.13455784785793162 -0.2450319675414279 0.157047151809245 -0.98989898989899 -1.0 0.0
0.2933997246128953 0.33729474793543424 0.19440623613876343 0.07200391867085003 0.9053839812685016 0.12153640789492441 -0.32313123234079794 0.1986408492653552 -0.9797979797979798 -1.0 0.0
0.37671364528344636 0.539933424970775 0.2400814356405657 0.31386660200209054 0.942806877413014 0.5635114289103125 -0.30528574863035385 0.18849272936291825 -0.98989898989899 -1.0 0.0
0.4417353139236171 0.9442040297330733 0.7881202759595374 0.4256645016802359 1.1108649324418196 0.08949099668177418 -0.3235753335614287 0.20343973585503605 -0.98989898989899 -1.0 0.0
0.584039141406869 2.0 0.559355196858896 0.6493891188158245 1.776246953388667 0.9602985338384246 -0.27912314511157454 0.18462717398104708 -1.0 -1.0 0.0
0.6464904558098075 0.9867494918927604 0.08085729358678645 0.22875938975051718 0.8985827817844132 1.0 -0.20316251238598249 0.14821688961957716 -1.0 -1.0 0.0
1.0746342866485254 1.3240459911720046 0.06505676662569784 0.2810905859220165 1.4878463459242726 0.8300602126434344 -0.3419880449375556 0.6645831225140343 -1.0 -0.9660416666666667 0.0
0.2902817824130989 0.34841913770593136 0.13227203061279874 0.08463063855686132 1.005616619179873 0.8762280957720434 -0.21205930652572283 0.14657397094875238 -0.98989898989899 -1.0 0.0
0.4417353139236171 1.3108984302325168 0.7881202759595374 0.4256645016802359 1.0325414854393253 0.08949099668177418 -0.22393709207020643 0.15519263070311848 -1.0 -1.0 0.0
0.6524653939707122 1.9271951215172176 0.32155325108243926 0.5517548293914496 0.9541701252648955 0.8335929054970099 -0.3619654902261658 0.9383431990798085 -0.9797979797979798 -0.9164583333333334 0.0
0.6366317400724048 1.5331888179139208 0.32155325108243926 0.5775371916423047 1.6848951830649708 0.8710777759251831 -0.2986663205971554 0.19529925270969353 -1.0 -1.0 0.0
0.30346648710172563 0.3625994404501943 0.19001765111188768 0.11084643962710744 0.9256367323597345 0.47761004178450145 -0.28191614306083473 0.17436983096851189 -0.98989898989899 -1.0 0.0
0.3274603510115696 0.3117870720423262 0.20160479172771972 0.03554754092680776 0.9750737079838754 0.06612495359045513 -0.3565900394260327 0.2469604967041313 -0.98989898989899 -1.0 0.0
1.2218984797569208 1.36168533852384 0.03009865367286616 0.45570735862778156 1.474256488136405 0.9895661950211185 -0.32026187824190006 0.21731218869633176 -1.0 -1.0 0.0
1.1012936045405728 1.273320782409705 0.05036231055700212 0.4324747093999709 1.4697939084671958 0.926210619842398 -0.33912987800127664 0.32973910043748167 -0.9991582491582491 -0.9958333333333333 0.0
0.3131059884457998 0.3312749032060861 0.22810584537878997 0.0537395350323867 0.9090310918374966 0.1805748321195654 -0.34423476324697083 0.21880785892005275 -0.98989898989899 -1.0 0.0
0.4417353139236171 0.9595813722619896 0.7881202759595374 0.3485813041169661 1.1570092909917653 0.08949099668177418 -0.3153602203620803 0.19782293266639125 -0.98989898989899 -1.0 0.0
-0.3331612900478206 1.3886521288036144 0.009174132158205284 0.4019669034585811 1.1670547256810324 1.0 -0.20959387885776382 0.14948719528402446 -1.0 -1.0 0.0
0.37520098287306186 1.6524106744126394 0.326298590527594 0.23351703502861523 0.4308891321304303 0.9138289303335176 -0.21073229524046688 0.14506332818611883 -0.98989898989899 -1.0 0.0
0.5474576210441164 0.6971563041319895 0.25028360079190387 0.07606065952455587 1.1838268390603925 1.0 -0.402835343361905 1.0980444394144009 -0.98989898989899 -0.9095833333333333 0.0
0.6006521896574314 1.5178454655033495 0.8040716018477551 0.21754535538929257 1.4518762903494478 0.3372985813902944 -0.2838377701783204 0.18615837845455915 -1.0 -1.0 0.0
0.3281547227578694 0.931824931179162 0.9923800791298704 0.5304006007797959 1.0019389351649224 0.9481770204375845 -0.3358680106890297 0.21717023291359475 -0.98989898989899 -1.0 0.0
0.36242835334919243 1.6041385917030029 0.33704238724593044 0.29507040427253384 0.49634309384876174 0.9009704714412919 -0.2704580201915138 0.16864500187030262 -0.98989898989899 -1.0 0.0
0.3706142717500765 0.8740633303136216 0.32799108134152066 0.3482946734507105 0.5275570527947407 0.8951457389386245 -0.3331970198356005 0.20862456482617253 -0.9797979797979798 -1.0 0.0
0.4059796476536298 0.848904638280152 0.9647745093897965 0.3356051558934028 0.5235141701169362 0.2598039271385584 -0.32125113986115245 0.19979366388261544 -0.98989898989899 -1.0 0.0
0.40545171335527935 1.1774691209701775 0.6809875033692683 0.5337341867720903 1.5091325410160068 0.3431566141250285 -0.2283868221641716 0.15707525153442622 -1.0 -1.0 0.0
0.6632647104465834 1.6137142111467255 0.3373816524583453 0.6122214291450138 1.8344566756877525 0.7763975419664336 -0.3022339989438391 0.19894541427345777 -1.0 -1.0 0.0
0.7798805136039509 1.4925923521414266 0.0 0.3356967862565522 0.660076797476982 0.117936140365235 -0.288999983720998 0.1785290958216413 -0.98989898989899 -1.0 0.0
0.37058534584831804 1.5156195665326604 0.3629876232541818 0.2992016375058269 0.5939427547151814 0.8698497677814504 -0.23758744529094059 0.1548464005969354 -0.98989898989899 -1.0 0.0
0.6648739219470817 1.6223487387515825 0.336828563213763 0.7187586793721533 1.9610014540474041 0.8155006818184349 -0.3339408109261814 0.23400608160913663 -1.0 -1.0 0.0
0.5474576210441164 1.600144509693076 0.9927246390080451 0.07681345837813712 1.1838268390603925 0.11358953975093883 -0.2410833650627978 0.16444687140217706 -1.0 -1.0 0.0
0.4059796476536298 0.848904638280152 0.9456104369290816 0.386069906162926 1.1858959182395181 0.37417026200397596 -0.2960491663479144 0.18463468196266444 -0.98989898989899 -1.0 0.0
0.5419910034467321 0.8522355757525237 0.26565193887920735 0.4168557602335838 0.9158644484069964 0.7581661886799607 -0.3528669589893478 0.2448258069615178 -0.98989898989899 -1.0 0.0
0.4795953886725973 0.8597982814540471 0.28697514398253887 0.5337341867720903 1.5091325410160068 0.3431566141250285 -0.34479160745455567 0.2278497869527293 -0.98989898989899 -1.0 0.0
0.5829644325710769 1.4329394354128968 0.6763070053315535 0.34676447533217786 1.5398219857055282 0.4798833327931354 -0.27126584073735266 0.1783804803265748 -1.0 -1.0 0.0
0.11397910353587459 0.5089303135194188 0.5486671704679418 0.5768059330472735 1.2986238373673111 0.9540726561169257 -0.37122285414827966 0.6916546917193557 -0.98989898989899 -0.938125 0.0
0.7031772645395682 1.7359763891514044 0.7799041124157303 0.24025763644291454 0.9691891405457373 0.8303987630104422 -0.2657039029778203 0.17700578402151437 -1.0 -1.0 0.0
0.1325522808536171 1.1067284290047537 0.6143873284182573 0.7855605626903648 1.4482280443429636 0.26075340975273664 -0.33268483748075 0.24754829711269663 -1.0 -1.0 0.0
0.5934804337512412 1.2849695710369635 0.6087979547322773 0.1376317376135956 0.6938380668006867 0.6456436856826198 -0.2968023078442452 0.19374414651303526 -0.9907407407407407 -1.0 0.0
0.49734572605368843 1.212540474935182 0.9153288405892326 -0.14677882596566927 1.7122882461897588 0.44379759600214647 -0.2785023549615502 0.1826857021812959 -1.0 -1.0 0.0
0.2273156253440791 0.5089303135194188 0.5486671704679418 0.5850470658777832 1.2801514183896838 0.2769118228266606 -0.2647089871307649 0.16799455138244376 -0.98989898989899 -1.0 0.0
0.5009574964416775 1.301333118602573 0.7611268505117549 0.14151313569287216 1.0501024527349736 0.4431030604889732 -0.22765643514023268 0.15792140955935932 -1.0 -1.0 0.0
0.3789886038762864 0.6749983266755848 0.5562144028182174 0.3132128492738169 1.22284315294643 0.6191401800171737 -0.2837676201674138 0.17689672230456835 -0.98989898989899 -1.0 0.0
0.2830464178708244 0.9242100276156502 0.7021807325201502 0.5089125297893065 0.8428806208477722 0.3327319098266087 -0.323806872456847 0.2055473967230481 -0.98989898989899 -1.0 0.0
0.29039400138309407 1.1429861333700653 0.532520230043109 0.6647351446246579 1.3451682312087208 0.10032718339275636 -0.20523194314750706 0.14945457266068488 -1.0 -1.0 0.0
0.2357275915920257 0.2942258921205592 0.9457496071965208 0.5768059330472735 1.2986238373673111 0.4053556298383874 -0.2928069741314818 0.17955603199563439 -0.9800084175084175 -1.0 0.0
0.22888457122379297 0.44316669334348835 0.4432614834021943 0.43761750145850636 1.2984871664684863 0.4053556298383874 -0.21161483192205413 0.1457196085664722 -0.98989898989899 -1.0 0.0
0.7953108423663993 1.808799680591198 0.8139477996191835 0.17500587276601587 0.9653837104545809 0.9052127702046304 -0.312768132035976 0.21284589035710152 -1.0 -1.0 0.0
0.13194552215355915 0.9512113239407424 0.5565410899871478 0.5293592515094159 1.29208186433475 0.8159401246383646 -0.2540553176078973 0.1695017431258233 -1.0 -1.0 0.0
0.566315720841054 1.5684135352305975 0.7161912181741413 0.6040003501838653 1.326831198278263 0.14953159725232923 -0.3088333711157937 0.20122198681560519 -0.990530303030303 -1.0 0.0
0.2830464178708244 0.9242100276156502 0.580161896998595 0.5089125297893065 0.8412539610133394 0.3327319098266087 -0.3350780562383335 0.215353537905693 -0.98989898989899 -1.0 0.0
0.307763875999433 0.2942258921205592 0.6862801724979464 0.5768059330472735 1.4368194117420172 0.47085993041314494 -0.3525101602196486 0.23234528076708647 -0.98989898989899 -1.0 0.0
0.3572600599129363 1.183953538472247 0.5474337228474957 0.3679702367820801 0.5435210066126825 0.35967308843914214 -0.31338556011604624 0.19378755198216682 -0.98989898989899 -1.0 0.0
0.3789886038762864 0.6749983266755848 0.9864837738959872 0.3132128492738169 1.185905832024115 0.6191401800171737 -0.3046203306077212 0.1882767320705143 -0.98989898989899 -1.0 0.0
0.14815293027592502 0.501362304880032 0.8031249522138798 0.5450133248123609 0.9076203283538822 0.14631366827819053 -0.2359697570266419 0.15968321713069047 -0.98989898989899 -1.0 0.0
0.7156933068488349 1.9976520769714314 0.06353737415362554 0.6323068585787683 1.6956926092407159 0.4845548527046467 -0.31504544192989786 0.20893505419744593 -1.0 -1.0 0.0
0.5202608103079318 1.1933291678728914 0.37944811399955414 0.014097000596027032 1.9534930533822905 0.31725863445510777 -0.2662792181951444 0.1752337159400407 -1.0 -1.0 0.0
0.3390493268005197 1.7162256044606272 0.7578835561277102 0.44772609100856964 0.48143415108198007 0.12870049479620077 -0.34014256522792213 0.2193854330572218 -0.98989898989899 -1.0 0.0
0.698810836786615 1.8908323848233517 0.290356369050796 0.53416027043317 1.4208286486859976 0.45153263320499537 -0.30513688963394475 0.19931773349899498 -0.9997895622895623 -1.0 0.0
0.28733471781757214 0.5109581653402023 0.2893842193534986 0.4738885453286348 0.9149126877055682 0.4054637126081441 -0.33216864493776843 0.20984332479629195 -0.98989898989899 -1.0 0.0
0.37580966056927106 0.5029573041347176 0.0 0.5642079286032051 1.53137313478238 1.0 -0.2921417113483017 0.18994815396012066 -1.0 -1.0 0.0
0.7903157651427208 1.4328309356736075 0.26207382945981555 0.32210426318805696 2.0 0.6537013101512503 -0.3339323186004511 0.24132106356651464 -1.0 -1.0 0.0
0.019215147352597987 1.439416162679661 0.7451760600958166 0.5361926846184584 1.2488451421146647 0.7098240785848817 -0.25242376211713285 0.1697116602784321 -1.0 -1.0 0.0
0.3258944350848184 0.61713084195782 0.8496873007668626 0.3685587443676595 1.4148949823720711 0.0 -0.290049900520925 0.178920852836686 -0.98989898989899 -1.0 0.0
0.7903157651427208 1.4328309356736075 0.2602362317412985 0.6298825599587798 2.0 0.8734644093710549 -0.3417727648429239 0.2732690381808608 -0.9901094276094277 -1.0 0.0
0.49086244118912836 0.7908625022632062 0.09109993277199602 0.3403989051518927 1.5989178247251636 0.7338036822266674 -0.20638246898278356 0.1492622972713268 -1.0 -1.0 0.0
0.28164869569962986 0.5153674822184305 0.31817721687805467 0.5862501442779227 1.974314385672113 0.39149172198171744 -0.24618529982805756 0.15919310722404478 -0.98989898989899 -1.0 0.0
0.29032466241398946 0.2305690888278757 0.5059603801106046 0.6085040188370922 1.592884074801785 0.35148773888800067 -0.35203966051594743 0.2311090799425969 -0.98989898989899 -1.0 0.0
0.18886562236775314 0.20916040874584382 1.0 -0.7889886073027467 1.7975664119443153 0.0 -0.22248820904563824 0.14807275206553264 -0.98989898989899 -1.0 0.0
0.2892095122530599 0.1729249512085328 0.02844052701075578 0.34254419526826235 1.199222497921256 0.9510610793778635 -0.2719935040851748 0.1693859987509402 -0.98989898989899 -1.0 0.0
0.49086244118912836 0.7908625022632062 0.10942204971566671 0.3403989051518927 1.5989178247251636 0.7338036822266674 -0.22333666311495803 0.15540449461051511 -1.0 -1.0 0.0
-0.01734129538330665 1.5050612169489517 0.7826204845264609 0.6017091354443203 1.234444541993972 0.6793767366953911 -0.322486938275258 0.2182784237453609 -0.9989478114478114 -1.0 0.0
-0.0956175443096432 1.494650942267952 0.732431255239365 0.5753719171936554 1.1693104498279447 0.7698287457659768 -0.3966800744149473 1.2687244666609179 -0.98989898989899 -0.898125 0.0
