standard C library=  None
standard C library=  None
setBorgLibrary=  None
setBorgLibrary=  None
standard C library=  None
standard C library=  None
setBorgLibrary=  None
setBorgLibrary=  None
standard C library=  None
standard C library=  None
standard C library=  None
standard C library=  None
setBorgLibrary=  None
setBorgLibrary=  None
setBorgLibrary=  None
setBorgLibrary=  None
standard C library=  None
standard C library=  None
standard C library=  None
standard C library=  None
setBorgLibrary=  None
standard C library=  None
setBorgLibrary=  None
setBorgLibrary=  None
setBorgLibrary=  None
setBorgLibrary=  None
standard C library=  None
setBorgLibrary=  None
standard C library=  None
standard C library=  None
setBorgLibrary=  None
setBorgLibrary=  None
standard C library=  None
standard C library=  None
setBorgLibrary=  None
setBorgLibrary=  None
standard C library=  None
standard C library=  None
setBorgLibrary=  None
setBorgLibrary=  None
standard C library=  None
standard C library=  None
setBorgLibrary=  None
setBorgLibrary=  None
standard C library=  None
standard C library=  None
setBorgLibrary=  None
setBorgLibrary=  None
standard C library=  None
standard C library=  None
setBorgLibrary=  None
setBorgLibrary=  None
standard C library=  None
standard C library=  None
setBorgLibrary=  None
setBorgLibrary=  None
standard C library=  None
standard C library=  None
standard C library=  None
setBorgLibrary=  None
standard C library=  None
setBorgLibrary=  None
setBorgLibrary=  None
setBorgLibrary=  None
standard C library=  None
standard C library=  None
standard C library=  None
standard C library=  None
setBorgLibrary=  None
setBorgLibrary=  None
setBorgLibrary=  None
setBorgLibrary=  None
standard C library=  None
standard C library=  None
standard C library=  None
setBorgLibrary=  None
setBorgLibrary=  None
standard C library=  None
setBorgLibrary=  None
setBorgLibrary=  None
standard C library=  None
setBorgLibrary=  None
standard C library=  None
standard C library=  None
setBorgLibrary=  None
setBorgLibrary=  None
standard C library=  None
setBorgLibrary=  None
standard C library=  None
setBorgLibrary=  None
standard C library=  None
standard C library=  None
setBorgLibrary=  None
setBorgLibrary=  None
standard C library=  None
setBorgLibrary=  None
setBorgLibrary=  ./libborgmm.so
setBorgLibrary=  ./libborgmm.so
setBorgLibrary=  ./libborgms.so
setBorgLibrary=  ./libborgms.so
setBorgLibrary=  ./libborgmm.so
setBorgLibrary=  ./libborgms.so
setBorgLibrary=  ./libborgmm.so
setBorgLibrary=  ./libborgms.so
setBorgLibrary=  ./libborgmm.so
setBorgLibrary=  ./libborgmm.so
setBorgLibrary=  ./libborgms.so
setBorgLibrary=  ./libborgms.so
setBorgLibrary=  ./libborgmm.so
setBorgLibrary=  ./libborgms.so
setBorgLibrary=  ./libborgmm.so
setBorgLibrary=  ./libborgms.so
setBorgLibrary=  ./libborgmm.so
setBorgLibrary=  ./libborgmm.so
setBorgLibrary=  ./libborgms.so
setBorgLibrary=  ./libborgms.so
setBorgLibrary=  ./libborgmm.so
setBorgLibrary=  ./libborgms.so
setBorgLibrary=  ./libborgmm.so
setBorgLibrary=  ./libborgmm.so
setBorgLibrary=  ./libborgms.so
setBorgLibrary=  ./libborgms.so
setBorgLibrary=  ./libborgmm.so
setBorgLibrary=  ./libborgms.so
setBorgLibrary=  ./libborgmm.so
setBorgLibrary=  ./libborgms.so
setBorgLibrary=  ./libborgmm.so
setBorgLibrary=  ./libborgms.so
setBorgLibrary=  ./libborgmm.so
setBorgLibrary=  ./libborgmm.so
setBorgLibrary=  ./libborgmm.so
setBorgLibrary=  ./libborgmm.so
setBorgLibrary=  ./libborgms.so
setBorgLibrary=  ./libborgms.so
setBorgLibrary=  ./libborgms.so
setBorgLibrary=  ./libborgms.so
setBorgLibrary=  ./libborgmm.so
setBorgLibrary=  ./libborgmm.so
setBorgLibrary=  ./libborgms.so
setBorgLibrary=  ./libborgms.so
setBorgLibrary=  ./libborgmm.so
setBorgLibrary=  ./libborgmm.so
setBorgLibrary=  ./libborgmm.so
setBorgLibrary=  ./libborgmm.so
setBorgLibrary=  ./libborgms.so
setBorgLibrary=  ./libborgms.so
setBorgLibrary=  ./libborgms.so
setBorgLibrary=  ./libborgms.so
setBorgLibrary=  ./libborgmm.so
setBorgLibrary=  ./libborgmm.so
setBorgLibrary=  ./libborgmm.so
setBorgLibrary=  ./libborgmm.so
setBorgLibrary=  ./libborgms.so
setBorgLibrary=  ./libborgms.so
setBorgLibrary=  ./libborgms.so
setBorgLibrary=  ./libborgms.so
setBorgLibrary=  ./libborgmm.so
setBorgLibrary=  ./libborgmm.so
setBorgLibrary=  ./libborgmm.so
setBorgLibrary=  ./libborgmm.so
setBorgLibrary=  ./libborgms.so
setBorgLibrary=  ./libborgms.so
setBorgLibrary=  ./libborgms.so
setBorgLibrary=  ./libborgms.so
setBorgLibrary=  ./libborgmm.so
setBorgLibrary=  ./libborgms.so
setBorgLibrary=  ./libborgmm.so
setBorgLibrary=  ./libborgms.so
setBorgLibrary=  ./libborgmm.so
setBorgLibrary=  ./libborgmm.so
setBorgLibrary=  ./libborgms.so
setBorgLibrary=  ./libborgms.so
setBorgLibrary=  ./libborgmm.so
setBorgLibrary=  ./libborgms.so
setBorgLibrary=  ./libborgmm.so
setBorgLibrary=  ./libborgms.so
setBorgLibrary=  ./libborgmm.so
setBorgLibrary=  ./libborgmm.so
setBorgLibrary=  ./libborgmm.so
setBorgLibrary=  ./libborgmm.so
setBorgLibrary=  ./libborgms.so
setBorgLibrary=  ./libborgms.so
setBorgLibrary=  ./libborgms.so
setBorgLibrary=  ./libborgms.so
setBorgLibrary=  ./libborgmm.so
setBorgLibrary=  ./libborgmm.so
setBorgLibrary=  ./libborgmm.so
setBorgLibrary=  ./libborgmm.so
setBorgLibrary=  ./libborgms.so
setBorgLibrary=  ./libborgms.so
setBorgLibrary=  ./libborgms.so
setBorgLibrary=  ./libborgms.so
0.7573312810434194 1.548101907969937 0.32645238166639007 0.38199773333498577 1.288805531324528 0.6776001660010679 -0.3191936960425024 0.21196687597678773 -0.9909511784511784 -1.0 0.0
0.3352283120054244 0.8271005760984351 0.8683093301398419 0.46024293196038035 0.6798781591845082 0.2986631612221258 -0.3314175326175272 0.20942490737046557 -0.98989898989899 -1.0 0.0
0.48725906718148937 1.544302392040453 0.5478337960889961 0.4610283647865302 1.288805531324528 0.8818616337947176 -0.23125827225328907 0.15868706932507196 -1.0 -1.0 0.0
0.41541434439788566 1.179184353213978 0.0 0.3525130052853228 0.6454250272037331 0.20445790741963613 -0.31505759874934225 0.19457548966156943 -0.98989898989899 -1.0 0.0
0.6307279147573004 1.454357908116223 0.7164143153032231 0.32807024020831715 1.218154294648913 0.7901006535416294 -0.28631063284003855 0.18656369275342513 -1.0 -1.0 0.0
-0.17207821167137494 2.0 0.7442363461743318 0.6206635606118379 1.360928339657636 1.0 -0.333971093266985 0.24191421901228563 -1.0 -1.0 0.0
-0.11088293888231582 1.354064616273849 0.0 0.21673012266989455 0.3265700046623293 0.26490962411630414 -0.22406749546606494 0.1488470967540291 -0.98989898989899 -1.0 0.0
0.6911879285799603 1.81029740670553 0.7616943246109369 0.7506262380918665 1.911174864341534 1.0 -0.34076874856716916 0.2560395427452776 -0.9997895622895623 -1.0 0.0
0.5549481314527529 1.5711436747437009 0.5582725116013981 0.3867693067445996 1.2207939157117131 0.20339562956469487 -0.2486729507376391 0.16693720234205212 -1.0 -1.0 0.0
0.44085216362736745 0.8818805594071899 0.5722943940528225 0.40942625330932003 0.7613704588868686 0.4911721853416582 -0.34063120678644077 0.2192054321643043 -0.98989898989899 -1.0 0.0
-0.011572866628509038 1.671960549412668 0.08138826648438117 0.35367148983144947 0.47390141675106745 0.9902414434172373 -0.3523768664691309 0.23244992586722787 -0.98989898989899 -1.0 0.0
-0.1608689468887815 1.4645009538457812 0.397179324703411 0.38903038596204187 1.0781759012396495 1.0 -0.2055939049518968 0.14965801801187995 -1.0 -1.0 0.0
-0.18507247764830712 2.0 0.7681531019071285 0.6480387778310646 1.391372480874948 1.0 -0.39522240227574973 1.5177426915706762 -0.9987373737373737 -0.8741666666666666 0.0
0.42285462467808727 1.318989410587217 0.12051585627614357 0.3394650791887691 0.5993128150331211 0.5554074498366431 -0.30549440551773044 0.18813872789334365 -0.98989898989899 -1.0 0.0
-0.024264856718253465 1.7214643379098489 0.8448196019512403 0.639544470878235 1.599893504625327 1.0 -0.2647452701160877 0.17809392462633752 -1.0 -1.0 0.0
0.4557227945248077 1.5829743887002903 0.7961805438999103 0.6867227869696684 1.5637191624143403 0.6465022138740604 -0.3096171146297318 0.2037820004632327 -1.0 -1.0 0.0
0.0400402500716146 1.311001909801814 0.06614103285198203 0.2340778935065192 0.3383234753725126 0.7512368903190962 -0.24586364560129473 0.15715990562374496 -0.98989898989899 -1.0 0.0
0.01217629661268227 1.7042556732883818 0.8376563821060727 0.3425542730654513 0.5740600182451999 0.9978430283800988 -0.28597811078528873 0.17715666541002387 -0.98989898989899 -1.0 0.0
0.3780017795902119 1.2112529018670488 0.0 0.3019537248558 0.5877065559865778 0.19998258997896176 -0.2652755648370833 0.16632385057505836 -0.98989898989899 -1.0 0.0
1.2518035723585788 1.4086700560079586 0.03457122180484497 0.34143685324616646 1.5404774587462837 0.7838525178674851 -0.3218877265651255 0.2345971024333415 -1.0 -1.0 0.0
0.29594410297636914 0.4571894877319524 0.9999417563533165 0.14835256365331986 1.1953121530143356 0.2738072976434145 -0.29003389861499834 0.17833359814789965 -0.9890572390572391 -1.0 0.0
0.6800427496248937 1.4007702854834003 0.9963055611844635 0.42843755272118433 1.1173796549247064 0.43069857019714514 -0.3615946153434071 0.9989168352576248 -0.98989898989899 -0.919375 0.0
0.10661931514005707 1.2748930758116113 0.22790029231177183 0.4250947674106203 1.1683648223353384 0.4603355775063524 -0.19292642822647035 0.145097915436075 -1.0 -1.0 0.0
0.31815388950423523 0.32266516344073704 0.10011584249775708 0.13470867461197278 0.8761960426117861 0.9152759935322585 -0.25008490674344513 0.1599473519230975 -0.98989898989899 -1.0 0.0
0.33324702831400776 0.7135298846684419 0.5666614774993873 0.45840043396420493 0.9129158000848926 0.6239448544000575 -0.3200887205059762 0.19971984753113733 -0.98989898989899 -1.0 0.0
0.2727531767590451 0.46482493050866264 1.0 0.14820062658069258 0.2732827701279083 0.8934708133965186 -0.2242348463671263 0.14921099638584645 -0.98989898989899 -1.0 0.0
0.5646381181831233 1.9052536223592293 0.7458159042886254 -0.15673821598384707 1.1173796549247064 0.43069857019714514 -0.35663106323907057 1.5117205345636047 -1.0 -0.8683333333333333 0.0
0.2998800911243106 0.3510438780238234 0.9574928122024988 0.08690894291570775 1.1408645347932693 0.2806686358152755 -0.33266217220743766 0.2093189363022292 -0.9892676767676768 -1.0 0.0
0.29594410297636914 0.02965864935068041 0.017555767247154908 0.5281691872126218 1.2817757305448103 0.9189821161343259 -0.4253044161397373 0.4033305000224869 -0.9896885521885522 -0.94375 0.0
0.33324702831400776 0.7135298846684419 0.15569276370017196 0.45840043396420493 0.9129158000848926 0.8857973971441141 -0.34034370801345054 0.21976893946654652 -0.98989898989899 -1.0 0.0
0.2783877419143245 0.37495924481348913 0.9158645879022336 0.08638559442421986 0.9194721510123152 0.9001777383117882 -0.2735906382035536 0.16990822797206737 -0.98989898989899 -1.0 0.0
0.308595820865239 0.4607203972743353 0.9711340128692016 0.14264302849888838 1.2477112857492076 0.27530300560533477 -0.30607456618462026 0.18767120777844049 -0.9806397306397306 -1.0 0.0
0.5126669166638889 1.2065398116488977 0.9704744233697292 0.10471085214282054 1.187029860981862 0.8779485140961473 -0.24681107422174012 0.16608717944974788 -1.0 -1.0 0.0
0.7215147246626595 1.8266502413782382 0.417289225921535 0.3169408193074241 1.1173796549247064 0.43334055036281455 -0.27067274508671973 0.17911346966428235 -1.0 -1.0 0.0
0.29594410297636914 0.46505817499474367 0.9999981440893829 0.14835256365331986 1.1953121530143356 0.2738072976434145 -0.2869175535940502 0.176708275765229 -0.98989898989899 -1.0 0.0
0.6818700308636458 1.8279240452283816 0.9569865256684249 0.31933894970342885 1.140302219309826 0.4290047337754861 -0.2815362685422384 0.18554952576752926 -1.0 -1.0 0.0
0.33324702831400776 1.5331888179139208 0.5666614774993873 0.45840043396420493 0.9129158000848926 0.6239448544000575 -0.2946654181974389 0.18644054266744334 -0.98989898989899 -1.0 0.0
0.6818700308636458 1.7746456107664232 0.9569865256684249 0.31933894970342885 1.1456848238478419 0.4290047337754861 -0.2938317417343164 0.1930536535217636 -1.0 -1.0 0.0
0.2991560412377299 0.02965864935068041 0.017555767247154908 0.5281691872126218 1.2817757305448103 0.9106635711924582 -0.3696578636163666 0.32144334758562204 -0.9896885521885522 -0.9820833333333333 0.0
0.47535135566149855 1.1039966690357128 0.8961022330140856 0.1467687172219528 1.2357294058197752 0.9190875587684902 -0.2310128623520322 0.15865797717162403 -1.0 -1.0 0.0
0.6526384852266663 1.4067215910003412 0.9928342746943957 0.5613288455312756 0.0 1.0 -0.3141627813493176 0.20877409483075382 -1.0 -1.0 0.0
0.301158021588589 0.2707782493036882 1.0 0.08833765503975474 1.1121855655330473 0.23578942808739214 -0.3513085279046037 0.2295073285225658 -0.98989898989899 -1.0 0.0
0.24943242205928157 1.4787529705173081 0.30418575190188596 0.23538763606337337 0.3221515568819776 1.0 -0.2465970257364213 0.15746239095588063 -0.98989898989899 -1.0 0.0
0.3946319018881292 0.9771110919105157 0.9873776492469755 0.21839484401101497 0.5244621336009776 0.6935074403168419 -0.21734811646860033 0.14923434944102323 -0.98989898989899 -1.0 0.0
0.36495666656371434 1.104190747283716 0.6977105273639829 0.5596448672692887 1.55097579409989 0.5141489914896034 -0.22576901238951375 0.15623649515537288 -1.0 -1.0 0.0
0.3790279050635481 0.8674918308079922 0.9896050694637857 0.34869680608359577 1.2436558852636612 0.22064606143974153 -0.2602173905956166 0.16702763339789453 -0.98989898989899 -1.0 0.0
0.1528560943431554 0.923960517797358 0.06565686183230895 0.5825849455474467 1.4534686067372713 0.1732585467174818 -0.2884600417847547 0.1882783783776152 -1.0 -1.0 0.0
0.5870196826867677 1.3831137486257712 1.0 0.6245665361005331 1.1092669297055027 0.5771852364525039 -0.37452710283262824 1.2887258077107606 -0.98989898989899 -0.8754166666666666 0.0
0.42567326768647196 1.0438949806268203 1.0 -0.10382082125051512 1.0320973087880392 0.6284449582333063 -0.3404766221393329 0.7364478671703171 -1.0 -0.9429166666666666 0.0
0.5116536120956239 1.4105722266986238 1.0 0.5461758163742586 1.2488342109001147 0.02673054758919159 -0.2721760601076641 0.17754977995215224 -0.9993686868686869 -1.0 0.0
0.4785658462155995 0.8673288212909621 0.9954627478178504 0.3505924862189107 1.0385142016595688 0.7115744396807538 -0.34165676502576775 0.22214001175369866 -0.98989898989899 -1.0 0.0
-0.09302316198223465 2.0 0.8353900408851416 0.5467823258655109 1.0312304750587902 0.42726261995656967 -0.3015246802429616 0.19783797064319963 -0.9997895622895623 -1.0 0.0
0.3620049326689577 0.5096662981716478 0.07470500714036413 -0.19957131079540721 1.7945414421376389 0.0 -0.35306739844446383 0.23432624467536098 -0.98989898989899 -1.0 0.0
0.3946319018881292 0.7445518683513048 0.986944144704152 0.28346634687329725 0.558522523459115 0.9008072013800565 -0.30115436301581255 0.18575386610684996 -0.98989898989899 -1.0 0.0
0.7260135276144501 2.0 0.516000051889146 0.2023456680250919 1.9778891848087614 0.11777871183666372 -0.29476367546658283 0.19664538948606347 -1.0 -1.0 0.0
0.02284173534399686 2.0 0.5813937505026379 0.5008310227270625 1.1153244328831458 0.5148275473180364 -0.2513445931553964 0.16788652751246233 -1.0 -1.0 0.0
0.7260135276144501 2.0 0.9872575608249264 0.22054172167704403 1.9967100049951618 0.11243568592901962 -0.30915176750911955 0.20764679345343076 -1.0 -1.0 0.0
0.4785658462155995 0.8565408791041105 0.993828343203468 0.3496706989717716 1.0614009700209281 0.9919842493236029 -0.33526447395688397 0.2145674364416109 -0.98989898989899 -1.0 0.0
0.33188022443948484 1.2219010790691114 1.0 0.6159205868288733 1.4516574395326582 0.7673736740768036 -0.2649783491286349 0.17479717196792113 -1.0 -1.0 0.0
0.37553955691983254 0.9100076487350203 0.48475579832355925 0.5848459081291443 1.2763950501743877 0.27999887274506347 -0.3120266328589907 0.19743088760615365 -0.98989898989899 -1.0 0.0
0.4557910565803962 0.9179909122635568 1.0 0.4184230866931242 1.0486620037767158 0.7603115519390662 -0.3246764664053127 0.20456333598282825 -0.98989898989899 -1.0 0.0
0.024768628982287134 0.9051811291243108 1.0 0.416490986891596 1.0122457468341797 1.0 -0.20537265816069264 0.14934376517416512 -1.0 -1.0 0.0
0.3946319018881292 0.7445518683513048 0.9997671339891228 0.21839484401101497 0.5472791312139373 0.9008072013800565 -0.2843591010393003 0.17663802691583774 -0.98989898989899 -1.0 0.0
0.7839469235778203 2.0 0.9707324033067647 0.1969687853192011 2.0 0.11002598174136372 -0.33875245587543557 0.26789574651246756 -1.0 -1.0 0.0
0.7595693390679618 1.9894137076715304 0.4737384795619358 0.2009581258900406 0.838818551563349 0.11691607308232857 -0.3210156846984364 0.2198186750326341 -1.0 -1.0 0.0
0.6184473814355296 1.558460344093111 0.4765132848648192 -0.18539822497531028 1.3891318765277831 0.13935818566587613 -0.40914537762402486 1.6109306861791295 -1.0 -0.8589583333333334 0.0
0.5918220324266802 1.7180095200026 0.5716455718617066 0.11310268363005904 1.2904972592852768 0.0 -0.27158160687440097 0.17952469192775652 -1.0 -1.0 0.0
0.3860855955620677 0.6962077699904029 0.7585347549045751 0.47048529799680594 1.4314320129193066 0.4548332914990189 -0.3182606839102562 0.19794846175667538 -0.98989898989899 -1.0 0.0
0.38703814080001964 1.1125032636598924 0.7585347549045751 0.47048529799680594 1.4314320129193066 0.44607271504089074 -0.20826525979836172 0.1490985096421571 -1.0 -1.0 0.0
0.3283691989953371 0.7175606694614596 0.6367071811253008 0.34489004651630606 1.581737936451931 0.40293052880366154 -0.21692210786067034 0.14939465227900886 -0.98989898989899 -1.0 0.0
0.4897398173217424 1.386337479807496 1.0 -0.29869490357728806 1.7862357414150472 0.0 -0.2507665793963079 0.16712185427223816 -1.0 -1.0 0.0
0.4305882263052194 0.9496761515669538 0.43978623882104784 0.12475964761765056 1.300584731370528 0.5261044309758984 -0.2235557730680976 0.1548006809125366 -1.0 -1.0 0.0
0.3471175901536034 0.3800812610404079 0.5469940296577206 0.02325692466143644 1.9172498988016087 0.5268850915600012 -0.3509495968357957 0.2295438413517482 -0.98989898989899 -1.0 0.0
0.5918220324266802 1.6628926559230952 0.5715724720439628 0.11310268363005904 1.2904972592852768 0.0 -0.285642643544586 0.18711547493602723 -1.0 -1.0 0.0
0.4237927845597058 0.4095686260328198 0.7447584095437273 0.5174480660891335 1.485125020591868 0.44568182004966544 -0.3649259597838404 0.6679081476791944 -0.9833754208754208 -0.92875 0.0
0.3750014222019052 0.5491111716709177 0.5510010760346985 -0.0008998226550200397 1.8804085453871213 0.4656283306699926 -0.33309332659288254 0.2097481036734786 -0.9856902356902357 -1.0 0.0
0.4237927845597058 0.4095686260328198 0.7237514350369382 0.5174480660891335 1.2204304695340067 0.44568182004966544 -0.4026923084252025 1.0652305831081914 -0.9846380471380471 -0.8675 0.0
0.3116633733305449 0.5326516000001948 0.5940891674145573 0.3248519560938319 1.3577167491954893 0.08311185655533582 -0.29179655680960237 0.17959466083217013 -0.98989898989899 -1.0 0.0
0.03794826346060438 1.918411909392347 0.5234626956154006 0.6384652225854417 1.2995111289775403 0.3845668021375335 -0.3144191884028536 0.20921583194767698 -1.0 -1.0 0.0
0.4237927845597058 1.4946735877148494 0.016279881157938103 0.5174480660891335 1.2204304695340067 0.4465151750750095 -0.3245324877227377 0.2096524868889966 -0.98989898989899 -1.0 0.0
0.7402264793268964 2.0 0.8915620642293918 -0.0627185285358346 1.001246580788333 0.0 -0.33182268254592134 0.23443737032212505 -1.0 -1.0 0.0
0.28734621735863336 0.5866660438808162 0.606808409302062 0.355325797110713 1.3426118710093558 0.11425680746159311 -0.23382130495125078 0.1529362702725472 -0.98989898989899 -1.0 0.0
0.667927665689988 1.9208458069794154 0.495205687789997 1.2537135103076642 1.869728604151883 0.029987745789470215 -0.3420391656556463 0.6997040320386759 -1.0 -0.95875 0.0
0.759075891166648 1.9815204909811692 0.4755926561403371 1.4259348145952933 1.8847155165590148 0.00496304744088874 -0.3519146712895074 1.2443882026291477 -1.0 -0.8954166666666666 0.0
0.21009634648558792 1.5422508266609636 1.0 0.5759132123639381 1.0774417566091552 0.526092697172198 -0.3028211204835815 0.19673830908310116 -0.9901094276094277 -1.0 0.0
0.3116633733305449 0.5326516000001948 0.5935207000568565 0.3248519560938319 1.3577167491954893 0.35215996495282553 -0.2709592839325992 0.16909854006669459 -0.98989898989899 -1.0 0.0
0.3860855955620677 0.6764861936257396 0.7585347549045751 0.5772696317647291 1.4314320129193066 0.4548332914990189 -0.3388714749124022 0.21715299070707572 -0.98989898989899 -1.0 0.0
0.667927665689988 1.9208458069794154 0.570645500113215 0.5831491975769733 1.3802487932944618 0.0008546853746325116 -0.2943554124134349 0.19471970497828053 -1.0 -1.0 0.0
0.7580182274713305 1.9815204909811692 0.7531304581102641 0.03136761301696689 1.8847155165590148 0.17036673909677147 -0.32359938362184026 0.22454155131061107 -1.0 -1.0 0.0
0.2885550843292277 1.6934445439124117 0.4605915650471142 0.9337645803889645 1.7220286153541013 0.1589709789095064 -0.3312014479418592 0.25042698029804383 -1.0 -1.0 0.0
0.31282491691947445 1.52034719223389 0.049617197666289706 0.5069470820049933 0.7811383988276008 0.31958552222288167 -0.3853383766774105 1.1213768580422323 -0.98989898989899 -0.8741666666666666 0.0
0.5995928655742544 1.2574823364663317 0.31338260086321756 0.5796380003465843 1.7889305340448323 1.0 -0.3039053059177808 0.19834324904227416 -1.0 -1.0 0.0
0.12018610757535741 1.7895039593057627 0.3647788336845117 0.5358872652501283 0.9357082340758789 0.09789329433642857 -0.25181656167619826 0.16875746832297003 -1.0 -1.0 0.0
0.33561116502038923 1.62473547646597 0.23493153599083907 0.46527300306725206 1.1263064605012318 0.2769750755564554 -0.23079902575029684 0.15809367016324294 -1.0 -1.0 0.0
0.3866416546545016 1.2911303651188188 0.10792345351252307 0.33536599597779215 0.7612595694486881 0.6976435934966697 -0.24358771668844262 0.15879006449231572 -0.98989898989899 -1.0 0.0
0.5663211773151234 1.6140470077974132 0.2905254208820223 0.47003751660425097 1.2277130916058556 0.1774483425971144 -0.27341485773927876 0.1784510163993732 -1.0 -1.0 0.0
0.15623841360414437 1.6163693010009053 0.10639918605465828 0.3983388276704212 1.1272904563700976 0.9698200635790286 -0.2032758508774691 0.14719319582851884 -1.0 -1.0 0.0
0.5995928655742544 1.2574823364663317 0.31338260086321756 0.5796380003465843 1.9997235299593583 1.0 -0.28334156687484974 0.1857979902521447 -1.0 -1.0 0.0
0.3620355330360032 0.18383993095789153 0.7212235704312383 0.1598239770524317 1.989163149152849 0.20885734312337723 -0.3622384355084867 0.6096782477286181 -0.9888468013468014 -0.9397916666666667 0.0
0.2665109236618238 0.13648833832672613 0.013689205673276694 0.6765838970968959 1.8902077329082154 0.9931471964644394 -0.3315026794000382 0.21119153247157998 -0.98989898989899 -1.0 0.0
0.20531375478134334 0.2391187560707476 0.7822556754535035 0.0976234831319146 1.9189024757740458 0.36404561932574603 -0.2258139607442615 0.1493837466785097 -0.98989898989899 -1.0 0.0
0.2885550843292277 1.8648125797490729 0.4605915650471142 0.9550371198919458 1.706864599998459 0.1589709789095064 -0.3446383442072308 0.8294987996097056 -1.0 -0.9475 0.0
0.2665109236618238 0.13648833832672613 0.013689205673276694 0.6638860711877339 1.9186565788892695 0.7096941912621773 -0.3255553657099748 0.20421051913228874 -0.98989898989899 -1.0 0.0
0.27274059886894014 0.311822629004441 0.3853305273043142 0.14891431076494593 1.9061613782837465 0.37388197737310314 -0.29407364859272606 0.17994161182187887 -0.9797979797979798 -1.0 0.0
0.3620355330360032 0.18383993095789153 0.7212235704312383 0.5719514940227737 1.8017637946211682 0.20885734312337723 -0.37126914161973074 0.6974747016777966 -0.9888468013468014 -0.9252083333333333 0.0
0.2876494131034161 1.2968515192726495 0.4779077845118669 0.929039049504335 1.7220286153541013 0.1589709789095064 -0.32903111560736686 0.23776984015343894 -1.0 -1.0 0.0
0.3620355330360032 0.18383993095789153 0.7275134789588354 0.1598239770524317 1.989163149152849 0.09784142097142551 -0.4297395274627471 1.0135853140859787 -0.9877946127946128 -0.8539583333333334 0.0
0.6117420098118413 1.2471933183472268 0.29891344594121216 0.5790734766767107 1.786189918074993 0.9813933354881261 -0.31017878122578196 0.20303874634287114 -0.9972643097643098 -1.0 0.0
0.2548372185269929 0.18157779082165748 0.024997887599572777 0.572281204895929 1.6532349511247526 0.48093500217870994 -0.30484539359472723 0.18835067449110135 -0.98989898989899 -1.0 0.0
0.2567040498452965 0.18157779082165748 0.03454007955298366 0.5770418205716018 1.654314148260244 0.49179754764946804 -0.3121721678874369 0.19271790646844308 -0.9888468013468014 -1.0 0.0
0.2665109236618238 0.13648833832672613 0.604481340450907 0.6638787453408656 1.996168144011759 1.0 -0.35040125925681886 0.22766710606078144 -0.98989898989899 -1.0 0.0
0.6060029264370982 1.2331504057142395 1.0 0.5092147194937179 1.5613032174187564 0.05352498540586617 -0.3609195103413613 0.9833958387210564 -0.98989898989899 -0.9152083333333333 0.0
