standard C library=  None
standard C library=  None
setBorgLibrary=  None
setBorgLibrary=  None
standard C library=  None
standard C library=  None
setBorgLibrary=  None
setBorgLibrary=  None
standard C library=  None
standard C library=  None
setBorgLibrary=  None
setBorgLibrary=  None
standard C library=  None
standard C library=  None
standard C library=  None
setBorgLibrary=  None
setBorgLibrary=  None
setBorgLibrary=  None
standard C library=  None
setBorgLibrary=  None
standard C library=  None
standard C library=  None
setBorgLibrary=  None
setBorgLibrary=  None
standard C library=  None
standard C library=  None
setBorgLibrary=  None
setBorgLibrary=  None
standard C library=  None
standard C library=  None
setBorgLibrary=  None
setBorgLibrary=  None
standard C library=  None
standard C library=  None
setBorgLibrary=  None
setBorgLibrary=  None
standard C library=  None
setBorgLibrary=  None
standard C library=  None
setBorgLibrary=  None
standard C library=  None
standard C library=  None
setBorgLibrary=  None
setBorgLibrary=  None
standard C library=  None
standard C library=  None
setBorgLibrary=  None
setBorgLibrary=  None
setBorgLibrary=  ./libborgmm.so
setBorgLibrary=  ./libborgms.so
setBorgLibrary=  ./libborgmm.so
setBorgLibrary=  ./libborgms.so
setBorgLibrary=  ./libborgmm.so
setBorgLibrary=  ./libborgmm.so
setBorgLibrary=  ./libborgms.so
setBorgLibrary=  ./libborgms.so
setBorgLibrary=  ./libborgmm.so
setBorgLibrary=  ./libborgmm.so
setBorgLibrary=  ./libborgms.so
setBorgLibrary=  ./libborgms.so
setBorgLibrary=  ./libborgmm.so
setBorgLibrary=  ./libborgms.so
setBorgLibrary=  ./libborgmm.so
setBorgLibrary=  ./libborgms.so
setBorgLibrary=  ./libborgmm.so
setBorgLibrary=  ./libborgmm.so
setBorgLibrary=  ./libborgms.so
setBorgLibrary=  ./libborgms.so
setBorgLibrary=  ./libborgmm.so
setBorgLibrary=  ./libborgms.so
setBorgLibrary=  ./libborgmm.so
setBorgLibrary=  ./libborgms.so
setBorgLibrary=  ./libborgmm.so
setBorgLibrary=  ./libborgmm.so
setBorgLibrary=  ./libborgms.so
setBorgLibrary=  ./libborgms.so
setBorgLibrary=  ./libborgmm.so
setBorgLibrary=  ./libborgms.so
setBorgLibrary=  ./libborgmm.so
setBorgLibrary=  ./libborgmm.so
setBorgLibrary=  ./libborgms.so
setBorgLibrary=  ./libborgms.so
setBorgLibrary=  ./libborgmm.so
setBorgLibrary=  ./libborgms.so
setBorgLibrary=  ./libborgmm.so
setBorgLibrary=  ./libborgms.so
setBorgLibrary=  ./libborgmm.so
setBorgLibrary=  ./libborgms.so
setBorgLibrary=  ./libborgmm.so
setBorgLibrary=  ./libborgmm.so
setBorgLibrary=  ./libborgms.so
setBorgLibrary=  ./libborgms.so
setBorgLibrary=  ./libborgmm.so
setBorgLibrary=  ./libborgms.so
setBorgLibrary=  ./libborgmm.so
setBorgLibrary=  ./libborgms.so
0.3198815754394295 0.3087861148268698 0.46471491630320155 0.13347722198985457 0.681889323516824 0.7404084870641652 -0.342538627679523 0.21682880156779497 -0.98989898989899 -1.0 0.0
0.2967398125437879 0.2948545334615872 0.4653100820428233 0.13341147797074976 0.6850155052017219 0.7504959056969955 -0.32290052977320144 0.19849384110502355 -0.9797979797979798 -1.0 0.0
0.21436449082922326 2.0 0.4895302645834785 0.7008799257455056 1.4001612837437634 0.4086302334909512 -0.3376148704829541 0.24088090714917967 -0.9987373737373737 -1.0 0.0
0.30725469524330673 0.2467437022946137 0.41192587565294164 0.10229768560475304 0.655390356717647 0.7487357327441672 -0.3512263711444908 0.22987345094739461 -0.98989898989899 -1.0 0.0
0.4025125305433794 0.6733713639941059 0.4369845913669042 0.12655593958490993 1.3028253703691366 0.31121848851673606 -0.324939333359517 0.203337285042925 -0.98989898989899 -1.0 0.0
0.7501882552351188 1.7520849199011956 0.8752163625031748 0.44431480590236627 1.3553384149808758 0.7563251067539859 -0.33209074993231685 0.22774596526814642 -0.9901094276094277 -1.0 0.0
0.04612450571854369 1.0123604556512638 0.4424499696616828 0.6689350569892122 1.492434372323932 0.6099554953203704 -0.3421861558444541 0.4103678076779143 -1.0 -0.985 0.0
0.005770569348136587 1.4717322657713927 0.4079813008371137 0.6306961750031169 1.3853455075316692 0.41325397269470954 -0.31043630865110156 0.20746994643518743 -1.0 -1.0 0.0
0.30139559558154944 0.030110904719303666 0.03281326823609748 0.5809030209397023 1.7268410062655521 0.9201690206184453 -0.36895439711247463 0.32628681134601606 -0.9869528619528619 -0.9814583333333333 0.0
0.48765367082939215 1.597631158827116 0.9929286747163011 0.38865330737805603 1.0719327444843791 0.9734685534721544 -0.20714933372454433 0.14897199547398535 -1.0 -1.0 0.0
-0.01429998190123749 1.3648604222347633 0.3000157046294162 0.5212968915399278 1.3438285834490853 0.9998976151238325 -0.26881477815288574 0.17690133929458532 -1.0 -1.0 0.0
0.7501882552351188 1.7550831206771733 0.8752163625031748 0.44533296874415906 1.343911949684451 0.9998917969930287 -0.32258582002417335 0.21545939907193404 -0.9922138047138047 -1.0 0.0
0.35108288070615984 1.9752429170688404 0.6531490527270868 0.6947547620518035 1.3182490992650777 0.3754482993138828 -0.33281849715358264 0.23002899639937124 -0.9970538720538721 -1.0 0.0
0.2960914554519064 0.3269177582947219 0.2540975533520185 0.3444787725523436 0.9952415577167089 0.891818275676369 -0.292368684245422 0.17977075956483146 -0.98989898989899 -1.0 0.0
0.24795372045978445 1.8580653690873625 0.3534927439329227 0.49311703797558465 1.3260337474905952 0.9694945038101228 -0.23141021796423378 0.15922342092349903 -1.0 -1.0 0.0
0.3786369118222512 0.6665004502210908 0.5983670813482903 0.1459284241928124 1.3202822636916078 0.2486635453184113 -0.3150021016671723 0.19519577852884248 -0.98989898989899 -1.0 0.0
0.2972486258405065 0.2663063341808621 0.3921195937158762 0.10706400929072077 0.6865525875037811 0.7213532446667009 -0.33491678183333917 0.2089230533745802 -0.9892676767676768 -1.0 0.0
0.03986812298176853 1.0055586939392396 0.4448239983693338 0.6747307822584732 1.509246003032211 0.6083995594482552 -0.37209800601064164 0.8624056407576018 -1.0 -0.9389583333333333 0.0
0.1628260491130055 0.31627592998711057 0.46571449246688124 0.5767297709052462 1.3038736264382524 0.25376680376594773 -0.24422869798928773 0.158400875680068 -0.98989898989899 -1.0 0.0
0.2094081495035634 1.9524878995958617 0.4885101241676897 0.6752378457033946 1.3909146791049107 0.41927107862049595 -0.3262634164617643 0.2215840987584616 -1.0 -1.0 0.0
0.48123433581177033 1.2908549885574692 0.6263969445981875 0.5465288512218545 1.7526993791475456 0.45871165982099 -0.25007608205696275 0.1671090801879702 -1.0 -1.0 0.0
0.30139559558154944 0.030110904719303666 0.03281326823609748 0.581993535917532 1.7268410062655521 0.6063239922020968 -0.42117050518011506 0.41377359243277034 -0.9804292929292929 -0.9435416666666666 0.0
0.3786369118222512 0.7005198864186346 0.5983670813482903 0.1459284241928124 1.3202822636916078 0.2486635453184113 -0.30380872277491133 0.18783612983879308 -0.98989898989899 -1.0 0.0
0.22468239081781466 0.2768159453294343 0.46192880463274155 0.1708759678580956 1.3825059590869797 0.5201889327984826 -0.22610361293378486 0.14962621453675523 -0.98989898989899 -1.0 0.0
0.7270050516687444 1.9939920769747852 0.9544611710015061 0.4446636249613777 1.3620129101925127 0.7530279204570987 -0.2808864370739529 0.18504716482953718 -1.0 -1.0 0.0
0.6972448346549117 1.6390676470212504 0.8511553782748179 0.3824592695859417 1.4159215692813478 0.9587823036715939 -0.2952804359809572 0.193769454379242 -1.0 -1.0 0.0
0.28571136574957523 0.3561067116344596 0.17505424271056091 0.33375412466324716 1.1480921230337724 0.9046272665605665 -0.2403111336320558 0.1555491430756745 -0.98989898989899 -1.0 0.0
0.27797764592756913 0.3252954465573184 0.16155304565796552 0.08914627276573928 0.987126318605932 0.09224928082285205 -0.30745572906351565 0.18769095537184263 -0.9797979797979798 -1.0 0.0
0.46992109089842243 1.4478994795038493 0.3795499194081472 0.8136995434804818 2.0 0.330026697246787 -0.3159814432879517 0.21132666573323008 -1.0 -1.0 0.0
0.21462186287668703 2.0 0.0 0.6736016333410888 2.0 0.8017815667556516 -0.28109261716100903 0.1867220973421334 -1.0 -1.0 0.0
1.2007036635890314 1.4221139763695545 0.04287862008305363 0.3567227804718768 1.545358170739172 0.9633388625123583 -0.3006007384207529 0.20468592066490843 -1.0 -1.0 0.0
0.48269056953866596 1.2679941098393033 0.3329292861951479 0.6766488321996105 1.8885483878735587 0.4282450824513993 -0.2950885292287488 0.19219821158157643 -1.0 -1.0 0.0
0.3974291309923597 0.988271825395816 0.7502815126290027 0.20560815908411734 1.324873966405524 0.48495014958973937 -0.20317570254258363 0.14701779315738273 -1.0 -1.0 0.0
1.0600099830852732 1.392501584115462 0.07053675159727413 0.4262534398293514 1.5477233838616982 0.9102105219798523 -0.3330815798000782 0.2419894836751408 -1.0 -1.0 0.0
-0.41036117853699033 0.9617732379987336 0.031031122508295705 0.42956797376186195 0.9463654280035411 0.9827048898293786 -0.3604041011684247 0.4633427054016517 -0.98989898989899 -0.9775 0.0
-0.3944633071010316 0.9323355551970687 0.0 0.4246736881020192 0.9197469826951251 1.0 -0.3172305684548813 0.19801266308111845 -0.98989898989899 -1.0 0.0
0.3744965192106798 0.5258350004855852 0.09534751148257281 0.08092173815506887 0.786677822587246 0.0 -0.3557653528748288 0.24285308717123708 -0.98989898989899 -1.0 0.0
0.44201078867559973 1.0381424335918665 0.9718545784206517 -0.02956457704989368 1.4582204650813835 0.7556937836014426 -0.23901808544373784 0.1618962600954 -1.0 -1.0 0.0
-0.44642621152473966 0.9357817187267374 0.0 0.43432599846140946 0.8560834843341533 0.9987976032992615 -0.3406713003567526 0.21964658575981358 -0.98989898989899 -1.0 0.0
0.15480762523705893 0.8479970455717356 0.20019300945325516 0.43993652717246234 0.8215316016833479 0.4603588614413779 -0.3305672240087502 0.20933575439809818 -0.98989898989899 -1.0 0.0
0.02619912606964958 0.9274216325729365 0.23184837888439952 0.4443712339365969 0.7406693390438506 0.2482409949036175 -0.37166190679096367 0.4905369792209587 -0.98989898989899 -0.9679166666666666 0.0
0.3255960993152378 0.5757250250623038 0.739769021696887 -0.039382382226668365 1.185833361066324 0.2751908141116908 -0.2902092383225983 0.17947589398026786 -0.98989898989899 -1.0 0.0
0.4961472226198971 1.0044734996097426 0.42290684167082904 0.25336451568622564 1.082576379949889 1.0 -0.23372056677590636 0.15907514041774265 -0.9957912457912458 -1.0 0.0
0.2324556952290758 2.0 0.4423557833127806 0.6776562762582468 2.0 0.8153135059106731 -0.21775993380137829 0.1566507026915662 -1.0 -1.0 0.0
1.0651148881389003 1.3980236493357179 0.07053675159727413 0.11420493936849149 1.5477233838616982 0.7693145752894155 -0.3613693521484523 1.0378677699235834 -1.0 -0.9297916666666667 0.0
1.0270975344242737 1.3312435867335328 0.08799318893686428 0.34328455644676015 1.5340867570197803 0.9030400945276865 -0.34602502100466975 0.7509430190017338 -1.0 -0.95625 0.0
0.3543957744235286 0.4873919298810075 0.08874744039665691 0.06729422363507005 0.8053237212912212 0.013267830906312755 -0.35041810215238955 0.22937720191343583 -0.9892676767676768 -1.0 0.0
0.8121398192313611 1.9862239455343011 0.24533412787530967 0.44846993729229956 1.3734909641572084 0.2176792512322352 -0.32546868529678236 0.22167159280055723 -1.0 -1.0 0.0
0.21892814817708472 0.34373739592088426 0.10457418313436917 0.03878580301040371 0.6792685068973339 0.0 -0.22156798590566917 0.14799545375966963 -0.98989898989899 -1.0 0.0
0.27633578194893327 0.43272040622891705 0.6318377765950733 0.06654857986761477 0.982611267744763 0.15810787385009115 -0.27158900270317327 0.1688992667490009 -0.98989898989899 -1.0 0.0
0.5439383230095249 1.2399634152657408 0.6628742590568379 0.19184689406561017 1.3884910199762401 0.6515671952029429 -0.264202761990698 0.17442334080667468 -1.0 -1.0 0.0
0.612463363168366 1.5411244361689551 0.6055739001551967 0.4603061633001372 1.142619292296673 0.764582285130558 -0.31016290872392793 0.19948804060569156 -0.98989898989899 -1.0 0.0
0.3683382920847129 1.5964411775573253 0.02803077791869768 0.2998591883891192 0.4340464660045799 0.13442026920021052 -0.30817516517417437 0.18872925849727415 -0.9797979797979798 -1.0 0.0
-0.026850460086756178 1.2641975773820608 0.0 0.35722536821138773 0.46468459672182044 0.9885023209908331 -0.35543040993233094 0.24100382990403282 -0.98989898989899 -1.0 0.0
-0.012316920389322646 1.0252434537601331 0.6061859406934755 0.6215073539933023 1.4445961779711485 0.7812131540340402 -0.37401837375997254 0.9817945898053244 -1.0 -0.9245833333333333 0.0
0.42662835473187416 1.5411244361689551 0.6055739001551967 0.4603061633001372 1.142619292296673 0.6158586929895244 -0.23493409957630682 0.15967601790496144 -1.0 -1.0 0.0
0.38661822947155533 0.931654687110509 0.2607844368285302 0.6054722692961589 1.1613601575417665 1.0 -0.3613227943883645 0.9161600238659484 -0.98989898989899 -0.923125 0.0
0.6345523696460986 1.6154308065378395 0.49739394288195754 0.20127535196982205 1.2464073902481116 0.038231799584507675 -0.32523382705914683 0.21794118843752233 -0.9924242424242424 -1.0 0.0
0.588857110723168 1.7369425583733842 0.5244032346326316 0.32867547768934585 1.039264028252061 0.6148972558883168 -0.20430453772141197 0.1485293276868139 -1.0 -1.0 0.0
0.6345523696460986 1.53684227504519 0.7354751136225888 0.4614620508836833 1.2160579692620244 0.593642834411904 -0.3209568187834148 0.20985094610540675 -0.98989898989899 -1.0 0.0
-0.012316920389322646 1.0252434537601331 0.6305298338715289 0.6215073539933023 1.4445961779711485 0.9949820383905857 -0.4001780810069519 1.3422339737145579 -1.0 -0.8891666666666667 0.0
0.6345523696460986 1.53684227504519 0.7354751136225888 0.3657947789119155 1.250457662271225 0.9791687888994389 -0.2662297644250016 0.17546927835357254 -1.0 -1.0 0.0
0.4172012897069869 1.2891814238787116 0.3450176463649347 0.3583421117244873 0.4779222103853674 0.8956140924012672 -0.3493201416608189 0.2274811107047666 -0.9869528619528619 -1.0 0.0
-0.012316920389322646 1.0252434537601331 0.6061859406934755 0.6153720734505171 1.4445961779711485 0.7814347138356784 -0.3322992031192371 0.4451912686001787 -1.0 -0.9779166666666667 0.0
0.13905225709774094 1.2452889631453488 0.9401572367082469 0.5492782739666909 1.1378657077491754 0.7753898059740659 -0.29019984463138987 0.18822958257507316 -0.9928451178451179 -1.0 0.0
0.5096797735397363 1.2610533599681288 0.47689021864152437 0.5033256845413165 1.4850268702687224 0.8411043213708417 -0.2700649514060629 0.17631335964581887 -0.9983164983164983 -1.0 0.0
0.1366105113159995 1.2465872429264397 0.9604122118484719 0.5181243984668231 1.1383298998296199 0.7615464697316234 -0.25306330685369605 0.16879837840947332 -1.0 -1.0 0.0
0.7322833855475287 2.0 0.12156349546270834 0.41100252672257376 0.8052975583202666 1.0 -0.33309469094940025 0.21120005295464236 -0.98989898989899 -1.0 0.0
0.3972767116184966 1.6088311215683968 0.047331704642173046 0.2537212283856059 0.48975741251505 0.7342058062808219 -0.22222684537653983 0.14841708575532775 -0.98989898989899 -1.0 0.0
0.36813867450666005 1.608127302884521 0.7279476313254418 0.4855970556168047 0.8047592820966822 0.7408255932085518 -0.3479402811367045 0.23254556749310362 -0.98989898989899 -1.0 0.0
0.3731629937388373 1.5949013525082403 0.05806813744332523 0.28989020254223 0.4594718223409985 0.11527552215984492 -0.27285932125935314 0.16971063159163138 -0.98989898989899 -1.0 0.0
0.6132544319704165 1.6002525136441454 0.8146551744148123 0.6056061526466915 1.9340810918432796 0.7172206774895089 -0.2881852636339004 0.1891747629427923 -1.0 -1.0 0.0
-0.012316920389322646 1.0252434537601331 0.6302692432403944 0.6158995793626558 1.4445961779711485 0.9949820383905857 -0.34650221838208745 0.5471431502450178 -1.0 -0.9675 0.0
0.6132788393410754 1.5748272909886212 0.789340738384021 0.5944226665398935 1.593307588438625 0.6226723219257557 -0.3177431561182098 0.20943564138323523 -0.9911616161616161 -1.0 0.0
0.41549099182768595 1.5947068348370705 0.3450104027256806 0.3594399702049556 0.517032169024004 0.9000645834559254 -0.3414388926272869 0.217267827382198 -0.9797979797979798 -1.0 0.0
0.3683382920847129 1.8732446686898525 0.02803077791869768 0.29989546158260005 0.4781380716903484 0.13442026920021052 -0.29164435207001055 0.17928089224675872 -0.9894781144781145 -1.0 0.0
0.8978661628702568 2.0 0.6440355976406349 0.12923720358651414 1.285615314279403 0.9564623665177887 -0.3122816894195249 0.21799494744606915 -1.0 -1.0 0.0
0.6345523696460986 1.53684227504519 0.7354751136225888 0.3657947789119155 1.3523179352159196 0.5127027011946772 -0.2959767936327636 0.19309879994932802 -1.0 -1.0 0.0
-0.006936799286547807 1.5806243681334677 0.05873358192376803 0.29086375107400064 0.5455139702583559 0.19215188329136398 -0.24615080893067168 0.15793297279947674 -0.98989898989899 -1.0 0.0
0.30571935333687755 0.0 0.0 0.3193402725485654 0.663882581640818 0.883060346484292 -0.26423013369224563 0.16605920356573053 -0.98989898989899 -1.0 0.0
0.4642285870029648 0.9828604677809857 0.09612495398082833 -0.028656527881115286 0.9497713655920998 0.14673802819021323 -0.38628821885996595 1.2813208811390577 -1.0 -0.88 0.0
0.5348738681120141 1.0502095034944028 0.9328158640846693 0.3798600226937558 1.0861996095666981 0.6056424110334855 -0.3446204435870342 0.22918776933815968 -0.98989898989899 -1.0 0.0
0.3977354900784854 1.827625271334862 0.41559036857739573 0.8344073774191432 1.762352988035924 0.24425733193558624 -0.3219597629432538 0.2221847891756623 -1.0 -1.0 0.0
0.3220519061081327 0.6297865070301296 0.675081369099293 0.8511436658999654 1.6610495125292406 0.30639817353537757 -0.3514903532503831 0.2487426367179503 -0.98989898989899 -1.0 0.0
0.4328015522210972 0.8981216886776132 1.0 0.688780966527114 1.7323300000209911 0.21771546272636882 -0.3341786693145357 0.2134720647305779 -0.98989898989899 -1.0 0.0
0.3017780823318406 0.590551710924831 1.0 0.2952926110405759 1.6555093889400367 0.8207313865849142 -0.21744879065790093 0.14844088437852151 -0.98989898989899 -1.0 0.0
0.3316689129677948 0.0 0.0 0.3201418166710489 0.6082055542982696 0.9048473674105904 -0.2850273543263047 0.1761714292701222 -0.98989898989899 -1.0 0.0
0.2724389826439621 0.01622950763692616 0.0 0.3021602848192544 0.6390120574909328 0.016582324863394133 -0.24689030132087905 0.15830051631568892 -0.98989898989899 -1.0 0.0
0.1490545352336614 0.7626757488499106 0.9818208363997375 0.8189513314778671 1.6032729075147027 0.36573778582271754 -0.3024041671430851 0.20473115054933566 -1.0 -1.0 0.0
0.1384528742933081 1.0549460126991066 1.0 0.7225044499058639 1.2611925326472984 0.4244914079961788 -0.340820918594449 0.3244632515119238 -0.997895622895623 -0.9960416666666667 0.0
-1.6674705417052542 0.01622950763692616 0.0 0.3021602848192544 0.07975456260138997 0.016582324863394133 -0.36795005910259754 0.32993698566561286 -0.9587542087542088 -0.9814583333333333 0.0
0.39019333276476775 0.48750511024015414 0.2905403779600578 0.28281768908462346 1.165685143922408 0.8861067861742412 -0.32104964302565164 0.19973669894488846 -0.98989898989899 -1.0 0.0
0.13752666500339944 1.0729376087708242 0.8402069560555335 0.6050896485661799 1.2421678073015872 0.4402399585060863 -0.2715604599973564 0.1797160186803843 -1.0 -1.0 0.0
0.09710788999603162 1.0443063656912726 0.7157361615083274 0.45123520877067447 1.0148137335410632 0.45932102354038457 -0.2056770882502844 0.14905842570325045 -1.0 -1.0 0.0
0.38721880964104755 0.502845348408778 0.339975647510041 0.2334254830714349 1.601218466728818 0.21567682440236863 -0.3540345760944345 0.2386449114461624 -0.9873737373737373 -1.0 0.0
0.4813295117030454 1.2103425740494136 0.821237793375827 0.011826670189530819 1.167938521741494 0.6168089647310236 -0.22795295577468114 0.15857464738773777 -1.0 -1.0 0.0
0.3099315880033437 0.0 0.0 0.3318755054721958 0.6019782386912863 0.9096788251621782 -0.30317057138529546 0.18647666304667054 -0.98989898989899 -1.0 0.0
0.11625347257811865 1.0985983892355906 0.9298278764757932 0.7236810140775543 1.2915313244265734 0.4373473545910862 -0.3550375186628427 0.5583695600124542 -1.0 -0.97125 0.0
0.09044377560990659 0.8776299373953016 0.4647621572030003 0.6261385120524245 1.25281517035718 0.23738661897964872 -0.2921754778149362 0.1940968144563927 -1.0 -1.0 0.0
0.11855369572711386 1.3849073884283327 0.9298278764757932 0.7236810140775543 1.2916265314571775 0.4410361144154887 -0.3393713874287408 0.2575542794858678 -1.0 -1.0 0.0
0.11711373823458723 1.0252133234996532 0.7021648540986691 0.49553959238307144 1.03133916611684 0.427919367140654 -0.2469788382635351 0.1656650187452028 -1.0 -1.0 0.0
0.17429888082320444 0.15871864111460743 0.3440581590255474 0.7485982875278445 1.8993618022291148 0.4190012228753951 -0.3790040423643411 0.6331280217836328 -0.98989898989899 -0.909375 0.0
0.19522049049735557 0.9422080210953946 0.5997974897268689 0.2262773143515644 0.2845913474422733 0.47171713213243455 -0.22264069657640984 0.14840411753372085 -0.98989898989899 -1.0 0.0
0.03528657088146025 1.3585316914583534 0.72225541913674 0.5702565377454163 1.18945378125932 0.42219130135436345 -0.270565673571121 0.17944560362596826 -1.0 -1.0 0.0
0.07918261263610644 1.335584396614995 0.19929549725318382 0.6121999683983793 1.1145921041000992 0.23546101476351633 -0.3655118942079259 0.8139452205838182 -0.98989898989899 -0.945 0.0
0.029502488938316196 1.3284633434413649 0.7153057314081249 0.5686861152172711 1.1478059836694199 0.4151453997553839 -0.2852991007899504 0.18771886730685203 -1.0 -1.0 0.0
0.17137310267835826 0.44240792770861703 0.00898609450296175 0.45010137335632505 0.8699619957469571 0.26935196664027433 -0.34694953728932393 0.22915382931012077 -0.98989898989899 -1.0 0.0
0.19442188991014736 1.0543315332856011 0.600379551733066 0.5314322162369488 1.1989988936300962 0.469931358074433 -0.24625509865061257 0.16570898420121374 -1.0 -1.0 0.0
0.3668606148458624 1.244271504952634 0.6721639241181672 0.3714834062098733 0.6145592680240717 0.5635694967114714 -0.3014241623031702 0.18622346086052186 -0.98989898989899 -1.0 0.0
0.17137310267835826 0.44240792770861703 0.00898609450296175 0.4511084773791999 0.8382593023410616 0.47126447358103474 -0.3519818196817899 0.23919801260579063 -0.9833754208754208 -1.0 0.0
0.029502488938316196 1.3284633434413649 0.7153057314081249 0.5686861152172711 1.101318107021466 0.4151453997553839 -0.3029100311747262 0.19895531712162676 -1.0 -1.0 0.0
0.28113845393535436 0.8467967434700094 0.13242781573189583 0.7441786588964203 1.9400249188987817 0.8419050496342976 -0.33047686475214233 0.22957886301222574 -1.0 -1.0 0.0
0.44951236592853505 1.7787464067230743 0.9725575413065586 0.4421882214397642 0.7757890579694238 0.1762309720350966 -0.22784704844329118 0.15678397275606723 -1.0 -1.0 0.0
0.03434107892774474 1.575527184504975 0.08561146468548292 0.4283349335270018 0.8544696545069822 0.26787225005921905 -0.31721507772155627 0.19855868022004539 -0.98989898989899 -1.0 0.0
0.15990473042959016 1.575527184504975 0.007326594651035967 0.42271032770182204 0.8482054003383528 0.3289913538785592 -0.3316791578583855 0.20976073155977593 -0.98989898989899 -1.0 0.0
0.39488142047698493 1.0496626067815675 0.6537759900829874 0.3541108706255559 0.46745628823602425 0.2655778173772254 -0.32188158938913575 0.19979931418843974 -0.9896885521885522 -1.0 0.0
0.17429888082320444 0.16590066811620802 0.3440581590255474 0.7474493918663754 1.949620059844468 0.4151842040397214 -0.28375389268078455 0.17759120582502697 -0.98989898989899 -1.0 0.0
0.16642751348651275 1.0617876639426758 0.6339538399748679 0.6560877020708259 1.2710530929247328 0.3493723821688589 -0.3134038798681601 0.2078713974842583 -1.0 -1.0 0.0
0.029502488938316196 1.3485705126523546 0.7153057314081249 0.26433492951877136 0.3479496361289448 0.4151453997553839 -0.24542822492248537 0.15740873918864579 -0.98989898989899 -1.0 0.0
0.16472592810395603 1.3328460266665059 0.7255979929554426 0.5674422622910924 0.8368082322581439 0.3289913538785592 -0.3521381567467519 0.2606333137866625 -0.98989898989899 -1.0 0.0
0.22272013102355182 0.4421098546435682 0.009948612974341929 0.4523759236817141 1.29720834851852 0.269898506662446 -0.2301206017551222 0.15727945928843864 -0.992003367003367 -1.0 0.0
0.47659211471007173 1.3284633434413649 0.7153057314081249 0.43986578476581295 1.101318107021466 0.01675258427225454 -0.2528233846166886 0.16758786749837482 -0.9993686868686869 -1.0 0.0
0.26298840788860944 0.36882954972081317 0.33919407347608865 0.4431121190730992 1.2716234767097758 0.4340875789330541 -0.27304031256761757 0.1698614043388742 -0.98989898989899 -1.0 0.0
0.2333703868156667 1.575527184504975 0.6296781008626668 0.4256963138668156 0.8544696545069822 0.26777268415376065 -0.206775006251944 0.1486362780419463 -1.0 -1.0 0.0
