standard C library=  None
standard C library=  None
standard C library=  None
standard C library=  None
setBorgLibrary=  None
standard C library=  None
setBorgLibrary=  None
standard C library=  None
setBorgLibrary=  None
setBorgLibrary=  None
standard C library=  None
setBorgLibrary=  None
setBorgLibrary=  None
standard C library=  None
standard C library=  None
setBorgLibrary=  None
standard C library=  None
setBorgLibrary=  None
setBorgLibrary=  None
setBorgLibrary=  None
standard C library=  None
standard C library=  None
setBorgLibrary=  None
standard C library=  None
setBorgLibrary=  None
standard C library=  None
setBorgLibrary=  None
setBorgLibrary=  None
standard C library=  None
standard C library=  None
setBorgLibrary=  None
setBorgLibrary=  None
standard C library=  None
standard C library=  None
standard C library=  None
standard C library=  None
standard C library=  None
setBorgLibrary=  None
setBorgLibrary=  None
setBorgLibrary=  None
setBorgLibrary=  None
setBorgLibrary=  None
standard C library=  None
setBorgLibrary=  None
standard C library=  None
standard C library=  None
setBorgLibrary=  None
standard C library=  None
setBorgLibrary=  None
setBorgLibrary=  None
standard C library=  None
standard C library=  None
setBorgLibrary=  None
standard C library=  None
setBorgLibrary=  None
standard C library=  None
setBorgLibrary=  None
setBorgLibrary=  None
standard C library=  None
standard C library=  None
standard C library=  None
setBorgLibrary=  None
setBorgLibrary=  None
setBorgLibrary=  None
standard C library=  None
standard C library=  None
standard C library=  None
standard C library=  None
standard C library=  None
standard C library=  None
standard C library=  None
setBorgLibrary=  None
setBorgLibrary=  None
setBorgLibrary=  None
setBorgLibrary=  None
setBorgLibrary=  None
setBorgLibrary=  None
standard C library=  None
setBorgLibrary=  None
standard C library=  None
setBorgLibrary=  None
standard C library=  None
setBorgLibrary=  None
standard C library=  None
standard C library=  None
setBorgLibrary=  None
setBorgLibrary=  None
setBorgLibrary=  None
standard C library=  None
standard C library=  None
standard C library=  None
setBorgLibrary=  None
setBorgLibrary=  None
standard C library=  None
standard C library=  None
standard C library=  None
standard C library=  None
setBorgLibrary=  None
setBorgLibrary=  None
setBorgLibrary=  None
standard C library=  None
setBorgLibrary=  None
setBorgLibrary=  None
standard C library=  None
standard C library=  None
setBorgLibrary=  None
setBorgLibrary=  None
setBorgLibrary=  None
standard C library=  None
standard C library=  None
setBorgLibrary=  None
setBorgLibrary=  None
standard C library=  None
standard C library=  None
setBorgLibrary=  None
standard C library=  None
setBorgLibrary=  None
standard C library=  None
setBorgLibrary=  None
setBorgLibrary=  None
standard C library=  None
standard C library=  None
standard C library=  None
setBorgLibrary=  None
standard C library=  None
setBorgLibrary=  None
setBorgLibrary=  None
setBorgLibrary=  None
standard C library=  None
standard C library=  None
standard C library=  None
standard C library=  None
standard C library=  None
standard C library=  None
standard C library=  None
setBorgLibrary=  None
setBorgLibrary=  None
setBorgLibrary=  None
setBorgLibrary=  None
standard C library=  None
setBorgLibrary=  None
setBorgLibrary=  None
setBorgLibrary=  None
standard C library=  None
setBorgLibrary=  None
standard C library=  None
standard C library=  None
setBorgLibrary=  None
setBorgLibrary=  None
standard C library=  None
setBorgLibrary=  None
setBorgLibrary=  None
standard C library=  None
standard C library=  None
setBorgLibrary=  None
standard C library=  None
setBorgLibrary=  None
setBorgLibrary=  None
standard C library=  None
setBorgLibrary=  None
standard C library=  None
standard C library=  None
standard C library=  None
standard C library=  None
setBorgLibrary=  None
setBorgLibrary=  None
setBorgLibrary=  None
standard C library=  None
standard C library=  None
standard C library=  None
setBorgLibrary=  None
setBorgLibrary=  None
standard C library=  None
setBorgLibrary=  None
setBorgLibrary=  None
standard C library=  None
standard C library=  None
setBorgLibrary=  None
standard C library=  None
setBorgLibrary=  None
setBorgLibrary=  None
setBorgLibrary=  None
standard C library=  None
standard C library=  None
setBorgLibrary=  None
standard C library=  None
standard C library=  None
setBorgLibrary=  None
standard C library=  None
setBorgLibrary=  None
setBorgLibrary=  None
setBorgLibrary=  None
standard C library=  None
standard C library=  None
standard C library=  None
standard C library=  None
setBorgLibrary=  None
standard C library=  None
setBorgLibrary=  None
setBorgLibrary=  None
standard C library=  None
setBorgLibrary=  None
standard C library=  None
setBorgLibrary=  None
standard C library=  None
standard C library=  None
standard C library=  None
standard C library=  None
standard C library=  None
setBorgLibrary=  None
setBorgLibrary=  None
setBorgLibrary=  None
setBorgLibrary=  None
standard C library=  None
setBorgLibrary=  None
standard C library=  None
setBorgLibrary=  None
standard C library=  None
setBorgLibrary=  None
setBorgLibrary=  None
standard C library=  None
setBorgLibrary=  None
standard C library=  None
setBorgLibrary=  None
setBorgLibrary=  None
standard C library=  None
standard C library=  None
setBorgLibrary=  None
standard C library=  None
standard C library=  None
setBorgLibrary=  None
standard C library=  None
setBorgLibrary=  None
standard C library=  None
standard C library=  None
setBorgLibrary=  None
setBorgLibrary=  None
standard C library=  None
standard C library=  None
setBorgLibrary=  None
setBorgLibrary=  None
setBorgLibrary=  None
standard C library=  None
setBorgLibrary=  None
setBorgLibrary=  None
standard C library=  None
setBorgLibrary=  None
standard C library=  None
setBorgLibrary=  None
setBorgLibrary=  None
standard C library=  None
standard C library=  None
setBorgLibrary=  None
standard C library=  None
setBorgLibrary=  None
setBorgLibrary=  None
standard C library=  None
standard C library=  None
standard C library=  None
standard C library=  None
setBorgLibrary=  None
setBorgLibrary=  None
setBorgLibrary=  None
setBorgLibrary=  None
standard C library=  None
standard C library=  None
setBorgLibrary=  None
setBorgLibrary=  None
standard C library=  None
setBorgLibrary=  None
standard C library=  None
setBorgLibrary=  None
standard C library=  None
standard C library=  None
setBorgLibrary=  None
setBorgLibrary=  None
standard C library=  None
setBorgLibrary=  None
standard C library=  None
standard C library=  None
setBorgLibrary=  None
setBorgLibrary=  None
standard C library=  None
setBorgLibrary=  None
standard C library=  None
setBorgLibrary=  None
standard C library=  None
setBorgLibrary=  None
standard C library=  None
standard C library=  None
standard C library=  None
standard C library=  None
setBorgLibrary=  None
standard C library=  None
setBorgLibrary=  None
setBorgLibrary=  None
setBorgLibrary=  None
setBorgLibrary=  None
standard C library=  None
setBorgLibrary=  None
standard C library=  None
setBorgLibrary=  None
standard C library=  None
setBorgLibrary=  None
standard C library=  None
standard C library=  None
setBorgLibrary=  None
setBorgLibrary=  None
standard C library=  None
standard C library=  None
standard C library=  None
standard C library=  None
standard C library=  None
standard C library=  None
setBorgLibrary=  None
setBorgLibrary=  None
setBorgLibrary=  None
setBorgLibrary=  None
standard C library=  None
standard C library=  None
setBorgLibrary=  None
setBorgLibrary=  None
setBorgLibrary=  None
setBorgLibrary=  None
standard C library=  None
setBorgLibrary=  None
standard C library=  None
standard C library=  None
standard C library=  None
standard C library=  None
setBorgLibrary=  None
standard C library=  None
setBorgLibrary=  None
setBorgLibrary=  None
standard C library=  None
setBorgLibrary=  None
setBorgLibrary=  None
standard C library=  None
setBorgLibrary=  None
setBorgLibrary=  None
standard C library=  None
setBorgLibrary=  None
standard C library=  None
setBorgLibrary=  None
standard C library=  None
setBorgLibrary=  None
standard C library=  None
setBorgLibrary=  None
standard C library=  None
setBorgLibrary=  None
standard C library=  None
setBorgLibrary=  None
standard C library=  None
standard C library=  None
standard C library=  None
standard C library=  None
setBorgLibrary=  None
setBorgLibrary=  None
setBorgLibrary=  None
setBorgLibrary=  None
standard C library=  None
standard C library=  None
setBorgLibrary=  None
setBorgLibrary=  None
standard C library=  None
setBorgLibrary=  None
standard C library=  None
setBorgLibrary=  None
standard C library=  None
setBorgLibrary=  None
standard C library=  None
setBorgLibrary=  None
standard C library=  None
standard C library=  None
setBorgLibrary=  None
setBorgLibrary=  None
standard C library=  None
setBorgLibrary=  None
standard C library=  None
setBorgLibrary=  None
standard C library=  None
setBorgLibrary=  None
standard C library=  None
setBorgLibrary=  None
setBorgLibrary=  ./libborgmm.so
setBorgLibrary=  ./libborgmm.so
setBorgLibrary=  ./libborgmm.so
setBorgLibrary=  ./libborgmm.so
setBorgLibrary=  ./libborgmm.so
setBorgLibrary=  ./libborgmm.so
setBorgLibrary=  ./libborgmm.so
setBorgLibrary=  ./libborgmm.so
setBorgLibrary=  ./libborgmm.so
setBorgLibrary=  ./libborgmm.so
setBorgLibrary=  ./libborgmm.so
setBorgLibrary=  ./libborgmm.so
setBorgLibrary=  ./libborgmm.so
setBorgLibrary=  ./libborgmm.so
setBorgLibrary=  ./libborgmm.so
setBorgLibrary=  ./libborgmm.so
setBorgLibrary=  ./libborgmm.so
setBorgLibrary=  ./libborgms.so
setBorgLibrary=  ./libborgmm.so
setBorgLibrary=  ./libborgms.so
setBorgLibrary=  ./libborgms.so
setBorgLibrary=  ./libborgms.so
setBorgLibrary=  ./libborgms.so
setBorgLibrary=  ./libborgms.so
setBorgLibrary=  ./libborgms.so
setBorgLibrary=  ./libborgms.so
setBorgLibrary=  ./libborgms.so
setBorgLibrary=  ./libborgms.so
setBorgLibrary=  ./libborgmm.so
setBorgLibrary=  ./libborgms.so
setBorgLibrary=  ./libborgms.so
setBorgLibrary=  ./libborgms.so
setBorgLibrary=  ./libborgms.so
setBorgLibrary=  ./libborgms.so
setBorgLibrary=  ./libborgms.so
setBorgLibrary=  ./libborgmm.so
setBorgLibrary=  ./libborgmm.so
setBorgLibrary=  ./libborgms.so
setBorgLibrary=  ./libborgms.so
setBorgLibrary=  ./libborgms.so
setBorgLibrary=  ./libborgms.so
setBorgLibrary=  ./libborgms.so
setBorgLibrary=  ./libborgmm.so
setBorgLibrary=  ./libborgms.so
setBorgLibrary=  ./libborgmm.so
setBorgLibrary=  ./libborgmm.so
setBorgLibrary=  ./libborgms.so
setBorgLibrary=  ./libborgms.so
setBorgLibrary=  ./libborgmm.so
setBorgLibrary=  ./libborgmm.so
setBorgLibrary=  ./libborgms.so
setBorgLibrary=  ./libborgms.so
setBorgLibrary=  ./libborgmm.so
setBorgLibrary=  ./libborgmm.so
setBorgLibrary=  ./libborgms.so
setBorgLibrary=  ./libborgmm.so
setBorgLibrary=  ./libborgmm.so
setBorgLibrary=  ./libborgmm.so
setBorgLibrary=  ./libborgmm.so
setBorgLibrary=  ./libborgmm.so
setBorgLibrary=  ./libborgmm.so
setBorgLibrary=  ./libborgmm.so
setBorgLibrary=  ./libborgmm.so
setBorgLibrary=  ./libborgmm.so
setBorgLibrary=  ./libborgmm.so
setBorgLibrary=  ./libborgmm.so
setBorgLibrary=  ./libborgmm.so
setBorgLibrary=  ./libborgmm.so
setBorgLibrary=  ./libborgms.so
setBorgLibrary=  ./libborgms.so
setBorgLibrary=  ./libborgms.so
setBorgLibrary=  ./libborgms.so
setBorgLibrary=  ./libborgmm.so
setBorgLibrary=  ./libborgmm.so
setBorgLibrary=  ./libborgms.so
setBorgLibrary=  ./libborgmm.so
setBorgLibrary=  ./libborgms.so
setBorgLibrary=  ./libborgmm.so
setBorgLibrary=  ./libborgmm.so
setBorgLibrary=  ./libborgmm.so
setBorgLibrary=  ./libborgms.so
setBorgLibrary=  ./libborgmm.so
setBorgLibrary=  ./libborgms.so
setBorgLibrary=  ./libborgmm.so
setBorgLibrary=  ./libborgms.so
setBorgLibrary=  ./libborgmm.so
setBorgLibrary=  ./libborgms.so
setBorgLibrary=  ./libborgmm.so
setBorgLibrary=  ./libborgmm.so
setBorgLibrary=  ./libborgmm.so
setBorgLibrary=  ./libborgms.so
setBorgLibrary=  ./libborgms.so
setBorgLibrary=  ./libborgms.so
setBorgLibrary=  ./libborgms.so
setBorgLibrary=  ./libborgms.so
setBorgLibrary=  ./libborgms.so
setBorgLibrary=  ./libborgms.so
setBorgLibrary=  ./libborgms.so
setBorgLibrary=  ./libborgms.so
setBorgLibrary=  ./libborgms.so
setBorgLibrary=  ./libborgms.so
setBorgLibrary=  ./libborgmm.so
setBorgLibrary=  ./libborgms.so
setBorgLibrary=  ./libborgms.so
setBorgLibrary=  ./libborgms.so
setBorgLibrary=  ./libborgms.so
setBorgLibrary=  ./libborgms.so
setBorgLibrary=  ./libborgmm.so
setBorgLibrary=  ./libborgms.so
setBorgLibrary=  ./libborgms.so
setBorgLibrary=  ./libborgmm.so
setBorgLibrary=  ./libborgms.so
setBorgLibrary=  ./libborgmm.so
setBorgLibrary=  ./libborgmm.so
setBorgLibrary=  ./libborgms.so
setBorgLibrary=  ./libborgms.so
setBorgLibrary=  ./libborgmm.so
setBorgLibrary=  ./libborgms.so
setBorgLibrary=  ./libborgmm.so
setBorgLibrary=  ./libborgms.so
setBorgLibrary=  ./libborgmm.so
setBorgLibrary=  ./libborgmm.so
setBorgLibrary=  ./libborgmm.so
setBorgLibrary=  ./libborgmm.so
setBorgLibrary=  ./libborgmm.so
setBorgLibrary=  ./libborgmm.so
setBorgLibrary=  ./libborgmm.so
setBorgLibrary=  ./libborgmm.so
setBorgLibrary=  ./libborgmm.so
setBorgLibrary=  ./libborgmm.so
setBorgLibrary=  ./libborgms.so
setBorgLibrary=  ./libborgms.so
setBorgLibrary=  ./libborgms.so
setBorgLibrary=  ./libborgms.so
setBorgLibrary=  ./libborgms.so
setBorgLibrary=  ./libborgms.so
setBorgLibrary=  ./libborgms.so
setBorgLibrary=  ./libborgms.so
setBorgLibrary=  ./libborgms.so
setBorgLibrary=  ./libborgmm.so
setBorgLibrary=  ./libborgms.so
setBorgLibrary=  ./libborgmm.so
setBorgLibrary=  ./libborgms.so
setBorgLibrary=  ./libborgms.so
setBorgLibrary=  ./libborgmm.so
setBorgLibrary=  ./libborgms.so
setBorgLibrary=  ./libborgmm.so
setBorgLibrary=  ./libborgms.so
setBorgLibrary=  ./libborgmm.so
setBorgLibrary=  ./libborgmm.so
setBorgLibrary=  ./libborgms.so
setBorgLibrary=  ./libborgms.so
setBorgLibrary=  ./libborgmm.so
setBorgLibrary=  ./libborgms.so
setBorgLibrary=  ./libborgmm.so
setBorgLibrary=  ./libborgms.so
setBorgLibrary=  ./libborgmm.so
setBorgLibrary=  ./libborgms.so
setBorgLibrary=  ./libborgmm.so
setBorgLibrary=  ./libborgmm.so
setBorgLibrary=  ./libborgmm.so
setBorgLibrary=  ./libborgmm.so
setBorgLibrary=  ./libborgmm.so
setBorgLibrary=  ./libborgmm.so
setBorgLibrary=  ./libborgmm.so
setBorgLibrary=  ./libborgmm.so
setBorgLibrary=  ./libborgmm.so
setBorgLibrary=  ./libborgms.so
setBorgLibrary=  ./libborgms.so
setBorgLibrary=  ./libborgms.so
setBorgLibrary=  ./libborgms.so
setBorgLibrary=  ./libborgms.so
setBorgLibrary=  ./libborgms.so
setBorgLibrary=  ./libborgms.so
setBorgLibrary=  ./libborgms.so
setBorgLibrary=  ./libborgms.so
setBorgLibrary=  ./libborgmm.so
setBorgLibrary=  ./libborgmm.so
setBorgLibrary=  ./libborgms.so
setBorgLibrary=  ./libborgmm.so
setBorgLibrary=  ./libborgms.so
setBorgLibrary=  ./libborgms.so
setBorgLibrary=  ./libborgmm.so
setBorgLibrary=  ./libborgmm.so
setBorgLibrary=  ./libborgms.so
setBorgLibrary=  ./libborgms.so
setBorgLibrary=  ./libborgmm.so
setBorgLibrary=  ./libborgms.so
setBorgLibrary=  ./libborgmm.so
setBorgLibrary=  ./libborgms.so
setBorgLibrary=  ./libborgmm.so
setBorgLibrary=  ./libborgms.so
setBorgLibrary=  ./libborgmm.so
setBorgLibrary=  ./libborgmm.so
setBorgLibrary=  ./libborgmm.so
setBorgLibrary=  ./libborgmm.so
setBorgLibrary=  ./libborgmm.so
setBorgLibrary=  ./libborgmm.so
setBorgLibrary=  ./libborgmm.so
setBorgLibrary=  ./libborgmm.so
setBorgLibrary=  ./libborgmm.so
setBorgLibrary=  ./libborgmm.so
setBorgLibrary=  ./libborgmm.so
setBorgLibrary=  ./libborgms.so
setBorgLibrary=  ./libborgms.so
setBorgLibrary=  ./libborgms.so
setBorgLibrary=  ./libborgms.so
setBorgLibrary=  ./libborgms.so
setBorgLibrary=  ./libborgms.so
setBorgLibrary=  ./libborgms.so
setBorgLibrary=  ./libborgms.so
setBorgLibrary=  ./libborgms.so
setBorgLibrary=  ./libborgms.so
setBorgLibrary=  ./libborgmm.so
setBorgLibrary=  ./libborgms.so
setBorgLibrary=  ./libborgms.so
setBorgLibrary=  ./libborgmm.so
setBorgLibrary=  ./libborgms.so
setBorgLibrary=  ./libborgmm.so
setBorgLibrary=  ./libborgms.so
setBorgLibrary=  ./libborgmm.so
setBorgLibrary=  ./libborgms.so
setBorgLibrary=  ./libborgmm.so
setBorgLibrary=  ./libborgms.so
setBorgLibrary=  ./libborgmm.so
setBorgLibrary=  ./libborgmm.so
setBorgLibrary=  ./libborgmm.so
setBorgLibrary=  ./libborgmm.so
setBorgLibrary=  ./libborgmm.so
setBorgLibrary=  ./libborgmm.so
setBorgLibrary=  ./libborgmm.so
setBorgLibrary=  ./libborgmm.so
setBorgLibrary=  ./libborgmm.so
setBorgLibrary=  ./libborgmm.so
setBorgLibrary=  ./libborgmm.so
setBorgLibrary=  ./libborgmm.so
setBorgLibrary=  ./libborgms.so
setBorgLibrary=  ./libborgms.so
setBorgLibrary=  ./libborgms.so
setBorgLibrary=  ./libborgms.so
setBorgLibrary=  ./libborgms.so
setBorgLibrary=  ./libborgms.so
setBorgLibrary=  ./libborgms.so
setBorgLibrary=  ./libborgms.so
setBorgLibrary=  ./libborgms.so
setBorgLibrary=  ./libborgms.so
setBorgLibrary=  ./libborgms.so
setBorgLibrary=  ./libborgms.so
setBorgLibrary=  ./libborgmm.so
setBorgLibrary=  ./libborgms.so
setBorgLibrary=  ./libborgmm.so
setBorgLibrary=  ./libborgms.so
setBorgLibrary=  ./libborgmm.so
setBorgLibrary=  ./libborgms.so
setBorgLibrary=  ./libborgmm.so
setBorgLibrary=  ./libborgms.so
setBorgLibrary=  ./libborgmm.so
setBorgLibrary=  ./libborgmm.so
setBorgLibrary=  ./libborgmm.so
setBorgLibrary=  ./libborgmm.so
setBorgLibrary=  ./libborgmm.so
setBorgLibrary=  ./libborgmm.so
setBorgLibrary=  ./libborgmm.so
setBorgLibrary=  ./libborgms.so
setBorgLibrary=  ./libborgms.so
setBorgLibrary=  ./libborgms.so
setBorgLibrary=  ./libborgmm.so
setBorgLibrary=  ./libborgms.so
setBorgLibrary=  ./libborgms.so
setBorgLibrary=  ./libborgmm.so
setBorgLibrary=  ./libborgms.so
setBorgLibrary=  ./libborgmm.so
setBorgLibrary=  ./libborgms.so
setBorgLibrary=  ./libborgmm.so
setBorgLibrary=  ./libborgms.so
setBorgLibrary=  ./libborgmm.so
setBorgLibrary=  ./libborgms.so
setBorgLibrary=  ./libborgms.so
setBorgLibrary=  ./libborgmm.so
setBorgLibrary=  ./libborgms.so
setBorgLibrary=  ./libborgms.so
setBorgLibrary=  ./libborgmm.so
setBorgLibrary=  ./libborgms.so
setBorgLibrary=  ./libborgms.so
setBorgLibrary=  ./libborgmm.so
setBorgLibrary=  ./libborgms.so
setBorgLibrary=  ./libborgmm.so
setBorgLibrary=  ./libborgms.so
setBorgLibrary=  ./libborgmm.so
setBorgLibrary=  ./libborgmm.so
setBorgLibrary=  ./libborgmm.so
setBorgLibrary=  ./libborgmm.so
setBorgLibrary=  ./libborgmm.so
setBorgLibrary=  ./libborgmm.so
setBorgLibrary=  ./libborgmm.so
setBorgLibrary=  ./libborgmm.so
setBorgLibrary=  ./libborgmm.so
setBorgLibrary=  ./libborgmm.so
setBorgLibrary=  ./libborgmm.so
setBorgLibrary=  ./libborgms.so
setBorgLibrary=  ./libborgms.so
setBorgLibrary=  ./libborgms.so
setBorgLibrary=  ./libborgms.so
setBorgLibrary=  ./libborgms.so
setBorgLibrary=  ./libborgms.so
setBorgLibrary=  ./libborgms.so
setBorgLibrary=  ./libborgms.so
setBorgLibrary=  ./libborgms.so
setBorgLibrary=  ./libborgms.so
setBorgLibrary=  ./libborgms.so
setBorgLibrary=  ./libborgmm.so
setBorgLibrary=  ./libborgms.so
setBorgLibrary=  ./libborgmm.so
setBorgLibrary=  ./libborgmm.so
setBorgLibrary=  ./libborgmm.so
setBorgLibrary=  ./libborgmm.so
setBorgLibrary=  ./libborgmm.so
setBorgLibrary=  ./libborgmm.so
setBorgLibrary=  ./libborgmm.so
setBorgLibrary=  ./libborgmm.so
setBorgLibrary=  ./libborgmm.so
setBorgLibrary=  ./libborgmm.so
setBorgLibrary=  ./libborgmm.so
setBorgLibrary=  ./libborgmm.so
setBorgLibrary=  ./libborgms.so
setBorgLibrary=  ./libborgms.so
setBorgLibrary=  ./libborgms.so
setBorgLibrary=  ./libborgms.so
setBorgLibrary=  ./libborgms.so
setBorgLibrary=  ./libborgms.so
setBorgLibrary=  ./libborgms.so
setBorgLibrary=  ./libborgms.so
setBorgLibrary=  ./libborgms.so
setBorgLibrary=  ./libborgms.so
setBorgLibrary=  ./libborgms.so
setBorgLibrary=  ./libborgms.so
setBorgLibrary=  ./libborgmm.so
setBorgLibrary=  ./libborgms.so
setBorgLibrary=  ./libborgmm.so
setBorgLibrary=  ./libborgmm.so
setBorgLibrary=  ./libborgmm.so
setBorgLibrary=  ./libborgms.so
setBorgLibrary=  ./libborgms.so
setBorgLibrary=  ./libborgms.so
setBorgLibrary=  ./libborgmm.so
setBorgLibrary=  ./libborgms.so
setBorgLibrary=  ./libborgmm.so
setBorgLibrary=  ./libborgms.so
setBorgLibrary=  ./libborgmm.so
setBorgLibrary=  ./libborgms.so
setBorgLibrary=  ./libborgmm.so
setBorgLibrary=  ./libborgms.so
setBorgLibrary=  ./libborgmm.so
setBorgLibrary=  ./libborgmm.so
setBorgLibrary=  ./libborgmm.so
setBorgLibrary=  ./libborgmm.so
setBorgLibrary=  ./libborgmm.so
setBorgLibrary=  ./libborgmm.so
setBorgLibrary=  ./libborgmm.so
setBorgLibrary=  ./libborgmm.so
setBorgLibrary=  ./libborgmm.so
setBorgLibrary=  ./libborgmm.so
setBorgLibrary=  ./libborgmm.so
setBorgLibrary=  ./libborgms.so
setBorgLibrary=  ./libborgms.so
setBorgLibrary=  ./libborgms.so
setBorgLibrary=  ./libborgms.so
setBorgLibrary=  ./libborgms.so
setBorgLibrary=  ./libborgms.so
setBorgLibrary=  ./libborgms.so
setBorgLibrary=  ./libborgms.so
setBorgLibrary=  ./libborgms.so
setBorgLibrary=  ./libborgms.so
setBorgLibrary=  ./libborgms.so
setBorgLibrary=  ./libborgmm.so
setBorgLibrary=  ./libborgmm.so
setBorgLibrary=  ./libborgmm.so
setBorgLibrary=  ./libborgms.so
setBorgLibrary=  ./libborgms.so
setBorgLibrary=  ./libborgms.so
setBorgLibrary=  ./libborgmm.so
setBorgLibrary=  ./libborgms.so
setBorgLibrary=  ./libborgmm.so
setBorgLibrary=  ./libborgms.so
0.07804785437836514 1.6054749012937477 0.786006509975066 0.4698041683225438 1.079419529782473 0.7474066598218415 -0.23190728563185536 0.15902908175008668 -1.0 -1.0 0.0
0.29870646407331947 1.7596751851401466 0.11097442780411207 0.49993399868252064 1.0938837833455493 0.8427813244850331 -0.3317452068763989 0.2144499881905301 -0.98989898989899 -1.0 0.0
0.3895076433326483 1.1417697915864664 1.0 1.6949975982164032 0.945843949901248 0.0 -0.2003365639155856 0.14619226262306761 -1.0 -1.0 0.0
0.3955423948109542 0.3347023971728827 1.0 -0.828536362974103 0.786205091407555 0.0 -0.40424203636944317 1.0122658090524346 -0.98989898989899 -0.8739583333333333 0.0
0.07804785437836514 1.6054749012937477 0.786006509975066 0.4698041683225438 0.831309708727363 0.7474066598218415 -0.32631682671180656 0.20805032652615663 -0.98989898989899 -1.0 0.0
0.29870646407331947 1.7596751851401466 0.19672699463477522 0.49993399868252064 1.0938837833455493 0.4156271259802457 -0.30469151634773556 0.1945101431587929 -0.98989898989899 -1.0 0.0
0.0885834228571563 1.6475340252387114 0.8431392558744926 0.48965443843507483 1.0779885317302065 0.7899275926085788 -0.25491253945409587 0.16896579638465944 -1.0 -1.0 0.0
0.627827910279677 1.9452214571104591 0.5037848946845285 0.5298919532804547 1.4301216723567232 0.5373374500249906 -0.2698588119410727 0.1779655056937568 -1.0 -1.0 0.0
0.07804785437836514 1.6054749012937477 0.2928438014838671 0.46199268596585075 1.0778888316670427 0.7402743518339885 -0.2725872384796024 0.17601557316134786 -0.98989898989899 -1.0 0.0
0.29870646407331947 1.7596751851401466 0.7986871264406217 0.5610770492880837 1.0938837833455493 0.4156271259802457 -0.2832270144995836 0.1842188016366935 -0.9995791245791246 -1.0 0.0
0.2850648680130275 1.7596751851401466 0.4336605655107788 0.5018259304694871 1.0766724880564205 0.5917108819335026 -0.2930322964304058 0.18771698402381046 -0.98989898989899 -1.0 0.0
-0.3577301260220654 0.8475007168705857 0.0 0.5711328812020269 1.2690017352966865 0.6169639981199737 -0.3507006337536864 0.2522046743801528 -0.98989898989899 -1.0 0.0
0.8449528098112973 2.0 0.23036167889653478 0.33031243214178563 1.3543587403650428 0.4041412473034707 -0.2719624323059017 0.1818714527655668 -1.0 -1.0 0.0
0.06254661058214309 1.000713752571531 0.4295022800886575 0.7218531631373734 1.5915897010505922 0.42342193603550365 -0.339916790350235 0.43568284169916466 -1.0 -0.9816666666666667 0.0
0.29831279739387806 0.9613194800695611 0.13161261144668418 0.5241584452135453 1.0873969520555264 0.4213567062079338 -0.3411993844070567 0.22505841947455418 -0.98989898989899 -1.0 0.0
0.27797764592756913 0.3747571591229078 0.7592893640318951 0.08914627276573928 0.9355902020178 0.7675747569136444 -0.2719407262876257 0.16911558296760829 -0.98989898989899 -1.0 0.0
0.26453339713354906 0.3851094331799144 0.8281353618549498 0.3753759223910458 0.8526963034767416 0.5960481072543677 -0.2822421224611775 0.17420551623422795 -0.98989898989899 -1.0 0.0
1.077288164360426 1.3719016635490042 0.06669076380685297 0.30420377407798294 1.487928471051036 0.914851677513496 -0.32048198545727996 0.2289597541757223 -1.0 -1.0 0.0
0.27797764592756913 0.3747571591229078 0.16097143575571743 0.08914627276573928 0.9337600443823636 0.45834040256644143 -0.22877648580689466 0.15096331434778062 -0.98989898989899 -1.0 0.0
1.1984610509123796 1.4090321390341785 0.03457122180484497 0.3400723830021607 1.5209652663193562 0.9695645070098258 -0.26716394647111913 0.18123656279671338 -1.0 -1.0 0.0
-0.9330343533859786 1.6513339821484794 0.0 0.5439387693754913 1.444386054100668 1.0 -0.294655488302316 0.19065787006381218 -0.9907407407407407 -1.0 0.0
0.031686789829211026 1.1371084356534082 0.3329615165323395 0.42576709446165895 0.7141232110359993 0.7047501757519203 -0.3465485923099754 0.2286930986827784 -0.98989898989899 -1.0 0.0
0.011260709058206508 1.155161991661686 0.3072425053628578 0.38310288039782675 0.6939730727985342 0.9083322800031479 -0.31964131499162574 0.19915222222485288 -0.98989898989899 -1.0 0.0
-0.1210251304346862 1.8333303477555956 0.4294489405768779 0.5865367951378309 1.1909493973997258 0.0992579568690203 -0.21491987245614297 0.15733023209917554 -1.0 -1.0 0.0
-0.031589559622318936 1.8884978643358914 0.41682646795909317 0.6342286032966298 1.197267730690741 0.07073368824959725 -0.1951201168515699 0.14846748316924993 -1.0 -1.0 0.0
0.3478625963513418 0.38006740206591044 0.7832245052116317 0.05937441309808391 0.9707796852794217 0.7796801696738279 -0.35355338042380957 0.23593948217740116 -0.98989898989899 -1.0 0.0
-0.12533666149837352 1.8442201688522986 0.23140356505150342 0.6036023783040236 1.2196002341279666 0.06353595342103763 -0.24083687522805894 0.1689197711327387 -1.0 -1.0 0.0
0.4785658462155995 0.8674918308079922 0.29042674584556993 0.34869680608359577 1.2305091412809 0.9919842493236029 -0.2585529768015818 0.16874196789142779 -0.98989898989899 -1.0 0.0
0.4570228722547472 0.865003159936751 0.38100548749347346 0.2661157088042505 1.3669497951322584 0.2191598660357203 -0.3268244825737651 0.20673683616037666 -0.98989898989899 -1.0 0.0
0.45735689775491073 0.865003159936751 0.31543361950639165 0.2661157088042505 1.3669497951322584 0.8872298634449466 -0.22833636397579804 0.15667402399726307 -0.9981060606060606 -1.0 0.0
0.058335318072860236 1.739104983176842 0.059034195348755744 0.674295997084385 1.7574442182259633 0.21891426941116915 -0.3044811009520753 0.20226189651248164 -1.0 -1.0 0.0
0.012085617057067566 1.8246483299472946 0.0736609962940358 0.7058231566813364 1.8275279746920634 0.17589514785844895 -0.29921212681289866 0.19988309549324965 -1.0 -1.0 0.0
0.785189932118473 2.0 0.2352345832892053 0.47720531412316225 2.0 0.6423791809814642 -0.2164072649808323 0.15590930679784676 -1.0 -1.0 0.0
0.4983960913608705 0.8550690721848675 0.9031454517746217 0.13287288186440094 0.6834748975661292 0.9565400590553275 -0.3460526732324592 0.2333969563462698 -0.98989898989899 -1.0 0.0
-0.7469659081536733 1.924919151683552 0.04179770686705543 0.5000578380216156 1.4767995098318905 0.4275206744811272 -0.3452364798339676 0.7060787298620609 -1.0 -0.9560416666666667 0.0
0.46945303962256635 0.865003159936751 0.373523709826852 0.2661157088042505 1.3669497951322584 0.2270461296738283 -0.33611485878314085 0.21569604206117185 -0.98989898989899 -1.0 0.0
-0.8623369159943192 2.0 0.0 0.6388358626658518 1.381350630376285 0.6569924918907089 -0.37838359303551056 1.4460530786500871 -0.98989898989899 -0.858125 0.0
0.4781244107393157 1.0228787378118454 0.24665700601603657 0.35316322874199346 1.2346672107241619 0.9917395602467147 -0.20690012788276121 0.14869331738504557 -1.0 -1.0 0.0
0.6677368779878263 1.5494637900146553 0.008636065916284963 0.41387866004791274 0.9089144951412118 0.17396334611868014 -0.31152996203598193 0.19439123263390887 -0.98989898989899 -1.0 0.0
0.45735689775491073 0.865003159936751 0.3959875143897119 0.2661157088042505 1.317285784726401 0.6451236029495817 -0.27304429095263544 0.1753921138824499 -0.98989898989899 -1.0 0.0
0.058335318072860236 1.7403698462390844 0.059034195348755744 0.6741133151465443 1.831936796396562 0.21891426941116915 -0.28594419580240654 0.18975477247686226 -1.0 -1.0 0.0
0.012085617057067566 1.823383466885046 0.0736609962940358 0.7060058386191773 1.7530353965214582 0.17589514785844895 -0.3170701194897638 0.21502844212627534 -1.0 -1.0 0.0
0.4565714766385737 1.5964411775573253 0.34623791262187015 0.26567197285900856 0.5275570527947407 0.8951457389386245 -0.2223817923197455 0.14867813414658795 -0.98989898989899 -1.0 0.0
0.058335318072860236 1.7409332814353222 0.059034195348755744 0.6816800349821255 1.6870775407524288 0.21820240419338438 -0.326000716982411 0.22247405183294508 -1.0 -1.0 0.0
-0.7469659081536733 1.924919151683552 0.04179770686705543 0.4915066420333316 1.4755486704056313 0.9610794755284948 -0.26672414843013453 0.17846970925903913 -1.0 -1.0 0.0
0.4939387893522946 1.140320495967828 0.4785337931193723 0.22019128273711353 0.384070929229276 0.9379020950146723 -0.24643982489991653 0.1581532553473872 -0.98989898989899 -1.0 0.0
0.4939387893522946 1.140320495967828 0.4785337931193723 0.22019128273711353 0.384070929229276 0.07304258646281496 -0.3163701390556887 0.19877796779715193 -0.98989898989899 -1.0 0.0
0.4939387893522946 1.140320495967828 0.4785337931193723 0.22019128273711353 0.384070929229276 0.5362162316535172 -0.2657639913764888 0.16714107125609312 -0.98989898989899 -1.0 0.0
0.4274546310663334 0.6733314915756508 0.24922109590222385 0.13575648938925067 0.5008499371514096 0.698228028526125 -0.2834507067715545 0.1789388075394468 -0.98989898989899 -1.0 0.0
0.11397910353587459 0.5089303135194188 0.5486671704679418 0.5768059330472735 1.2724082458772243 0.7361669646569653 -0.40306871554418827 1.087290974469447 -0.98989898989899 -0.8910416666666666 0.0
0.47556902542353124 1.9218315095458718 0.4791242298420971 0.3737106785116975 0.8874161375890058 0.32002436563373177 -0.2004759586946604 0.1463510770368006 -1.0 -1.0 0.0
0.09115036954265332 1.4101886285173808 0.44493745299421006 0.4808948170469374 0.7156606003414646 0.21863195288423942 -0.34148500043108404 0.22326828600035134 -0.98989898989899 -1.0 0.0
-0.13628494044213668 1.140320495967828 0.4785337931193723 0.22019128273711353 0.384070929229276 0.9698522291076026 -0.217160327561747 0.14687603624029352 -0.98989898989899 -1.0 0.0
0.2917745418788391 1.652485694463835 0.6384584304500507 0.5885676635868307 0.8874981551532087 0.32002436563373177 -0.3508993606659911 0.27206350563043186 -0.98989898989899 -1.0 0.0
0.4264386124503997 0.6733314915756508 0.24948471920337542 0.23739320345405754 0.5008499371514096 0.6068404507488284 -0.30033477973317496 0.18556209440004612 -0.98989898989899 -1.0 0.0
0.5548672384011715 1.9218315095458718 0.6384584304500507 0.3744872799145859 0.8874161375890058 0.32002436563373177 -0.22180524340607746 0.15441998475357294 -1.0 -1.0 0.0
0.11429971626220074 1.8883791292095635 0.6384584304500507 0.5885676635868307 1.2731385694860087 0.3222260525759127 -0.2399543952772438 0.1647050675310017 -1.0 -1.0 0.0
0.11397910353587459 0.5089303135194188 0.45070459331635027 0.5768059330472735 1.2986238373673111 0.4053556298383874 -0.2807063840640945 0.1859134400825833 -0.9924242424242424 -1.0 0.0
0.6122940689557224 1.804149811767612 0.23430819163348127 0.47675931039968333 0.7741193116520421 0.0 -0.27028648217485607 0.17936687502691231 -1.0 -1.0 0.0
0.11397910353587459 0.6746388349390213 0.30752032407406427 0.5768059330472735 1.3633082510174233 0.6176916501632509 -0.3010397480978672 0.19678618619062457 -0.9928451178451179 -1.0 0.0
0.11397910353587459 0.5089303135194188 0.07632913954470519 0.5768059330472735 1.2986238373673111 0.4053556298383874 -0.3723830646918315 0.5717039475752794 -0.98989898989899 -0.9591666666666666 0.0
0.07475885052111897 0.9629803199854576 0.17728318324714973 0.417320140268961 0.7394793105170782 0.716680662374483 -0.3415901781647297 0.22056605964775325 -0.98989898989899 -1.0 0.0
0.3985699094828612 0.7768335889039639 0.1379483314552224 0.4849579572875422 1.7215537214003396 0.48946050752174586 -0.23565046298853856 0.15931105403065476 -0.9901094276094277 -1.0 0.0
0.010973913721978729 1.7113908434303355 0.35731096840647447 0.5678076579659401 1.403758170143424 0.6834315998677394 -0.27624637601020785 0.18171477301497527 -1.0 -1.0 0.0
0.16333923319779708 1.2596997264612537 0.6574540292844808 0.6118007080065441 1.36869495997952 0.49283203144257653 -0.2673939035124541 0.1776819135246801 -1.0 -1.0 0.0
0.24141200987406375 0.14780707737499 0.36480422889953973 0.35112222846053553 0.3510115129437994 0.47540781543245925 -0.35634265784585084 0.24526074026227598 -0.98989898989899 -1.0 0.0
0.07475885052111897 1.5458428011149734 0.8526736164588187 0.417320140268961 0.7394793105170782 0.7141363210310545 -0.29630549630913516 0.18575359300009683 -0.98989898989899 -1.0 0.0
0.28623954730415535 0.45989482616222827 0.5997974897268689 0.05382232787153529 1.9235066370860456 0.06866523855810058 -0.282405929672787 0.17423927375885395 -0.98989898989899 -1.0 0.0
0.40123150498657334 1.213600945475884 0.1379483314552224 0.5558258580371228 1.72010470872599 0.48946050752174586 -0.22468280509549002 0.15718891396437842 -1.0 -1.0 0.0
0.3897097436622366 0.7114085008806897 0.4614501151799853 0.4033623352708672 0.8904987133768374 0.4978845396378595 -0.3223085232740562 0.20097861942105108 -0.98989898989899 -1.0 0.0
0.3969833032767316 0.5301967602364812 0.5635993229159152 0.32107606145753054 1.118191620950684 0.8118957346105895 -0.34243302872806564 0.21991085447680378 -0.9797979797979798 -1.0 0.0
0.18391942212155157 1.5995959893122405 0.6428093635279118 1.1660105466306336 1.8530047055099088 0.08215398555584344 -0.29665781128904484 0.20748871278037342 -1.0 -1.0 0.0
0.2162916034175315 1.5572383380795904 0.17309896956243942 0.6100624646217438 1.5741071080885793 0.25091979037767587 -0.2514235406421252 0.16995619025160238 -1.0 -1.0 0.0
0.39999846153651164 1.213600945475884 0.5217692196652687 0.5400892525734655 1.7215537214003396 0.8268050092334871 -0.20674028860136417 0.149861458002699 -1.0 -1.0 0.0
-0.026418915662750786 1.1909417514638256 0.48880205995116033 0.802854173893582 1.6123711182521248 0.12578361717907327 -0.3241629656981145 0.7209764279001707 -1.0 -0.9489583333333333 0.0
0.10548650929846469 0.9728574644258882 0.1376262969951953 0.4800264650420355 0.7054298554367805 0.6469357740133415 -0.36086053297754167 0.7536524307590432 -0.98989898989899 -0.9352083333333333 0.0
0.22907932826625554 1.42240596928167 0.5885801108579678 0.8519276161338863 1.775979862545953 0.3207997086799853 -0.31620034993632323 0.2184436483516373 -1.0 -1.0 0.0
0.10548650929846469 0.9728574644258882 0.17780837541288308 0.4036177659609964 0.7054298554367805 0.6469357740133415 -0.33624387727605143 0.21375650995280007 -0.98989898989899 -1.0 0.0
