standard C library=  None
setBorgLibrary=  None
standard C library=  None
setBorgLibrary=  None
standard C library=  None
setBorgLibrary=  None
standard C library=  None
setBorgLibrary=  None
standard C library=  None
setBorgLibrary=  None
standard C library=  None
setBorgLibrary=  None
standard C library=  None
setBorgLibrary=  None
standard C library=  None
setBorgLibrary=  None
standard C library=  None
setBorgLibrary=  None
standard C library=  None
setBorgLibrary=  None
standard C library=  None
setBorgLibrary=  None
standard C library=  None
setBorgLibrary=  None
setBorgLibrary=  ./libborgmm.so
setBorgLibrary=  ./libborgms.so
setBorgLibrary=  ./libborgmm.so
setBorgLibrary=  ./libborgms.so
setBorgLibrary=  ./libborgmm.so
setBorgLibrary=  ./libborgms.so
setBorgLibrary=  ./libborgmm.so
setBorgLibrary=  ./libborgms.so
setBorgLibrary=  ./libborgmm.so
setBorgLibrary=  ./libborgms.so
setBorgLibrary=  ./libborgmm.so
setBorgLibrary=  ./libborgms.so
setBorgLibrary=  ./libborgmm.so
setBorgLibrary=  ./libborgms.so
setBorgLibrary=  ./libborgmm.so
setBorgLibrary=  ./libborgms.so
setBorgLibrary=  ./libborgmm.so
setBorgLibrary=  ./libborgms.so
setBorgLibrary=  ./libborgmm.so
setBorgLibrary=  ./libborgms.so
setBorgLibrary=  ./libborgmm.so
setBorgLibrary=  ./libborgms.so
setBorgLibrary=  ./libborgmm.so
setBorgLibrary=  ./libborgms.so
0.4314073992440217 1.3054107515992321 0.45478125690303783 0.3277122905309575 0.562967996014905 0.6550272006928781 -0.29129953375650347 0.17986993293905285 -0.98989898989899 -1.0 0.0
0.4314073992440217 1.3054107515992321 0.4479551706879199 0.3277122905309575 0.6287034754511758 0.6529425178444319 -0.27095649511223313 0.16960518468853114 -0.98989898989899 -1.0 0.0
0.8011719383694084 1.2497406365001795 0.11679501414276704 -0.0760372422882709 1.9676357806301266 0.6443437499038587 -0.3610671751057659 0.9622604883847009 -1.0 -0.935 0.0
0.5507784348316423 1.0266569833778567 0.3548291502530675 -0.08123022734744074 1.562788115969758 0.3739053459729284 -0.3646486555804184 0.6062546441965345 -0.98989898989899 -0.96375 0.0
0.404736909738292 1.3157265455829614 0.44802883229752355 0.3556331145697599 0.6065717841376134 0.6429082902285521 -0.30473419597269696 0.18804190425400769 -0.98989898989899 -1.0 0.0
0.8013545299470828 1.2512560145449987 0.11679501414276704 -0.0760372422882709 1.9676357806301266 0.6444760190897331 -0.35796592501379276 0.8990667122946419 -1.0 -0.940625 0.0
0.4781304100005581 0.6693226745552765 0.44976640380952265 0.18095962983857056 1.4877799137328824 0.8499019419879875 -0.3507264557564575 0.23825721317900314 -0.98989898989899 -1.0 0.0
0.817422895893946 1.3340593430270675 0.1336494405307537 -0.07562947507845919 1.987421622863504 0.6481900323760207 -0.34437578501552357 0.6325661268412972 -1.0 -0.9652083333333333 0.0
0.4008288960163059 1.014470576004499 0.8180992235440667 -0.2533294444884701 1.7214949961411123 0.43427238836073234 -0.25100790236900855 0.1692281225500446 -1.0 -1.0 0.0
0.4068763506246228 0.6429741343485242 0.7505593260199555 0.022645751083689325 1.5538881197687167 0.7054915987560131 -0.3325910504758666 0.2106186431851135 -0.98989898989899 -1.0 0.0
0.33725071125170025 1.3054107515992321 0.45478125690303783 0.3277122905309575 0.4170968358150553 0.6550272006928781 -0.33108725344184414 0.20592104095641436 -0.9797979797979798 -1.0 0.0
0.6716984594603758 1.23475368489937 0.3022513819888989 0.030066749533703363 2.0 0.5751158838447207 -0.3329677541119826 0.23268237780299186 -1.0 -1.0 0.0
0.39580191875250637 0.59221221163524 0.4484658459219975 0.06776274230612393 1.459678519307483 0.5996996578628644 -0.3246544008301106 0.20311595493537835 -0.98989898989899 -1.0 0.0
0.6151983138107769 1.1542880976633756 0.3138352615136948 0.025680249363175367 1.7762154313476743 0.7421619664244755 -0.2955286791489527 0.19477033747543637 -1.0 -1.0 0.0
0.6870882169786698 1.1174198484278677 0.10672271840895517 0.4887641349264505 1.918687671536812 0.9072319130084021 -0.26852946339703654 0.17830903013769625 -1.0 -1.0 0.0
0.6518201765895874 1.231581462170202 0.30091966226653116 0.04996384639210269 1.980846718347224 0.557345347015836 -0.3213082491806838 0.21616792919205072 -1.0 -1.0 0.0
0.38361010494403447 0.8080626322676299 0.4929068349666039 0.07128944148883737 1.7435760847768917 0.46902440836129744 -0.23295777992847003 0.1568756253813661 -0.98989898989899 -1.0 0.0
0.4591662467746806 1.11114764386742 0.7380213689612214 0.3089286836071921 1.808087204625517 0.6022458479848508 -0.22686762825668974 0.15657032651875527 -1.0 -1.0 0.0
0.8480249245558865 1.3489210668811764 0.12284640070493279 -0.07173819569551489 1.9960050479204092 0.6515499629691159 -0.3987072423414091 1.6452829978322796 -1.0 -0.8585416666666666 0.0
0.6450334550826133 1.2123577547162823 0.30489397062621587 0.3275980603359262 1.9512437728108376 0.6268802767253214 -0.3137394332304028 0.20714150701280254 -1.0 -1.0 0.0
0.41079362067134073 1.3157265455829614 0.44802883229752355 0.3555095063612209 0.6065717841376134 0.9600161769360518 -0.3123696945633057 0.19292958755681686 -0.98989898989899 -1.0 0.0
0.44219797685684376 1.11114764386742 0.7380213689612214 0.3099518635711632 1.8032880617272236 0.6022458479848508 -0.2075160997833303 0.14929131767594753 -1.0 -1.0 0.0
0.30686602091088494 1.3273640718636017 0.027486383145238005 0.33175264665914306 0.4170968358150553 0.629106159553741 -0.3493409715825968 0.2261251143892634 -0.98989898989899 -1.0 0.0
0.6909959388012644 1.2349450302132872 0.30103479878356654 0.028135267818382496 2.0 0.5726945659063175 -0.34104015846019803 0.25896696169440203 -0.9909511784511784 -1.0 0.0
0.3961271927958067 0.5420945254746941 0.4566594693835153 0.06986001807770637 1.4668385503886001 0.5933732987612543 -0.3413554242472814 0.21919067509301035 -0.9831649831649831 -1.0 0.0
0.5505852871461934 1.1850630058776068 0.5439507336873518 0.3446378783870583 1.9064730386162654 0.6821584993726529 -0.27656082599061754 0.1804555333322778 -1.0 -1.0 0.0
0.5858726138833343 1.4243757248054796 0.765150351209746 0.3314295488187189 1.238777411844984 0.40918638007602814 -0.29215736047263213 0.18950218913540431 -0.9924242424242424 -1.0 0.0
0.32772931359426904 0.5353740275667577 0.2419550733299617 -0.03870727218580527 1.1438032090206816 0.28323932317582984 -0.2871954281352664 0.17868239567998553 -0.98989898989899 -1.0 0.0
0.2570182348859841 1.2787285075020522 0.417351611061295 0.5152977788078529 1.400441824622743 0.48078656942113 -0.19765313751354907 0.14690603033552155 -1.0 -1.0 0.0
0.3348096764073485 0.5624029296892388 0.9420873795050894 -0.055668652915822125 1.1221248576551597 0.2926952411827374 -0.3130882816639798 0.19368013984480317 -0.98989898989899 -1.0 0.0
0.3432833814322136 0.49786721511910315 0.265341444162556 -0.08328706548503195 1.1921346515206885 0.18117292215968833 -0.3403013562884147 0.21927700745659692 -0.9846380471380471 -1.0 0.0
0.5179967287214456 0.7237533604856514 0.003901130564831712 0.543642201953265 1.6388523403032624 0.46707397435495185 -0.25153985567320164 0.16877706852906058 -1.0 -1.0 0.0
0.3432833814322136 0.49786721511910315 0.19452846318367642 -0.10262725715231835 1.4079860653712402 0.18117292215968833 -0.3305510294245888 0.20856840197523255 -0.98989898989899 -1.0 0.0
0.0052126944939345984 0.0 0.865557818590412 0.4788300453936859 0.8149522820400243 0.9705079859682335 -0.3434889362849766 0.2252651067895889 -0.98989898989899 -1.0 0.0
0.3380414459749382 0.47453651664481916 0.189499926896192 -0.09726153005395657 1.1935775232684664 0.23930041673037883 -0.4251672850010799 1.070790605005384 -0.98989898989899 -0.889375 0.0
0.2530924608502705 1.3193084368195236 0.4200385697393484 0.565017211844012 1.178176701633685 0.26655081717589046 -0.2735892280647685 0.1790320271853966 -1.0 -1.0 0.0
0.1372122717958667 1.0736954068651263 0.8347209488985473 0.30597318901591497 0.5202704746802566 0.8814165555251591 -0.2490012463543969 0.1592247027628214 -0.98989898989899 -1.0 0.0
0.1372122717958667 1.0991394295234964 0.8347209488985473 0.34564907065010125 0.5202704746802566 0.865510280337202 -0.30503736140574494 0.18793594655622045 -0.98989898989899 -1.0 0.0
1.0615543741046873 0.7324461140158884 0.0024565615795181656 0.517422657737367 1.6019086492149917 0.4658801540395068 -0.31167684018352765 0.20687030009577223 -1.0 -1.0 0.0
0.34453769588496486 0.46191989724114224 0.18539850599366858 -0.10331688801550891 1.1927596423039657 0.1406481368761556 -0.3852114024111379 0.549425106894109 -0.9797979797979798 -0.955625 0.0
0.3632057083747409 0.7413305157055975 0.7287386758077395 0.02190992129028152 1.134020733730918 0.373094393854446 -0.26456071361827044 0.16868487768828075 -0.98989898989899 -1.0 0.0
0.5124698772788161 0.5790866438343758 0.07284765943142825 0.16628717006701582 1.4492708963566585 0.3666498923004972 -0.3526928553158715 0.2482023715522379 -0.98989898989899 -1.0 0.0
0.3683834894989285 0.43421527910363267 0.2369738569984261 -0.09831115526732345 1.3680029599516808 0.21562789655881306 -0.37624268078239204 0.4831718419422653 -0.98989898989899 -0.9672916666666667 0.0
0.3625372960562945 0.43818338458654166 0.2251965300331306 -0.11498436449486728 1.390559045829777 0.2023013012291095 -0.3712455037477358 0.43535927231165145 -0.9861111111111112 -0.9754166666666667 0.0
0.3445757111890547 0.4663988339323636 0.8523155874228839 -0.10331688801550891 1.1927596423039657 0.1406481368761556 -0.3507102200040435 0.23012530306809587 -0.9890572390572391 -1.0 0.0
1.2047694615889755 0.6922224421423397 0.0 0.5438452793182449 1.7074626369728991 0.37969456522077705 -0.2246823269616558 0.15768504421501492 -1.0 -1.0 0.0
0.2765434224883857 0.5127972422469754 0.2673819446582181 -0.05239761144607771 1.188410290144347 0.24240992183442595 -0.22107516364626134 0.14954180450209195 -0.98989898989899 -1.0 0.0
0.5858726138833343 1.421186808020741 0.7501322675204787 0.14078232989822365 1.238777411844984 0.42511836788290513 -0.28310887651634187 0.1854597656546779 -1.0 -1.0 0.0
0.3380414459749382 0.47453651664481916 0.189499926896192 -0.09726153005395657 1.194965193272005 0.25157134650390883 -0.44983877626202246 1.275002386975251 -0.98989898989899 -0.858125 0.0
0.15316270806027035 1.2216600563051117 0.6925746179990433 0.7228093579859609 1.0259351769861482 0.10679044236735401 -0.3208347009131927 0.21864988436377517 -1.0 -1.0 0.0
0.5109033859002482 0.9139100645507302 0.2995542674404499 0.32408729134615627 0.6591364189071737 0.8786301672751947 -0.32062595239598946 0.1997955553753055 -0.98989898989899 -1.0 0.0
0.40007049225224856 0.7709063644028257 0.25858463207115817 0.32856492251406677 0.7601545760119226 1.0 -0.27008554974085913 0.1696960856852474 -0.98989898989899 -1.0 0.0
0.42926261547454925 1.602753678101807 0.33249534191203445 0.5497712908683758 1.4993026587732765 0.6284483468526405 -0.24584687923046947 0.16598517530919868 -1.0 -1.0 0.0
0.45850177795757896 1.3129843588476482 0.002469991494485629 0.3329155622507707 0.6418749452638488 0.9210213721134164 -0.2912608162423032 0.1797045738411105 -0.98989898989899 -1.0 0.0
0.4654680397481195 1.6731222098899377 0.29801942910200085 0.39705030218859133 1.0901674810011035 0.618810054103245 -0.20639838936647373 0.14838200159462006 -1.0 -1.0 0.0
0.3986694462732822 0.7976870282570713 0.34623791262187015 0.21815789449451461 0.5275570527947407 0.8999425904229066 -0.22055921415862553 0.14902454595193443 -0.98989898989899 -1.0 0.0
0.2922072774749835 1.602753678101807 0.37773194921339365 0.5500503198550968 1.3520681774787955 0.5770769810150893 -0.2618515920968025 0.17328504393741506 -1.0 -1.0 0.0
0.41408446384029945 0.8517814312018814 9.929136189521567e-06 0.5926551869681022 1.5559891013253149 0.8786538330761489 -0.3130522262354197 0.20505050712034104 -0.9911616161616161 -1.0 0.0
0.31503435199474655 0.5449756836572525 0.29801942910200085 0.392390376174486 1.3285195419540081 0.6147002868103189 -0.2428227873247999 0.15821451363405545 -0.98989898989899 -1.0 0.0
0.4295532190372213 1.945752558939803 0.2959380352748756 0.5632431965683204 1.3731737838367055 0.7475226452205529 -0.29567502074741964 0.19170454211711815 -0.9930555555555556 -1.0 0.0
0.48594686592461106 0.691733972913785 0.25301957443858475 0.3404217234268899 0.7835558343659415 0.8827088449509952 -0.3400247681759249 0.21873923675380294 -0.98989898989899 -1.0 0.0
-0.014437209429754017 1.8743089056715614 0.23344472037733022 0.4864948950326239 1.349709596276002 0.971689535139457 -0.2302268508970634 0.15884859099461465 -1.0 -1.0 0.0
0.4901707428540043 0.830018608442698 0.2662360390248214 0.2585433324258213 1.5559866544446974 0.9994920610535394 -0.2515420062610631 0.1669670536649589 -0.9957912457912458 -1.0 0.0
0.4726802777989293 0.9029408146895279 0.06571902106645404 0.34405043695330284 0.6591071578815448 0.9092782371477529 -0.3060652898625095 0.18873700193132673 -0.98989898989899 -1.0 0.0
0.3549686931233761 0.9591000173918065 0.0 0.5647856285567828 1.5731910297257132 0.8382057966551401 -0.28166598890986666 0.18406325631219422 -1.0 -1.0 0.0
0.3917919337988683 1.6509563266692477 0.21814081670890853 0.507664095482595 0.9774949182593842 0.9609805824809174 -0.35223975880780856 0.2450488128404037 -0.98989898989899 -1.0 0.0
0.49487648263385925 0.7414251144664774 0.02035849360012522 0.36855445659580555 0.5448833998409247 0.9210213721134164 -0.3524360377020044 0.23374728130766134 -0.9892676767676768 -1.0 0.0
0.41408446384029945 0.8517814312018814 9.929136189521567e-06 0.5926551869681022 1.5729752932914922 0.8829149581786047 -0.3089661325023518 0.2020166824646575 -0.9974747474747475 -1.0 0.0
0.4785658462155995 0.8711206342064488 0.2651489660582044 0.34869680608359577 0.6281335703223507 0.9144015155743119 -0.3315693571825617 0.20832327334415743 -0.9877946127946128 -1.0 0.0
0.4944986095652582 2.0 0.29155448082351304 0.3818426174283315 0.9760042443374476 0.5055878611051454 -0.21130421785089717 0.14964802466931007 -0.9936868686868687 -1.0 0.0
0.5703652723868393 1.3127589054971311 0.5306002912479235 0.2157548726284313 0.29229080353549564 0.657603357072343 -0.2853053064585746 0.17660725024811688 -0.98989898989899 -1.0 0.0
0.11397910353587459 0.5139743046808727 0.2392585741447421 0.5768059330472735 1.2986238373673111 0.5196064694793858 -0.39574920075722736 0.9535826136008382 -0.98989898989899 -0.9127083333333333 0.0
0.5619201473169174 1.3394247866584816 0.8968696435085305 0.2237275993783113 1.3266116719969645 0.618795011006035 -0.2736571969318314 0.17941964127127133 -1.0 -1.0 0.0
0.4087730428618058 1.0363927761091396 0.6475126204465997 0.1701622706558938 1.0624930801063461 0.3827857146412219 -0.20426826906120313 0.14757194806552362 -1.0 -1.0 0.0
0.039241126460620016 1.8624007857968892 0.5488898495483908 0.6798826104740503 1.3102179028574386 0.26940585219009355 -0.3124762578759878 0.20984642395455022 -1.0 -1.0 0.0
0.4493516878321231 1.3164880416769837 0.7584824623622672 0.40548612047745847 0.6045939706067529 0.592602844813163 -0.3414270472528525 0.21959560863526995 -0.9882154882154882 -1.0 0.0
0.5011747697111367 1.2661125350642364 0.6237720125378731 0.14124867452056833 0.933585232706764 0.46857353134232343 -0.2254862234677563 0.15702331460495808 -1.0 -1.0 0.0
0.5005570064613625 0.9540461801439257 0.7707536190207543 0.14153200442507474 1.2401975700863326 0.36230863001674557 -0.3443152917105253 0.22791999253409237 -0.98989898989899 -1.0 0.0
0.5265087401492589 1.430044726135462 0.762000419418668 0.3602169118930677 0.5541284011104443 0.5952820833665957 -0.33031849784198414 0.20768890643839266 -0.98989898989899 -1.0 0.0
0.5980409150894028 1.309457861688979 0.34044598160060396 0.20736889147148324 0.0 0.30356667032442386 -0.30255007712155196 0.1977712122288855 -1.0 -1.0 0.0
0.39665833042840803 1.3127589054971311 0.5306002912479235 0.22416405765996686 0.29229080353549564 0.657603357072343 -0.23766959021926296 0.15401223701458375 -0.98989898989899 -1.0 0.0
0.10172915850773442 1.9523526461184912 0.5816089111586729 0.721464081595728 1.2236193728491525 0.20796373149644867 -0.33586511821734283 0.24188545434108114 -1.0 -1.0 0.0
0.3945915001080442 1.3290432671463241 0.49123388390738243 0.20359700660865387 0.19343818319045425 0.7096578116678748 -0.24706952962033454 0.15756832265191373 -0.9808501683501684 -1.0 0.0
0.5703652723868393 1.3127589054971311 0.760247498581459 0.29419591316252547 0.2655044650345818 0.5993645617249406 -0.3517283888341978 0.2307981625519274 -0.98989898989899 -1.0 0.0
0.233702414527162 1.4320089701149135 0.5324228311444358 0.22416405765996686 0.29229080353549564 0.657603357072343 -0.2255930615253174 0.14944042435485402 -0.98989898989899 -1.0 0.0
0.5374810186716901 1.319424314481566 0.9609173486148663 0.2157548726284313 1.3952921134303642 0.6602812696884968 -0.2540030504181792 0.1695223775815462 -1.0 -1.0 0.0
0.2286812437317209 1.4233741216472875 0.7595431672494828 0.3773289497445872 0.5666494479517599 0.5952820833665957 -0.31440738451335953 0.19472127764036262 -0.98989898989899 -1.0 0.0
0.3595218889493612 1.6316218222950942 0.5306002912479235 0.3176959549258937 0.2580799864395117 0.0854557299787887 -0.32110020217923596 0.19785626270301337 -0.9797979797979798 -1.0 0.0
0.5703652723868393 1.3127589054971311 0.9657376022784839 0.13029274885715525 1.4146831109022806 0.6590117186162918 -0.2907310610233728 0.1893475179594344 -1.0 -1.0 0.0
0.11397910353587459 0.5089303135194188 0.23381724399879733 0.5768059330472735 1.299429444735408 0.5205323129241662 -0.42710863021171885 1.2764869847839895 -0.98989898989899 -0.87 0.0
0.07156043663361832 1.988101838412437 0.5698133253498285 0.7714979543997157 1.3124285518745884 0.16897896672266538 -0.3281951082091142 0.23337721224641017 -1.0 -1.0 0.0
0.5511555072751607 1.287359550485345 0.4943632345594646 0.20696876408192544 0.3299393644064707 0.6575644539202523 -0.26489412612567714 0.16674904509392466 -0.98989898989899 -1.0 0.0
0.31443812075746363 0.5143266198157571 0.5877245429643363 0.3625131362664051 1.0569508110460453 0.8546003544764742 -0.2718151245375347 0.16967693674082931 -0.98989898989899 -1.0 0.0
0.19522049049735557 0.23281742023951352 0.5997974897268689 0.11597684493313708 0.23457429749764835 0.20431137369114705 -0.2167980471690896 0.14643546693033932 -0.98989898989899 -1.0 0.0
0.2889109682992468 0.5002017126585361 0.5961901068447911 0.37539441067047585 1.0759355769276262 0.9911969970691744 -0.2490350726661145 0.15939351703262422 -0.98989898989899 -1.0 0.0
0.40350684370914874 1.686485196355824 0.1300258662163357 0.4373094425132997 0.7670769860190165 0.2586542558160945 -0.3401307485193537 0.21907996371859093 -0.98989898989899 -1.0 0.0
0.27541179547202077 0.31744354830995286 0.33519508370160445 0.3863800620195924 1.0784360865430915 0.972042967578327 -0.28634938737935806 0.17650037160506102 -0.98989898989899 -1.0 0.0
0.35437869724935583 0.37755084238929676 0.5869064198077925 0.39124894659424864 1.052688859371175 0.8552944942649843 -0.3523357022255679 0.23253644299334486 -0.98989898989899 -1.0 0.0
0.26875999827183494 0.28529161344003606 0.33519508370160445 0.3832535365382532 1.0784360865430915 0.28779630765038 -0.3111310935724242 0.18979206396108336 -0.9797979797979798 -1.0 0.0
0.3188826576729134 0.4979323114557328 0.19250730996652798 0.45010137335632505 1.0511176995797493 0.26647378324216087 -0.31543561009685694 0.19515539710095922 -0.98989898989899 -1.0 0.0
0.583044987400822 1.6751933269078383 0.6112489716339322 0.3921319712693858 1.077721336874714 0.35153640644876366 -0.25457825278361407 0.16910029192415185 -1.0 -1.0 0.0
0.8086960176905236 2.0 0.615379114283847 0.29080495215480706 1.93818484843033 0.4058639237789095 -0.3131004519663784 0.21389344588417827 -1.0 -1.0 0.0
0.8086960176905236 1.839621357821043 0.5433245823018582 0.2860118040343951 1.0879910694940687 0.41475223188450927 -0.3373273353177087 0.2483275556989316 -0.9997895622895623 -1.0 0.0
0.1929348900128863 0.39807246295152604 0.029815024157118356 0.44625987151670593 0.9425861658280076 0.983599534333955 -0.3300824736332447 0.2089839155128369 -0.98989898989899 -1.0 0.0
0.6970102605588891 1.3081787328284282 0.09856174350516379 0.41859058408851546 1.558875325567227 0.3195861601413457 -0.30346880683377536 0.1987657971919408 -1.0 -1.0 0.0
0.649103014477803 1.3294365635130554 0.11774316758278948 0.39845594380693017 1.4989793104848859 0.3303087203883487 -0.2737883205915894 0.179870570211045 -1.0 -1.0 0.0
0.8086960176905236 1.966300714749147 0.615379114283847 0.29080495215480706 1.1406897397657558 0.4058639237789095 -0.32300994930831545 0.22220783860758772 -1.0 -1.0 0.0
0.31825978636807806 0.4203526424320472 0.6416195767562882 -0.07312206879098015 1.0299857147251423 0.5282730673272799 -0.4058966210318326 0.7704319838240098 -0.9800084175084175 -0.9222916666666666 0.0
0.31825978636807806 0.4203526424320472 0.3969749496346304 0.3906155705284218 1.0311734997575157 0.9196155496454108 -0.30577613928677944 0.18817474093254635 -0.98989898989899 -1.0 0.0
0.7001036332352873 1.3662097934548096 0.04368156108524992 0.41601605102698247 1.5475263420119272 0.3071636129473223 -0.2284044811265665 0.15909214958550139 -1.0 -1.0 0.0
0.4865609316774349 0.9435701853628288 0.16011009620766067 0.3041632489043171 1.37957717543202 0.634264393559403 -0.20617680790645454 0.14897551458267616 -1.0 -1.0 0.0
